#
# There is insufficient memory for the Java Runtime Environment to continue.
# Native memory allocation (malloc) failed to allocate 1048576 bytes for AllocateHeap
# Possible reasons:
#   The system is out of physical RAM or swap space
#   The process is running with CompressedOops enabled, and the Java Heap may be blocking the growth of the native heap
# Possible solutions:
#   Reduce memory load on the system
#   Increase physical memory or swap space
#   Check if swap backing store is full
#   Decrease Java heap size (-Xmx/-Xms)
#   Decrease number of Java threads
#   Decrease Java thread stack sizes (-Xss)
#   Set larger code cache with -XX:ReservedCodeCacheSize=
#   JVM is running with Unscaled Compressed Oops mode in which the Java heap is
#     placed in the first 4GB address space. The Java Heap base address is the
#     maximum limit for the native heap growth. Please use -XX:HeapBaseMinAddress
#     to set the Java Heap base and to place the Java Heap above 4GB virtual address.
# This output file may be truncated or incomplete.
#
#  Out of Memory Error (allocation.cpp:44), pid=17796, tid=21104
#
# JRE version: OpenJDK Runtime Environment Temurin-17.0.7+7 (17.0.7+7) (build 17.0.7+7)
# Java VM: OpenJDK 64-Bit Server VM Temurin-17.0.7+7 (17.0.7+7, mixed mode, emulated-client, tiered, compressed oops, compressed class ptrs, g1 gc, windows-amd64)
# No core dump will be written. Minidumps are not enabled by default on client versions of Windows
#

---------------  S U M M A R Y ------------

Command Line: -XX:+HeapDumpOnOutOfMemoryError -Xmx1024m -Dsts.lsp.client=vscode -Dsts.log.file=/dev/null -XX:TieredStopAtLevel=1 -Xlog:jni+resolve=off -Dspring.config.location=file:c:\Users\ee\.vscode\extensions\vmware.vscode-spring-boot-1.48.0\language-server\BOOT-INF\classes\application.properties org.springframework.ide.vscode.boot.app.BootLanguageServerBootApp

Host: AMD Ryzen 7 2700X Eight-Core Processor         , 16 cores, 23G,  Windows 10 , 64 bit Build 19041 (10.0.19041.3155)
Time: Tue Aug 15 22:55:09 2023  Windows 10 , 64 bit Build 19041 (10.0.19041.3155) elapsed time: 4032.257208 seconds (0d 1h 7m 12s)

---------------  T H R E A D  ---------------

Current thread (0x000001c91480adc0):  VMThread "VM Thread" [stack: 0x000000467b200000,0x000000467b300000] [id=21104]

Stack: [0x000000467b200000,0x000000467b300000]
Native frames: (J=compiled Java code, j=interpreted, Vv=VM code, C=native code)
V  [jvm.dll+0x67754a]
V  [jvm.dll+0x834304]
V  [jvm.dll+0x835aae]
V  [jvm.dll+0x836113]
V  [jvm.dll+0x24696f]
V  [jvm.dll+0xa681f]
V  [jvm.dll+0x2f73f3]
V  [jvm.dll+0x2f30f0]
V  [jvm.dll+0x2db6c7]
V  [jvm.dll+0x31e777]
V  [jvm.dll+0x83a5bb]
V  [jvm.dll+0x83b2f4]
V  [jvm.dll+0x83b80c]
V  [jvm.dll+0x83bbe4]
V  [jvm.dll+0x83bcb0]
V  [jvm.dll+0x7e4e7a]
V  [jvm.dll+0x676395]
C  [ucrtbase.dll+0x21bb2]
C  [KERNEL32.DLL+0x17614]
C  [ntdll.dll+0x526b1]

VM_Operation (0x000000467d4fef40): G1CollectFull, mode: safepoint, requested by thread 0x000001c91a597400


---------------  P R O C E S S  ---------------

Threads class SMR info:
_java_thread_list=0x000001c919c3cc20, length=37, elements={
0x000001c9148c2250, 0x000001c91481de40, 0x000001c9148e4cd0, 0x000001c9148e8800,
0x000001c9148e91b0, 0x000001c9148e9b60, 0x000001c9148ea5c0, 0x000001c9149127b0,
0x000001c914b32080, 0x000001c914b3c9d0, 0x000001c91a566070, 0x000001c91a48e500,
0x000001c91a597400, 0x000001c91a5a6140, 0x000001c906dbe5e0, 0x000001c91a61e3a0,
0x000001c91a65f950, 0x000001c91a6733e0, 0x000001c91a671700, 0x000001c91a737f50,
0x000001c91a734a60, 0x000001c91b7fd0e0, 0x000001c92352f3e0, 0x000001c91a736740,
0x000001c91adada50, 0x000001c91adad580, 0x000001c91adad0b0, 0x000001c91a329070,
0x000001c91a327d30, 0x000001c91a328200, 0x000001c9236ec540, 0x000001c9236eca10,
0x000001c91b12ae00, 0x000001c91b12d480, 0x000001c91b12bc70, 0x000001c91b12c140,
0x000001c91adadf20
}

Java Threads: ( => current thread )
  0x000001c9148c2250 JavaThread "Reference Handler" daemon [_thread_blocked, id=19492, stack(0x000000467b300000,0x000000467b400000)]
  0x000001c91481de40 JavaThread "Finalizer" daemon [_thread_blocked, id=18160, stack(0x000000467b400000,0x000000467b500000)]
  0x000001c9148e4cd0 JavaThread "Signal Dispatcher" daemon [_thread_blocked, id=1576, stack(0x000000467b500000,0x000000467b600000)]
  0x000001c9148e8800 JavaThread "Attach Listener" daemon [_thread_blocked, id=17424, stack(0x000000467b600000,0x000000467b700000)]
  0x000001c9148e91b0 JavaThread "Service Thread" daemon [_thread_blocked, id=22052, stack(0x000000467b700000,0x000000467b800000)]
  0x000001c9148e9b60 JavaThread "Monitor Deflation Thread" daemon [_thread_blocked, id=15932, stack(0x000000467b800000,0x000000467b900000)]
  0x000001c9148ea5c0 JavaThread "C1 CompilerThread0" daemon [_thread_blocked, id=13420, stack(0x000000467b900000,0x000000467ba00000)]
  0x000001c9149127b0 JavaThread "Sweeper thread" daemon [_thread_blocked, id=5724, stack(0x000000467ba00000,0x000000467bb00000)]
  0x000001c914b32080 JavaThread "Notification Thread" daemon [_thread_blocked, id=20620, stack(0x000000467bc00000,0x000000467bd00000)]
  0x000001c914b3c9d0 JavaThread "Common-Cleaner" daemon [_thread_blocked, id=4512, stack(0x000000467be00000,0x000000467bf00000)]
  0x000001c91a566070 JavaThread "boundedElastic-evictor-1" daemon [_thread_blocked, id=9424, stack(0x000000467d200000,0x000000467d300000)]
  0x000001c91a48e500 JavaThread "boundedElastic-evictor-2" daemon [_thread_blocked, id=15980, stack(0x000000467d300000,0x000000467d400000)]
  0x000001c91a597400 JavaThread "pool-11-thread-1" [_thread_blocked, id=19368, stack(0x000000467d400000,0x000000467d500000)]
  0x000001c91a5a6140 JavaThread "LanguageServerApp-lifecycle" [_thread_blocked, id=2348, stack(0x000000467d500000,0x000000467d600000)]
  0x000001c906dbe5e0 JavaThread "DestroyJavaVM" [_thread_blocked, id=13336, stack(0x000000467ac00000,0x000000467ad00000)]
  0x000001c91a61e3a0 JavaThread "pool-12-thread-1" [_thread_in_native, id=22568, stack(0x000000467d600000,0x000000467d700000)]
  0x000001c91a65f950 JavaThread "Simple-Language-Server main thread" daemon [_thread_blocked, id=21184, stack(0x000000467d700000,0x000000467d800000)]
  0x000001c91a6733e0 JavaThread "pool-7-thread-1" [_thread_blocked, id=20612, stack(0x000000467da00000,0x000000467db00000)]
  0x000001c91a671700 JavaThread "parallel-1" daemon [_thread_blocked, id=18900, stack(0x000000467dc00000,0x000000467dd00000)]
  0x000001c91a737f50 JavaThread "pool-5-thread-1" [_thread_blocked, id=23452, stack(0x000000467f600000,0x000000467f700000)]
  0x000001c91a734a60 JavaThread "parallel-2" daemon [_thread_blocked, id=5392, stack(0x000000467f700000,0x000000467f800000)]
  0x000001c91b7fd0e0 JavaThread "parallel-3" daemon [_thread_blocked, id=18760, stack(0x0000004600500000,0x0000004600600000)]
  0x000001c92352f3e0 JavaThread "parallel-4" daemon [_thread_blocked, id=10684, stack(0x0000004600600000,0x0000004600700000)]
  0x000001c91a736740 JavaThread "Reconciler-1" daemon [_thread_blocked, id=15888, stack(0x0000004600800000,0x0000004600900000)]
  0x000001c91adada50 JavaThread "parallel-5" daemon [_thread_blocked, id=22408, stack(0x0000004600700000,0x0000004600800000)]
  0x000001c91adad580 JavaThread "parallel-6" daemon [_thread_blocked, id=8776, stack(0x0000004600b00000,0x0000004600c00000)]
  0x000001c91adad0b0 JavaThread "parallel-7" daemon [_thread_blocked, id=13440, stack(0x0000004600d00000,0x0000004600e00000)]
  0x000001c91a329070 JavaThread "parallel-8" daemon [_thread_blocked, id=22900, stack(0x0000004600f00000,0x0000004601000000)]
  0x000001c91a327d30 JavaThread "parallel-9" daemon [_thread_blocked, id=16808, stack(0x0000004601000000,0x0000004601100000)]
  0x000001c91a328200 JavaThread "parallel-10" daemon [_thread_blocked, id=16940, stack(0x0000004601100000,0x0000004601200000)]
  0x000001c9236ec540 JavaThread "parallel-11" daemon [_thread_blocked, id=16644, stack(0x0000004601200000,0x0000004601300000)]
  0x000001c9236eca10 JavaThread "parallel-12" daemon [_thread_blocked, id=7732, stack(0x0000004601300000,0x0000004601400000)]
  0x000001c91b12ae00 JavaThread "parallel-13" daemon [_thread_blocked, id=20128, stack(0x0000004601400000,0x0000004601500000)]
  0x000001c91b12d480 JavaThread "parallel-14" daemon [_thread_blocked, id=15012, stack(0x0000004601500000,0x0000004601600000)]
  0x000001c91b12bc70 JavaThread "parallel-15" daemon [_thread_blocked, id=6084, stack(0x0000004601600000,0x0000004601700000)]
  0x000001c91b12c140 JavaThread "parallel-16" daemon [_thread_blocked, id=1880, stack(0x0000004601700000,0x0000004601800000)]
  0x000001c91adadf20 JavaThread "pool-4-thread-16" [_thread_blocked, id=19148, stack(0x0000004600000000,0x0000004600100000)]

Other Threads:
=>0x000001c91480adc0 VMThread "VM Thread" [stack: 0x000000467b200000,0x000000467b300000] [id=21104]
  0x000001c914b32550 WatcherThread [stack: 0x000000467bd00000,0x000000467be00000] [id=20688]
  0x000001c906f77150 GCTaskThread "GC Thread#0" [stack: 0x000000467ad00000,0x000000467ae00000] [id=22844]
  0x000001c9199230e0 GCTaskThread "GC Thread#1" [stack: 0x000000467c100000,0x000000467c200000] [id=12876]
  0x000001c919923390 GCTaskThread "GC Thread#2" [stack: 0x000000467c200000,0x000000467c300000] [id=10284]
  0x000001c919923640 GCTaskThread "GC Thread#3" [stack: 0x000000467c300000,0x000000467c400000] [id=17272]
  0x000001c9199238f0 GCTaskThread "GC Thread#4" [stack: 0x000000467c400000,0x000000467c500000] [id=14752]
  0x000001c919923ba0 GCTaskThread "GC Thread#5" [stack: 0x000000467c500000,0x000000467c600000] [id=13744]
  0x000001c9197a2e60 GCTaskThread "GC Thread#6" [stack: 0x000000467c600000,0x000000467c700000] [id=7204]
  0x000001c9197a3110 GCTaskThread "GC Thread#7" [stack: 0x000000467c700000,0x000000467c800000] [id=18804]
  0x000001c9197a33c0 GCTaskThread "GC Thread#8" [stack: 0x000000467c800000,0x000000467c900000] [id=23460]
  0x000001c919ee1690 GCTaskThread "GC Thread#9" [stack: 0x000000467cd00000,0x000000467ce00000] [id=10336]
  0x000001c919ee1d50 GCTaskThread "GC Thread#10" [stack: 0x000000467ce00000,0x000000467cf00000] [id=9916]
  0x000001c919ee2820 GCTaskThread "GC Thread#11" [stack: 0x000000467cf00000,0x000000467d000000] [id=9028]
  0x000001c91a0c5ff0 GCTaskThread "GC Thread#12" [stack: 0x000000467c900000,0x000000467ca00000] [id=15028]
  0x000001c906f80090 ConcurrentGCThread "G1 Main Marker" [stack: 0x000000467ae00000,0x000000467af00000] [id=17588]
  0x000001c906f80aa0 ConcurrentGCThread "G1 Conc#0" [stack: 0x000000467af00000,0x000000467b000000] [id=16952]
  0x000001c919e91180 ConcurrentGCThread "G1 Conc#1" [stack: 0x000000467d000000,0x000000467d100000] [id=21944]
  0x000001c919ee2ad0 ConcurrentGCThread "G1 Conc#2" [stack: 0x000000467d100000,0x000000467d200000] [id=3256]
  0x000001c906fee340 ConcurrentGCThread "G1 Refine#0" [stack: 0x000000467b000000,0x000000467b100000] [id=10556]
  0x000001c91a7108a0 ConcurrentGCThread "G1 Refine#1" [stack: 0x000000467f500000,0x000000467f600000] [id=5812]
  0x000001c91b61d1c0 ConcurrentGCThread "G1 Refine#2" [stack: 0x000000467fa00000,0x000000467fb00000] [id=11136]
  0x000001c91b70c4a0 ConcurrentGCThread "G1 Refine#3" [stack: 0x000000467fb00000,0x000000467fc00000] [id=23496]
  0x000001c91b70cd40 ConcurrentGCThread "G1 Refine#4" [stack: 0x000000467fc00000,0x000000467fd00000] [id=22312]
  0x000001c91b70c1c0 ConcurrentGCThread "G1 Refine#5" [stack: 0x000000467fd00000,0x000000467fe00000] [id=2336]
  0x000001c91b70c780 ConcurrentGCThread "G1 Refine#6" [stack: 0x000000467fe00000,0x000000467ff00000] [id=15768]
  0x000001c9235fbc00 ConcurrentGCThread "G1 Refine#7" [stack: 0x0000004600200000,0x0000004600300000] [id=7348]
  0x000001c9235fa7e0 ConcurrentGCThread "G1 Refine#8" [stack: 0x0000004601d00000,0x0000004601e00000] [id=20552]
  0x000001c9235fada0 ConcurrentGCThread "G1 Refine#9" [stack: 0x0000004601e00000,0x0000004601f00000] [id=10308]
  0x000001c9235faac0 ConcurrentGCThread "G1 Refine#10" [stack: 0x0000004601f00000,0x0000004602000000] [id=22012]
  0x000001c914712260 ConcurrentGCThread "G1 Service" [stack: 0x000000467b100000,0x000000467b200000] [id=17580]

Threads with active compile tasks:

VM state: at safepoint (normal execution)

VM Mutex/Monitor currently owned by a thread:  ([mutex/lock_event])
[0x000001c906d06b60] Threads_lock - owner thread: 0x000001c91480adc0
[0x000001c906dbcd20] Heap_lock - owner thread: 0x000001c91a597400

Heap address: 0x00000000c0000000, size: 1024 MB, Compressed Oops mode: 32-bit

CDS archive(s) not mapped
Compressed class space mapped at: 0x0000000100000000-0x0000000140000000, reserved size: 1073741824
Narrow klass base: 0x0000000000000000, Narrow klass shift: 3, Narrow klass range: 0x140000000

GC Precious Log:
 CPUs: 16 total, 16 available
 Memory: 24527M
 Large Page Support: Disabled
 NUMA Support: Disabled
 Compressed Oops: Enabled (32-bit)
 Heap Region Size: 1M
 Heap Min Capacity: 8M
 Heap Initial Capacity: 384M
 Heap Max Capacity: 1G
 Pre-touch: Disabled
 Parallel Workers: 13
 Concurrent Workers: 3
 Concurrent Refinement Workers: 13
 Periodic GC: Disabled

Heap:
 garbage-first heap   total 270336K, used 80119K [0x00000000c0000000, 0x0000000100000000)
  region size 1024K, 1 young (1024K), 0 survivors (0K)
 Metaspace       used 76553K, committed 77120K, reserved 1179648K
  class space    used 10497K, committed 10752K, reserved 1048576K

Heap Regions: E=young(eden), S=young(survivor), O=old, HS=humongous(starts), HC=humongous(continues), CS=collection set, F=free, OA=open archive, CA=closed archive, TAMS=top-at-mark-start (previous, next)
|   0|0x00000000c0000000, 0x00000000c00fe760, 0x00000000c0100000| 99%| O|  |TAMS 0x00000000c00fe760, 0x00000000c0000000| Untracked 
|   1|0x00000000c0100000, 0x00000000c0200000, 0x00000000c0200000|100%| O|  |TAMS 0x00000000c0200000, 0x00000000c0100000| Untracked 
|   2|0x00000000c0200000, 0x00000000c02ff358, 0x00000000c0300000| 99%| O|  |TAMS 0x00000000c02ff358, 0x00000000c0200000| Untracked 
|   3|0x00000000c0300000, 0x00000000c0400000, 0x00000000c0400000|100%| O|  |TAMS 0x00000000c0400000, 0x00000000c0300000| Untracked 
|   4|0x00000000c0400000, 0x00000000c0500000, 0x00000000c0500000|100%| O|  |TAMS 0x00000000c0500000, 0x00000000c0400000| Untracked 
|   5|0x00000000c0500000, 0x00000000c05fffe8, 0x00000000c0600000| 99%| O|  |TAMS 0x00000000c05fffe8, 0x00000000c0500000| Untracked 
|   6|0x00000000c0600000, 0x00000000c0700000, 0x00000000c0700000|100%| O|  |TAMS 0x00000000c0700000, 0x00000000c0600000| Untracked 
|   7|0x00000000c0700000, 0x00000000c0800000, 0x00000000c0800000|100%| O|  |TAMS 0x00000000c0800000, 0x00000000c0700000| Untracked 
|   8|0x00000000c0800000, 0x00000000c0900000, 0x00000000c0900000|100%| O|  |TAMS 0x00000000c0900000, 0x00000000c0800000| Untracked 
|   9|0x00000000c0900000, 0x00000000c09fffb0, 0x00000000c0a00000| 99%| O|  |TAMS 0x00000000c09fffb0, 0x00000000c0900000| Untracked 
|  10|0x00000000c0a00000, 0x00000000c0afffa8, 0x00000000c0b00000| 99%| O|  |TAMS 0x00000000c0afffa8, 0x00000000c0a00000| Untracked 
|  11|0x00000000c0b00000, 0x00000000c0bffff8, 0x00000000c0c00000| 99%| O|  |TAMS 0x00000000c0bffff8, 0x00000000c0b00000| Untracked 
|  12|0x00000000c0c00000, 0x00000000c0cffff0, 0x00000000c0d00000| 99%| O|  |TAMS 0x00000000c0cffff0, 0x00000000c0c00000| Untracked 
|  13|0x00000000c0d00000, 0x00000000c0dfffd0, 0x00000000c0e00000| 99%| O|  |TAMS 0x00000000c0dfffd0, 0x00000000c0d00000| Untracked 
|  14|0x00000000c0e00000, 0x00000000c0efffe8, 0x00000000c0f00000| 99%| O|  |TAMS 0x00000000c0efffe8, 0x00000000c0e00000| Untracked 
|  15|0x00000000c0f00000, 0x00000000c1000000, 0x00000000c1000000|100%| O|  |TAMS 0x00000000c1000000, 0x00000000c0f00000| Untracked 
|  16|0x00000000c1000000, 0x00000000c10ffff0, 0x00000000c1100000| 99%| O|  |TAMS 0x00000000c10ffff0, 0x00000000c1000000| Untracked 
|  17|0x00000000c1100000, 0x00000000c11fff60, 0x00000000c1200000| 99%| O|  |TAMS 0x00000000c11fff60, 0x00000000c1100000| Untracked 
|  18|0x00000000c1200000, 0x00000000c12ffff0, 0x00000000c1300000| 99%| O|  |TAMS 0x00000000c12ffff0, 0x00000000c1200000| Untracked 
|  19|0x00000000c1300000, 0x00000000c13ffff0, 0x00000000c1400000| 99%| O|  |TAMS 0x00000000c13ffff0, 0x00000000c1300000| Untracked 
|  20|0x00000000c1400000, 0x00000000c14ffff8, 0x00000000c1500000| 99%| O|  |TAMS 0x00000000c14ffff8, 0x00000000c1400000| Untracked 
|  21|0x00000000c1500000, 0x00000000c15fffc8, 0x00000000c1600000| 99%| O|  |TAMS 0x00000000c15fffc8, 0x00000000c1500000| Untracked 
|  22|0x00000000c1600000, 0x00000000c16fffe0, 0x00000000c1700000| 99%| O|  |TAMS 0x00000000c16fffe0, 0x00000000c1600000| Untracked 
|  23|0x00000000c1700000, 0x00000000c17fffe0, 0x00000000c1800000| 99%| O|  |TAMS 0x00000000c17fffe0, 0x00000000c1700000| Untracked 
|  24|0x00000000c1800000, 0x00000000c18f9148, 0x00000000c1900000| 97%| O|  |TAMS 0x00000000c18f9148, 0x00000000c1800000| Untracked 
|  25|0x00000000c1900000, 0x00000000c19ffff0, 0x00000000c1a00000| 99%| O|  |TAMS 0x00000000c19ffff0, 0x00000000c1900000| Untracked 
|  26|0x00000000c1a00000, 0x00000000c1affff8, 0x00000000c1b00000| 99%| O|  |TAMS 0x00000000c1affff8, 0x00000000c1a00000| Untracked 
|  27|0x00000000c1b00000, 0x00000000c1bffff0, 0x00000000c1c00000| 99%| O|  |TAMS 0x00000000c1bffff0, 0x00000000c1b00000| Untracked 
|  28|0x00000000c1c00000, 0x00000000c1cfffe8, 0x00000000c1d00000| 99%| O|  |TAMS 0x00000000c1cfffe8, 0x00000000c1c00000| Untracked 
|  29|0x00000000c1d00000, 0x00000000c1dffff8, 0x00000000c1e00000| 99%| O|  |TAMS 0x00000000c1dffff8, 0x00000000c1d00000| Untracked 
|  30|0x00000000c1e00000, 0x00000000c1effff8, 0x00000000c1f00000| 99%| O|  |TAMS 0x00000000c1effff8, 0x00000000c1e00000| Untracked 
|  31|0x00000000c1f00000, 0x00000000c2000000, 0x00000000c2000000|100%| O|  |TAMS 0x00000000c2000000, 0x00000000c1f00000| Untracked 
|  32|0x00000000c2000000, 0x00000000c20ffff0, 0x00000000c2100000| 99%| O|  |TAMS 0x00000000c20ffff0, 0x00000000c2000000| Untracked 
|  33|0x00000000c2100000, 0x00000000c21fffe0, 0x00000000c2200000| 99%| O|  |TAMS 0x00000000c21fffe0, 0x00000000c2100000| Untracked 
|  34|0x00000000c2200000, 0x00000000c22ffff0, 0x00000000c2300000| 99%| O|  |TAMS 0x00000000c22ffff0, 0x00000000c2200000| Untracked 
|  35|0x00000000c2300000, 0x00000000c23fffd8, 0x00000000c2400000| 99%| O|  |TAMS 0x00000000c23fffd8, 0x00000000c2300000| Untracked 
|  36|0x00000000c2400000, 0x00000000c24ffff0, 0x00000000c2500000| 99%| O|  |TAMS 0x00000000c24ffff0, 0x00000000c2400000| Untracked 
|  37|0x00000000c2500000, 0x00000000c25fffe8, 0x00000000c2600000| 99%| O|  |TAMS 0x00000000c25fffe8, 0x00000000c2500000| Untracked 
|  38|0x00000000c2600000, 0x00000000c26ffff8, 0x00000000c2700000| 99%| O|  |TAMS 0x00000000c26ffff8, 0x00000000c2600000| Untracked 
|  39|0x00000000c2700000, 0x00000000c27ffff8, 0x00000000c2800000| 99%| O|  |TAMS 0x00000000c27ffff8, 0x00000000c2700000| Untracked 
|  40|0x00000000c2800000, 0x00000000c28fffe8, 0x00000000c2900000| 99%| O|  |TAMS 0x00000000c28fffe8, 0x00000000c2800000| Untracked 
|  41|0x00000000c2900000, 0x00000000c29f8d10, 0x00000000c2a00000| 97%| O|  |TAMS 0x00000000c29f8d10, 0x00000000c2900000| Untracked 
|  42|0x00000000c2a00000, 0x00000000c2affff0, 0x00000000c2b00000| 99%| O|  |TAMS 0x00000000c2affff0, 0x00000000c2a00000| Untracked 
|  43|0x00000000c2b00000, 0x00000000c2c00000, 0x00000000c2c00000|100%| O|  |TAMS 0x00000000c2c00000, 0x00000000c2b00000| Untracked 
|  44|0x00000000c2c00000, 0x00000000c2cfffb8, 0x00000000c2d00000| 99%| O|  |TAMS 0x00000000c2cfffb8, 0x00000000c2c00000| Untracked 
|  45|0x00000000c2d00000, 0x00000000c2dffff0, 0x00000000c2e00000| 99%| O|  |TAMS 0x00000000c2dffff0, 0x00000000c2d00000| Untracked 
|  46|0x00000000c2e00000, 0x00000000c2f00000, 0x00000000c2f00000|100%|HS|  |TAMS 0x00000000c2f00000, 0x00000000c2e00000| Untracked 
|  47|0x00000000c2f00000, 0x00000000c2fffff8, 0x00000000c3000000| 99%| O|  |TAMS 0x00000000c2fffff8, 0x00000000c2f00000| Untracked 
|  48|0x00000000c3000000, 0x00000000c3100000, 0x00000000c3100000|100%| O|  |TAMS 0x00000000c3100000, 0x00000000c3000000| Untracked 
|  49|0x00000000c3100000, 0x00000000c31fffe0, 0x00000000c3200000| 99%| O|  |TAMS 0x00000000c31fffe0, 0x00000000c3100000| Untracked 
|  50|0x00000000c3200000, 0x00000000c32ffff0, 0x00000000c3300000| 99%| O|  |TAMS 0x00000000c32ffff0, 0x00000000c3200000| Untracked 
|  51|0x00000000c3300000, 0x00000000c33fffe8, 0x00000000c3400000| 99%| O|  |TAMS 0x00000000c33fffe8, 0x00000000c3300000| Untracked 
|  52|0x00000000c3400000, 0x00000000c34ffff8, 0x00000000c3500000| 99%| O|  |TAMS 0x00000000c34ffff8, 0x00000000c3400000| Untracked 
|  53|0x00000000c3500000, 0x00000000c3600000, 0x00000000c3600000|100%|HS|  |TAMS 0x00000000c3600000, 0x00000000c3500000| Untracked 
|  54|0x00000000c3600000, 0x00000000c36ffff8, 0x00000000c3700000| 99%| O|  |TAMS 0x00000000c36ffff8, 0x00000000c3600000| Untracked 
|  55|0x00000000c3700000, 0x00000000c37fffe0, 0x00000000c3800000| 99%| O|  |TAMS 0x00000000c37fffe0, 0x00000000c3700000| Untracked 
|  56|0x00000000c3800000, 0x00000000c38fffd0, 0x00000000c3900000| 99%| O|  |TAMS 0x00000000c38fffd0, 0x00000000c3800000| Untracked 
|  57|0x00000000c3900000, 0x00000000c39ffff8, 0x00000000c3a00000| 99%| O|  |TAMS 0x00000000c39ffff8, 0x00000000c3900000| Untracked 
|  58|0x00000000c3a00000, 0x00000000c3afffc8, 0x00000000c3b00000| 99%| O|  |TAMS 0x00000000c3afffc8, 0x00000000c3a00000| Untracked 
|  59|0x00000000c3b00000, 0x00000000c3c00000, 0x00000000c3c00000|100%| O|  |TAMS 0x00000000c3c00000, 0x00000000c3b00000| Untracked 
|  60|0x00000000c3c00000, 0x00000000c3cfe448, 0x00000000c3d00000| 99%| O|  |TAMS 0x00000000c3cfe448, 0x00000000c3c00000| Untracked 
|  61|0x00000000c3d00000, 0x00000000c3dffff8, 0x00000000c3e00000| 99%| O|  |TAMS 0x00000000c3dffff8, 0x00000000c3d00000| Untracked 
|  62|0x00000000c3e00000, 0x00000000c3ea2710, 0x00000000c3f00000| 63%| O|  |TAMS 0x00000000c3e00000, 0x00000000c3e00000| Untracked 
|  63|0x00000000c3f00000, 0x00000000c3fcd4d8, 0x00000000c4000000| 80%| O|  |TAMS 0x00000000c3f00000, 0x00000000c3f00000| Untracked 
|  64|0x00000000c4000000, 0x00000000c40e1d80, 0x00000000c4100000| 88%| O|  |TAMS 0x00000000c4000000, 0x00000000c4000000| Untracked 
|  65|0x00000000c4100000, 0x00000000c41fffd0, 0x00000000c4200000| 99%| O|  |TAMS 0x00000000c41fffd0, 0x00000000c4100000| Untracked 
|  66|0x00000000c4200000, 0x00000000c4200040, 0x00000000c4300000|  0%| O|  |TAMS 0x00000000c4200000, 0x00000000c4200000| Untracked 
|  67|0x00000000c4300000, 0x00000000c43ffff8, 0x00000000c4400000| 99%| O|  |TAMS 0x00000000c43ffff8, 0x00000000c4300000| Untracked 
|  68|0x00000000c4400000, 0x00000000c4400000, 0x00000000c4500000|  0%| F|  |TAMS 0x00000000c4400000, 0x00000000c4400000| Untracked 
|  69|0x00000000c4500000, 0x00000000c4500000, 0x00000000c4600000|  0%| F|  |TAMS 0x00000000c4500000, 0x00000000c4500000| Untracked 
|  70|0x00000000c4600000, 0x00000000c4600000, 0x00000000c4700000|  0%| F|  |TAMS 0x00000000c4600000, 0x00000000c4600000| Untracked 
|  71|0x00000000c4700000, 0x00000000c4700000, 0x00000000c4800000|  0%| F|  |TAMS 0x00000000c4700000, 0x00000000c4700000| Untracked 
|  72|0x00000000c4800000, 0x00000000c4800000, 0x00000000c4900000|  0%| F|  |TAMS 0x00000000c4800000, 0x00000000c4800000| Untracked 
|  73|0x00000000c4900000, 0x00000000c49ffff8, 0x00000000c4a00000| 99%| O|  |TAMS 0x00000000c49ffff8, 0x00000000c4900000| Untracked 
|  74|0x00000000c4a00000, 0x00000000c4affff8, 0x00000000c4b00000| 99%| O|  |TAMS 0x00000000c4affff8, 0x00000000c4a00000| Untracked 
|  75|0x00000000c4b00000, 0x00000000c4bfffd8, 0x00000000c4c00000| 99%| O|  |TAMS 0x00000000c4bfffd8, 0x00000000c4b00000| Untracked 
|  76|0x00000000c4c00000, 0x00000000c4cfffe8, 0x00000000c4d00000| 99%| O|  |TAMS 0x00000000c4cfffe8, 0x00000000c4c00000| Untracked 
|  77|0x00000000c4d00000, 0x00000000c4d00000, 0x00000000c4e00000|  0%| F|  |TAMS 0x00000000c4d00000, 0x00000000c4d00000| Untracked 
|  78|0x00000000c4e00000, 0x00000000c4efffe8, 0x00000000c4f00000| 99%| O|  |TAMS 0x00000000c4efffe8, 0x00000000c4e00000| Untracked 
|  79|0x00000000c4f00000, 0x00000000c5000000, 0x00000000c5000000|100%| O|  |TAMS 0x00000000c5000000, 0x00000000c4f00000| Untracked 
|  80|0x00000000c5000000, 0x00000000c50fffd8, 0x00000000c5100000| 99%| O|  |TAMS 0x00000000c50fffd8, 0x00000000c5000000| Untracked 
|  81|0x00000000c5100000, 0x00000000c5100000, 0x00000000c5200000|  0%| F|  |TAMS 0x00000000c5100000, 0x00000000c5100000| Untracked 
|  82|0x00000000c5200000, 0x00000000c5200000, 0x00000000c5300000|  0%| F|  |TAMS 0x00000000c5200000, 0x00000000c5200000| Untracked 
|  83|0x00000000c5300000, 0x00000000c5400000, 0x00000000c5400000|100%|HS|  |TAMS 0x00000000c5400000, 0x00000000c5300000| Untracked 
|  84|0x00000000c5400000, 0x00000000c5500000, 0x00000000c5500000|100%|HC|  |TAMS 0x00000000c5500000, 0x00000000c5400000| Untracked 
|  85|0x00000000c5500000, 0x00000000c55fed10, 0x00000000c5600000| 99%| O|  |TAMS 0x00000000c55fed10, 0x00000000c5500000| Untracked 
|  86|0x00000000c5600000, 0x00000000c5600000, 0x00000000c5700000|  0%| F|  |TAMS 0x00000000c5600000, 0x00000000c5600000| Untracked 
|  87|0x00000000c5700000, 0x00000000c5700000, 0x00000000c5800000|  0%| F|  |TAMS 0x00000000c5700000, 0x00000000c5700000| Untracked 
|  88|0x00000000c5800000, 0x00000000c5800000, 0x00000000c5900000|  0%| F|  |TAMS 0x00000000c5800000, 0x00000000c5800000| Untracked 
|  89|0x00000000c5900000, 0x00000000c5900000, 0x00000000c5a00000|  0%| F|  |TAMS 0x00000000c5900000, 0x00000000c5900000| Untracked 
|  90|0x00000000c5a00000, 0x00000000c5a00000, 0x00000000c5b00000|  0%| F|  |TAMS 0x00000000c5a00000, 0x00000000c5a00000| Untracked 
|  91|0x00000000c5b00000, 0x00000000c5b00000, 0x00000000c5c00000|  0%| F|  |TAMS 0x00000000c5b00000, 0x00000000c5b00000| Untracked 
|  92|0x00000000c5c00000, 0x00000000c5c00000, 0x00000000c5d00000|  0%| F|  |TAMS 0x00000000c5c00000, 0x00000000c5c00000| Untracked 
|  93|0x00000000c5d00000, 0x00000000c5d00000, 0x00000000c5e00000|  0%| F|  |TAMS 0x00000000c5d00000, 0x00000000c5d00000| Untracked 
|  94|0x00000000c5e00000, 0x00000000c5e00000, 0x00000000c5f00000|  0%| F|  |TAMS 0x00000000c5e00000, 0x00000000c5e00000| Untracked 
|  95|0x00000000c5f00000, 0x00000000c5f00000, 0x00000000c6000000|  0%| F|  |TAMS 0x00000000c5f00000, 0x00000000c5f00000| Untracked 
|  96|0x00000000c6000000, 0x00000000c6000000, 0x00000000c6100000|  0%| F|  |TAMS 0x00000000c6000000, 0x00000000c6000000| Untracked 
|  97|0x00000000c6100000, 0x00000000c6100000, 0x00000000c6200000|  0%| F|  |TAMS 0x00000000c6100000, 0x00000000c6100000| Untracked 
|  98|0x00000000c6200000, 0x00000000c6200000, 0x00000000c6300000|  0%| F|  |TAMS 0x00000000c6200000, 0x00000000c6200000| Untracked 
|  99|0x00000000c6300000, 0x00000000c6300000, 0x00000000c6400000|  0%| F|  |TAMS 0x00000000c6300000, 0x00000000c6300000| Untracked 
| 100|0x00000000c6400000, 0x00000000c6400000, 0x00000000c6500000|  0%| F|  |TAMS 0x00000000c6400000, 0x00000000c6400000| Untracked 
| 101|0x00000000c6500000, 0x00000000c6500000, 0x00000000c6600000|  0%| F|  |TAMS 0x00000000c6500000, 0x00000000c6500000| Untracked 
| 102|0x00000000c6600000, 0x00000000c6600000, 0x00000000c6700000|  0%| F|  |TAMS 0x00000000c6600000, 0x00000000c6600000| Untracked 
| 103|0x00000000c6700000, 0x00000000c6700000, 0x00000000c6800000|  0%| F|  |TAMS 0x00000000c6700000, 0x00000000c6700000| Untracked 
| 104|0x00000000c6800000, 0x00000000c6800000, 0x00000000c6900000|  0%| F|  |TAMS 0x00000000c6800000, 0x00000000c6800000| Untracked 
| 105|0x00000000c6900000, 0x00000000c6900000, 0x00000000c6a00000|  0%| F|  |TAMS 0x00000000c6900000, 0x00000000c6900000| Untracked 
| 106|0x00000000c6a00000, 0x00000000c6a00000, 0x00000000c6b00000|  0%| F|  |TAMS 0x00000000c6a00000, 0x00000000c6a00000| Untracked 
| 107|0x00000000c6b00000, 0x00000000c6b00000, 0x00000000c6c00000|  0%| F|  |TAMS 0x00000000c6b00000, 0x00000000c6b00000| Untracked 
| 108|0x00000000c6c00000, 0x00000000c6c00000, 0x00000000c6d00000|  0%| F|  |TAMS 0x00000000c6c00000, 0x00000000c6c00000| Untracked 
| 109|0x00000000c6d00000, 0x00000000c6d00000, 0x00000000c6e00000|  0%| F|  |TAMS 0x00000000c6d00000, 0x00000000c6d00000| Untracked 
| 110|0x00000000c6e00000, 0x00000000c6e00000, 0x00000000c6f00000|  0%| F|  |TAMS 0x00000000c6e00000, 0x00000000c6e00000| Untracked 
| 111|0x00000000c6f00000, 0x00000000c6f00000, 0x00000000c7000000|  0%| F|  |TAMS 0x00000000c6f00000, 0x00000000c6f00000| Untracked 
| 112|0x00000000c7000000, 0x00000000c7000000, 0x00000000c7100000|  0%| F|  |TAMS 0x00000000c7000000, 0x00000000c7000000| Untracked 
| 113|0x00000000c7100000, 0x00000000c7100000, 0x00000000c7200000|  0%| F|  |TAMS 0x00000000c7100000, 0x00000000c7100000| Untracked 
| 114|0x00000000c7200000, 0x00000000c7200000, 0x00000000c7300000|  0%| F|  |TAMS 0x00000000c7200000, 0x00000000c7200000| Untracked 
| 115|0x00000000c7300000, 0x00000000c7300000, 0x00000000c7400000|  0%| F|  |TAMS 0x00000000c7300000, 0x00000000c7300000| Untracked 
| 116|0x00000000c7400000, 0x00000000c7400000, 0x00000000c7500000|  0%| F|  |TAMS 0x00000000c7400000, 0x00000000c7400000| Untracked 
| 117|0x00000000c7500000, 0x00000000c7500000, 0x00000000c7600000|  0%| F|  |TAMS 0x00000000c7500000, 0x00000000c7500000| Untracked 
| 118|0x00000000c7600000, 0x00000000c76ffff8, 0x00000000c7700000| 99%| O|  |TAMS 0x00000000c76ffff8, 0x00000000c7600000| Untracked 
| 119|0x00000000c7700000, 0x00000000c7700000, 0x00000000c7800000|  0%| F|  |TAMS 0x00000000c7700000, 0x00000000c7700000| Untracked 
| 120|0x00000000c7800000, 0x00000000c7800000, 0x00000000c7900000|  0%| F|  |TAMS 0x00000000c7800000, 0x00000000c7800000| Untracked 
| 121|0x00000000c7900000, 0x00000000c7900000, 0x00000000c7a00000|  0%| F|  |TAMS 0x00000000c7900000, 0x00000000c7900000| Untracked 
| 122|0x00000000c7a00000, 0x00000000c7a00000, 0x00000000c7b00000|  0%| F|  |TAMS 0x00000000c7a00000, 0x00000000c7a00000| Untracked 
| 123|0x00000000c7b00000, 0x00000000c7b00000, 0x00000000c7c00000|  0%| F|  |TAMS 0x00000000c7b00000, 0x00000000c7b00000| Untracked 
| 124|0x00000000c7c00000, 0x00000000c7c00000, 0x00000000c7d00000|  0%| F|  |TAMS 0x00000000c7c00000, 0x00000000c7c00000| Untracked 
| 125|0x00000000c7d00000, 0x00000000c7d00000, 0x00000000c7e00000|  0%| F|  |TAMS 0x00000000c7d00000, 0x00000000c7d00000| Untracked 
| 126|0x00000000c7e00000, 0x00000000c7e00000, 0x00000000c7f00000|  0%| F|  |TAMS 0x00000000c7e00000, 0x00000000c7e00000| Untracked 
| 127|0x00000000c7f00000, 0x00000000c7f00000, 0x00000000c8000000|  0%| F|  |TAMS 0x00000000c7f00000, 0x00000000c7f00000| Untracked 
| 128|0x00000000c8000000, 0x00000000c8000000, 0x00000000c8100000|  0%| F|  |TAMS 0x00000000c8000000, 0x00000000c8000000| Untracked 
| 129|0x00000000c8100000, 0x00000000c8100000, 0x00000000c8200000|  0%| F|  |TAMS 0x00000000c8100000, 0x00000000c8100000| Untracked 
| 130|0x00000000c8200000, 0x00000000c8200000, 0x00000000c8300000|  0%| F|  |TAMS 0x00000000c8200000, 0x00000000c8200000| Untracked 
| 131|0x00000000c8300000, 0x00000000c8300000, 0x00000000c8400000|  0%| F|  |TAMS 0x00000000c8300000, 0x00000000c8300000| Untracked 
| 132|0x00000000c8400000, 0x00000000c8400000, 0x00000000c8500000|  0%| F|  |TAMS 0x00000000c8400000, 0x00000000c8400000| Untracked 
| 133|0x00000000c8500000, 0x00000000c8500000, 0x00000000c8600000|  0%| F|  |TAMS 0x00000000c8500000, 0x00000000c8500000| Untracked 
| 134|0x00000000c8600000, 0x00000000c8600000, 0x00000000c8700000|  0%| F|  |TAMS 0x00000000c8600000, 0x00000000c8600000| Untracked 
| 135|0x00000000c8700000, 0x00000000c8700000, 0x00000000c8800000|  0%| F|  |TAMS 0x00000000c8700000, 0x00000000c8700000| Untracked 
| 136|0x00000000c8800000, 0x00000000c8800000, 0x00000000c8900000|  0%| F|  |TAMS 0x00000000c8800000, 0x00000000c8800000| Untracked 
| 137|0x00000000c8900000, 0x00000000c8900000, 0x00000000c8a00000|  0%| F|  |TAMS 0x00000000c8900000, 0x00000000c8900000| Untracked 
| 138|0x00000000c8a00000, 0x00000000c8a00000, 0x00000000c8b00000|  0%| F|  |TAMS 0x00000000c8a00000, 0x00000000c8a00000| Untracked 
| 139|0x00000000c8b00000, 0x00000000c8b00000, 0x00000000c8c00000|  0%| F|  |TAMS 0x00000000c8b00000, 0x00000000c8b00000| Untracked 
| 140|0x00000000c8c00000, 0x00000000c8c00000, 0x00000000c8d00000|  0%| F|  |TAMS 0x00000000c8c00000, 0x00000000c8c00000| Untracked 
| 141|0x00000000c8d00000, 0x00000000c8d00000, 0x00000000c8e00000|  0%| F|  |TAMS 0x00000000c8d00000, 0x00000000c8d00000| Untracked 
| 142|0x00000000c8e00000, 0x00000000c8e00000, 0x00000000c8f00000|  0%| F|  |TAMS 0x00000000c8e00000, 0x00000000c8e00000| Untracked 
| 143|0x00000000c8f00000, 0x00000000c8f00000, 0x00000000c9000000|  0%| F|  |TAMS 0x00000000c8f00000, 0x00000000c8f00000| Untracked 
| 144|0x00000000c9000000, 0x00000000c9000000, 0x00000000c9100000|  0%| F|  |TAMS 0x00000000c9000000, 0x00000000c9000000| Untracked 
| 145|0x00000000c9100000, 0x00000000c9100000, 0x00000000c9200000|  0%| F|  |TAMS 0x00000000c9100000, 0x00000000c9100000| Untracked 
| 146|0x00000000c9200000, 0x00000000c9200000, 0x00000000c9300000|  0%| F|  |TAMS 0x00000000c9200000, 0x00000000c9200000| Untracked 
| 147|0x00000000c9300000, 0x00000000c9300000, 0x00000000c9400000|  0%| F|  |TAMS 0x00000000c9300000, 0x00000000c9300000| Untracked 
| 148|0x00000000c9400000, 0x00000000c9400000, 0x00000000c9500000|  0%| F|  |TAMS 0x00000000c9400000, 0x00000000c9400000| Untracked 
| 149|0x00000000c9500000, 0x00000000c9500000, 0x00000000c9600000|  0%| F|  |TAMS 0x00000000c9500000, 0x00000000c9500000| Untracked 
| 150|0x00000000c9600000, 0x00000000c9600000, 0x00000000c9700000|  0%| F|  |TAMS 0x00000000c9600000, 0x00000000c9600000| Untracked 
| 151|0x00000000c9700000, 0x00000000c9700000, 0x00000000c9800000|  0%| F|  |TAMS 0x00000000c9700000, 0x00000000c9700000| Untracked 
| 152|0x00000000c9800000, 0x00000000c9800000, 0x00000000c9900000|  0%| F|  |TAMS 0x00000000c9800000, 0x00000000c9800000| Untracked 
| 153|0x00000000c9900000, 0x00000000c9900000, 0x00000000c9a00000|  0%| F|  |TAMS 0x00000000c9900000, 0x00000000c9900000| Untracked 
| 154|0x00000000c9a00000, 0x00000000c9a00000, 0x00000000c9b00000|  0%| F|  |TAMS 0x00000000c9a00000, 0x00000000c9a00000| Untracked 
| 155|0x00000000c9b00000, 0x00000000c9b00000, 0x00000000c9c00000|  0%| F|  |TAMS 0x00000000c9b00000, 0x00000000c9b00000| Untracked 
| 156|0x00000000c9c00000, 0x00000000c9c00000, 0x00000000c9d00000|  0%| F|  |TAMS 0x00000000c9c00000, 0x00000000c9c00000| Untracked 
| 157|0x00000000c9d00000, 0x00000000c9d00000, 0x00000000c9e00000|  0%| F|  |TAMS 0x00000000c9d00000, 0x00000000c9d00000| Untracked 
| 158|0x00000000c9e00000, 0x00000000c9e00000, 0x00000000c9f00000|  0%| F|  |TAMS 0x00000000c9e00000, 0x00000000c9e00000| Untracked 
| 159|0x00000000c9f00000, 0x00000000c9f00000, 0x00000000ca000000|  0%| F|  |TAMS 0x00000000c9f00000, 0x00000000c9f00000| Untracked 
| 160|0x00000000ca000000, 0x00000000ca000000, 0x00000000ca100000|  0%| F|  |TAMS 0x00000000ca000000, 0x00000000ca000000| Untracked 
| 161|0x00000000ca100000, 0x00000000ca100000, 0x00000000ca200000|  0%| F|  |TAMS 0x00000000ca100000, 0x00000000ca100000| Untracked 
| 162|0x00000000ca200000, 0x00000000ca200000, 0x00000000ca300000|  0%| F|  |TAMS 0x00000000ca200000, 0x00000000ca200000| Untracked 
| 163|0x00000000ca300000, 0x00000000ca300000, 0x00000000ca400000|  0%| F|  |TAMS 0x00000000ca300000, 0x00000000ca300000| Untracked 
| 164|0x00000000ca400000, 0x00000000ca400000, 0x00000000ca500000|  0%| F|  |TAMS 0x00000000ca400000, 0x00000000ca400000| Untracked 
| 165|0x00000000ca500000, 0x00000000ca500000, 0x00000000ca600000|  0%| F|  |TAMS 0x00000000ca500000, 0x00000000ca500000| Untracked 
| 166|0x00000000ca600000, 0x00000000ca600000, 0x00000000ca700000|  0%| F|  |TAMS 0x00000000ca600000, 0x00000000ca600000| Untracked 
| 167|0x00000000ca700000, 0x00000000ca700000, 0x00000000ca800000|  0%| F|  |TAMS 0x00000000ca700000, 0x00000000ca700000| Untracked 
| 168|0x00000000ca800000, 0x00000000ca800000, 0x00000000ca900000|  0%| F|  |TAMS 0x00000000ca800000, 0x00000000ca800000| Untracked 
| 169|0x00000000ca900000, 0x00000000ca900000, 0x00000000caa00000|  0%| F|  |TAMS 0x00000000ca900000, 0x00000000ca900000| Untracked 
| 170|0x00000000caa00000, 0x00000000caa00000, 0x00000000cab00000|  0%| F|  |TAMS 0x00000000caa00000, 0x00000000caa00000| Untracked 
| 171|0x00000000cab00000, 0x00000000cab00000, 0x00000000cac00000|  0%| F|  |TAMS 0x00000000cab00000, 0x00000000cab00000| Untracked 
| 172|0x00000000cac00000, 0x00000000cac00000, 0x00000000cad00000|  0%| F|  |TAMS 0x00000000cac00000, 0x00000000cac00000| Untracked 
| 173|0x00000000cad00000, 0x00000000cad00000, 0x00000000cae00000|  0%| F|  |TAMS 0x00000000cad00000, 0x00000000cad00000| Untracked 
| 174|0x00000000cae00000, 0x00000000cae00000, 0x00000000caf00000|  0%| F|  |TAMS 0x00000000cae00000, 0x00000000cae00000| Untracked 
| 175|0x00000000caf00000, 0x00000000caf00000, 0x00000000cb000000|  0%| F|  |TAMS 0x00000000caf00000, 0x00000000caf00000| Untracked 
| 176|0x00000000cb000000, 0x00000000cb000000, 0x00000000cb100000|  0%| F|  |TAMS 0x00000000cb000000, 0x00000000cb000000| Untracked 
| 177|0x00000000cb100000, 0x00000000cb100000, 0x00000000cb200000|  0%| F|  |TAMS 0x00000000cb100000, 0x00000000cb100000| Untracked 
| 178|0x00000000cb200000, 0x00000000cb200000, 0x00000000cb300000|  0%| F|  |TAMS 0x00000000cb200000, 0x00000000cb200000| Untracked 
| 179|0x00000000cb300000, 0x00000000cb300000, 0x00000000cb400000|  0%| F|  |TAMS 0x00000000cb300000, 0x00000000cb300000| Untracked 
| 180|0x00000000cb400000, 0x00000000cb400000, 0x00000000cb500000|  0%| F|  |TAMS 0x00000000cb400000, 0x00000000cb400000| Untracked 
| 181|0x00000000cb500000, 0x00000000cb500000, 0x00000000cb600000|  0%| F|  |TAMS 0x00000000cb500000, 0x00000000cb500000| Untracked 
| 182|0x00000000cb600000, 0x00000000cb600000, 0x00000000cb700000|  0%| F|  |TAMS 0x00000000cb600000, 0x00000000cb600000| Untracked 
| 183|0x00000000cb700000, 0x00000000cb700000, 0x00000000cb800000|  0%| F|  |TAMS 0x00000000cb700000, 0x00000000cb700000| Untracked 
| 184|0x00000000cb800000, 0x00000000cb800000, 0x00000000cb900000|  0%| F|  |TAMS 0x00000000cb800000, 0x00000000cb800000| Untracked 
| 185|0x00000000cb900000, 0x00000000cb900000, 0x00000000cba00000|  0%| F|  |TAMS 0x00000000cb900000, 0x00000000cb900000| Untracked 
| 186|0x00000000cba00000, 0x00000000cba00000, 0x00000000cbb00000|  0%| F|  |TAMS 0x00000000cba00000, 0x00000000cba00000| Untracked 
| 187|0x00000000cbb00000, 0x00000000cbb00000, 0x00000000cbc00000|  0%| F|  |TAMS 0x00000000cbb00000, 0x00000000cbb00000| Untracked 
| 188|0x00000000cbc00000, 0x00000000cbc00000, 0x00000000cbd00000|  0%| F|  |TAMS 0x00000000cbc00000, 0x00000000cbc00000| Untracked 
| 189|0x00000000cbd00000, 0x00000000cbd00000, 0x00000000cbe00000|  0%| F|  |TAMS 0x00000000cbd00000, 0x00000000cbd00000| Untracked 
| 190|0x00000000cbe00000, 0x00000000cbe00000, 0x00000000cbf00000|  0%| F|  |TAMS 0x00000000cbe00000, 0x00000000cbe00000| Untracked 
| 191|0x00000000cbf00000, 0x00000000cbf00000, 0x00000000cc000000|  0%| F|  |TAMS 0x00000000cbf00000, 0x00000000cbf00000| Untracked 
| 192|0x00000000cc000000, 0x00000000cc000000, 0x00000000cc100000|  0%| F|  |TAMS 0x00000000cc000000, 0x00000000cc000000| Untracked 
| 193|0x00000000cc100000, 0x00000000cc100000, 0x00000000cc200000|  0%| F|  |TAMS 0x00000000cc100000, 0x00000000cc100000| Untracked 
| 194|0x00000000cc200000, 0x00000000cc200000, 0x00000000cc300000|  0%| F|  |TAMS 0x00000000cc200000, 0x00000000cc200000| Untracked 
| 195|0x00000000cc300000, 0x00000000cc300000, 0x00000000cc400000|  0%| F|  |TAMS 0x00000000cc300000, 0x00000000cc300000| Untracked 
| 196|0x00000000cc400000, 0x00000000cc400000, 0x00000000cc500000|  0%| F|  |TAMS 0x00000000cc400000, 0x00000000cc400000| Untracked 
| 197|0x00000000cc500000, 0x00000000cc500000, 0x00000000cc600000|  0%| F|  |TAMS 0x00000000cc500000, 0x00000000cc500000| Untracked 
| 198|0x00000000cc600000, 0x00000000cc600000, 0x00000000cc700000|  0%| F|  |TAMS 0x00000000cc600000, 0x00000000cc600000| Untracked 
| 199|0x00000000cc700000, 0x00000000cc700000, 0x00000000cc800000|  0%| F|  |TAMS 0x00000000cc700000, 0x00000000cc700000| Untracked 
| 200|0x00000000cc800000, 0x00000000cc800000, 0x00000000cc900000|  0%| F|  |TAMS 0x00000000cc800000, 0x00000000cc800000| Untracked 
| 201|0x00000000cc900000, 0x00000000cc900000, 0x00000000cca00000|  0%| F|  |TAMS 0x00000000cc900000, 0x00000000cc900000| Untracked 
| 202|0x00000000cca00000, 0x00000000cca00000, 0x00000000ccb00000|  0%| F|  |TAMS 0x00000000cca00000, 0x00000000cca00000| Untracked 
| 203|0x00000000ccb00000, 0x00000000ccb00000, 0x00000000ccc00000|  0%| F|  |TAMS 0x00000000ccb00000, 0x00000000ccb00000| Untracked 
| 204|0x00000000ccc00000, 0x00000000ccc00000, 0x00000000ccd00000|  0%| F|  |TAMS 0x00000000ccc00000, 0x00000000ccc00000| Untracked 
| 205|0x00000000ccd00000, 0x00000000ccd00000, 0x00000000cce00000|  0%| F|  |TAMS 0x00000000ccd00000, 0x00000000ccd00000| Untracked 
| 206|0x00000000cce00000, 0x00000000cce00000, 0x00000000ccf00000|  0%| F|  |TAMS 0x00000000cce00000, 0x00000000cce00000| Untracked 
| 207|0x00000000ccf00000, 0x00000000ccf00000, 0x00000000cd000000|  0%| F|  |TAMS 0x00000000ccf00000, 0x00000000ccf00000| Untracked 
| 208|0x00000000cd000000, 0x00000000cd100000, 0x00000000cd100000|100%| O|  |TAMS 0x00000000cd100000, 0x00000000cd000000| Untracked 
| 209|0x00000000cd100000, 0x00000000cd100000, 0x00000000cd200000|  0%| F|  |TAMS 0x00000000cd100000, 0x00000000cd100000| Untracked 
| 210|0x00000000cd200000, 0x00000000cd200000, 0x00000000cd300000|  0%| F|  |TAMS 0x00000000cd200000, 0x00000000cd200000| Untracked 
| 211|0x00000000cd300000, 0x00000000cd300000, 0x00000000cd400000|  0%| F|  |TAMS 0x00000000cd300000, 0x00000000cd300000| Untracked 
| 212|0x00000000cd400000, 0x00000000cd400000, 0x00000000cd500000|  0%| F|  |TAMS 0x00000000cd400000, 0x00000000cd400000| Untracked 
| 213|0x00000000cd500000, 0x00000000cd500000, 0x00000000cd600000|  0%| F|  |TAMS 0x00000000cd500000, 0x00000000cd500000| Untracked 
| 214|0x00000000cd600000, 0x00000000cd600000, 0x00000000cd700000|  0%| F|  |TAMS 0x00000000cd600000, 0x00000000cd600000| Untracked 
| 215|0x00000000cd700000, 0x00000000cd700000, 0x00000000cd800000|  0%| F|  |TAMS 0x00000000cd700000, 0x00000000cd700000| Untracked 
| 216|0x00000000cd800000, 0x00000000cd800000, 0x00000000cd900000|  0%| F|  |TAMS 0x00000000cd800000, 0x00000000cd800000| Untracked 
| 217|0x00000000cd900000, 0x00000000cd900000, 0x00000000cda00000|  0%| F|  |TAMS 0x00000000cd900000, 0x00000000cd900000| Untracked 
| 218|0x00000000cda00000, 0x00000000cda00000, 0x00000000cdb00000|  0%| F|  |TAMS 0x00000000cda00000, 0x00000000cda00000| Untracked 
| 219|0x00000000cdb00000, 0x00000000cdb00000, 0x00000000cdc00000|  0%| F|  |TAMS 0x00000000cdb00000, 0x00000000cdb00000| Untracked 
| 220|0x00000000cdc00000, 0x00000000cdc00000, 0x00000000cdd00000|  0%| F|  |TAMS 0x00000000cdc00000, 0x00000000cdc00000| Untracked 
| 221|0x00000000cdd00000, 0x00000000cdd00000, 0x00000000cde00000|  0%| F|  |TAMS 0x00000000cdd00000, 0x00000000cdd00000| Untracked 
| 222|0x00000000cde00000, 0x00000000cde00000, 0x00000000cdf00000|  0%| F|  |TAMS 0x00000000cde00000, 0x00000000cde00000| Untracked 
| 223|0x00000000cdf00000, 0x00000000cdf00000, 0x00000000ce000000|  0%| F|  |TAMS 0x00000000cdf00000, 0x00000000cdf00000| Untracked 
| 224|0x00000000ce000000, 0x00000000ce000000, 0x00000000ce100000|  0%| F|  |TAMS 0x00000000ce000000, 0x00000000ce000000| Untracked 
| 225|0x00000000ce100000, 0x00000000ce100000, 0x00000000ce200000|  0%| F|  |TAMS 0x00000000ce100000, 0x00000000ce100000| Untracked 
| 226|0x00000000ce200000, 0x00000000ce200000, 0x00000000ce300000|  0%| F|  |TAMS 0x00000000ce200000, 0x00000000ce200000| Untracked 
| 227|0x00000000ce300000, 0x00000000ce300000, 0x00000000ce400000|  0%| F|  |TAMS 0x00000000ce300000, 0x00000000ce300000| Untracked 
| 228|0x00000000ce400000, 0x00000000ce400000, 0x00000000ce500000|  0%| F|  |TAMS 0x00000000ce400000, 0x00000000ce400000| Untracked 
| 229|0x00000000ce500000, 0x00000000ce500000, 0x00000000ce600000|  0%| F|  |TAMS 0x00000000ce500000, 0x00000000ce500000| Untracked 
| 230|0x00000000ce600000, 0x00000000ce600000, 0x00000000ce700000|  0%| F|  |TAMS 0x00000000ce600000, 0x00000000ce600000| Untracked 
| 231|0x00000000ce700000, 0x00000000ce700000, 0x00000000ce800000|  0%| F|  |TAMS 0x00000000ce700000, 0x00000000ce700000| Untracked 
| 232|0x00000000ce800000, 0x00000000ce800000, 0x00000000ce900000|  0%| F|  |TAMS 0x00000000ce800000, 0x00000000ce800000| Untracked 
| 233|0x00000000ce900000, 0x00000000ce900000, 0x00000000cea00000|  0%| F|  |TAMS 0x00000000ce900000, 0x00000000ce900000| Untracked 
| 234|0x00000000cea00000, 0x00000000cea00000, 0x00000000ceb00000|  0%| F|  |TAMS 0x00000000cea00000, 0x00000000cea00000| Untracked 
| 235|0x00000000ceb00000, 0x00000000ceb00000, 0x00000000cec00000|  0%| F|  |TAMS 0x00000000ceb00000, 0x00000000ceb00000| Untracked 
| 236|0x00000000cec00000, 0x00000000cec00000, 0x00000000ced00000|  0%| F|  |TAMS 0x00000000cec00000, 0x00000000cec00000| Untracked 
| 237|0x00000000ced00000, 0x00000000ced00000, 0x00000000cee00000|  0%| F|  |TAMS 0x00000000ced00000, 0x00000000ced00000| Untracked 
| 238|0x00000000cee00000, 0x00000000cee00000, 0x00000000cef00000|  0%| F|  |TAMS 0x00000000cee00000, 0x00000000cee00000| Untracked 
| 239|0x00000000cef00000, 0x00000000cef00000, 0x00000000cf000000|  0%| F|  |TAMS 0x00000000cef00000, 0x00000000cef00000| Untracked 
| 240|0x00000000cf000000, 0x00000000cf000000, 0x00000000cf100000|  0%| F|  |TAMS 0x00000000cf000000, 0x00000000cf000000| Untracked 
| 241|0x00000000cf100000, 0x00000000cf100000, 0x00000000cf200000|  0%| F|  |TAMS 0x00000000cf100000, 0x00000000cf100000| Untracked 
| 242|0x00000000cf200000, 0x00000000cf200000, 0x00000000cf300000|  0%| F|  |TAMS 0x00000000cf200000, 0x00000000cf200000| Untracked 
| 243|0x00000000cf300000, 0x00000000cf300000, 0x00000000cf400000|  0%| F|  |TAMS 0x00000000cf300000, 0x00000000cf300000| Untracked 
| 244|0x00000000cf400000, 0x00000000cf400000, 0x00000000cf500000|  0%| F|  |TAMS 0x00000000cf400000, 0x00000000cf400000| Untracked 
| 245|0x00000000cf500000, 0x00000000cf500000, 0x00000000cf600000|  0%| F|  |TAMS 0x00000000cf500000, 0x00000000cf500000| Untracked 
| 246|0x00000000cf600000, 0x00000000cf600000, 0x00000000cf700000|  0%| F|  |TAMS 0x00000000cf600000, 0x00000000cf600000| Untracked 
| 247|0x00000000cf700000, 0x00000000cf700000, 0x00000000cf800000|  0%| F|  |TAMS 0x00000000cf700000, 0x00000000cf700000| Untracked 
| 248|0x00000000cf800000, 0x00000000cf800000, 0x00000000cf900000|  0%| F|  |TAMS 0x00000000cf800000, 0x00000000cf800000| Untracked 
| 249|0x00000000cf900000, 0x00000000cf900000, 0x00000000cfa00000|  0%| F|  |TAMS 0x00000000cf900000, 0x00000000cf900000| Untracked 
| 250|0x00000000cfa00000, 0x00000000cfa00000, 0x00000000cfb00000|  0%| F|  |TAMS 0x00000000cfa00000, 0x00000000cfa00000| Untracked 
| 251|0x00000000cfb00000, 0x00000000cfb00000, 0x00000000cfc00000|  0%| F|  |TAMS 0x00000000cfb00000, 0x00000000cfb00000| Untracked 
| 252|0x00000000cfc00000, 0x00000000cfc00000, 0x00000000cfd00000|  0%| F|  |TAMS 0x00000000cfc00000, 0x00000000cfc00000| Untracked 
| 253|0x00000000cfd00000, 0x00000000cfd00000, 0x00000000cfe00000|  0%| F|  |TAMS 0x00000000cfd00000, 0x00000000cfd00000| Untracked 
| 254|0x00000000cfe00000, 0x00000000cfe00000, 0x00000000cff00000|  0%| F|  |TAMS 0x00000000cfe00000, 0x00000000cfe00000| Untracked 
| 255|0x00000000cff00000, 0x00000000cff00000, 0x00000000d0000000|  0%| F|  |TAMS 0x00000000cff00000, 0x00000000cff00000| Untracked 
| 256|0x00000000d0000000, 0x00000000d0000000, 0x00000000d0100000|  0%| F|  |TAMS 0x00000000d0000000, 0x00000000d0000000| Untracked 
| 257|0x00000000d0100000, 0x00000000d0100000, 0x00000000d0200000|  0%| F|  |TAMS 0x00000000d0100000, 0x00000000d0100000| Untracked 
| 258|0x00000000d0200000, 0x00000000d0200000, 0x00000000d0300000|  0%| F|  |TAMS 0x00000000d0200000, 0x00000000d0200000| Untracked 
| 259|0x00000000d0300000, 0x00000000d0300000, 0x00000000d0400000|  0%| F|  |TAMS 0x00000000d0300000, 0x00000000d0300000| Untracked 
| 260|0x00000000d0400000, 0x00000000d0400000, 0x00000000d0500000|  0%| F|  |TAMS 0x00000000d0400000, 0x00000000d0400000| Untracked 
| 261|0x00000000d0500000, 0x00000000d0500000, 0x00000000d0600000|  0%| F|  |TAMS 0x00000000d0500000, 0x00000000d0500000| Untracked 
| 262|0x00000000d0600000, 0x00000000d0600000, 0x00000000d0700000|  0%| F|  |TAMS 0x00000000d0600000, 0x00000000d0600000| Untracked 
| 263|0x00000000d0700000, 0x00000000d07060d0, 0x00000000d0800000|  2%| E|  |TAMS 0x00000000d0700000, 0x00000000d0700000| Complete 

Card table byte_map: [0x000001c90f3e0000,0x000001c90f5e0000] _byte_map_base: 0x000001c90ede0000

Marking Bits (Prev, Next): (CMBitMap*) 0x000001c906f777a0, (CMBitMap*) 0x000001c906f77760
 Prev Bits: [0x000001c9107e0000, 0x000001c9117e0000)
 Next Bits: [0x000001c90f7e0000, 0x000001c9107e0000)

Polling page: 0x000001c906ff0000

Metaspace:

Usage:
  Non-class:     64.51 MB used.
      Class:     10.25 MB used.
       Both:     74.76 MB used.

Virtual space:
  Non-class space:      128.00 MB reserved,      64.81 MB ( 51%) committed,  2 nodes.
      Class space:        1.00 GB reserved,      10.50 MB (  1%) committed,  1 nodes.
             Both:        1.12 GB reserved,      75.31 MB (  7%) committed. 

Chunk freelists:
   Non-Class:  15.08 MB
       Class:  5.58 MB
        Both:  20.65 MB

MaxMetaspaceSize: unlimited
CompressedClassSpaceSize: 1.00 GB
Initial GC threshold: 21.00 MB
Current GC threshold: 125.44 MB
CDS: off
MetaspaceReclaimPolicy: balanced
 - commit_granule_bytes: 65536.
 - commit_granule_words: 8192.
 - virtual_space_node_default_size: 8388608.
 - enlarge_chunks_in_place: 1.
 - new_chunks_are_fully_committed: 0.
 - uncommit_free_chunks: 1.
 - use_allocation_guard: 0.
 - handle_deallocations: 1.


Internal statistics:

num_allocs_failed_limit: 8.
num_arena_births: 932.
num_arena_deaths: 310.
num_vsnodes_births: 3.
num_vsnodes_deaths: 0.
num_space_committed: 1205.
num_space_uncommitted: 0.
num_chunks_returned_to_freelist: 391.
num_chunks_taken_from_freelist: 3566.
num_chunk_merges: 123.
num_chunk_splits: 2403.
num_chunks_enlarged: 1800.
num_inconsistent_stats: 0.

CodeCache: size=49152Kb used=28714Kb max_used=29987Kb free=20437Kb
 bounds [0x000001c90b3a0000, 0x000001c90d160000, 0x000001c90e3a0000]
 total_blobs=16018 nmethods=15313 adapters=626
 compilation: enabled
              stopped_count=0, restarted_count=0
 full_count=0

Compilation events (20 events):
Event: 3452.055 Thread 0x000001c9148ea5c0 15482       1       java.lang.invoke.LambdaForm$DMH/0x0000000100a63400::newInvokeSpecial (23 bytes)
Event: 3452.056 Thread 0x000001c9148ea5c0 nmethod 15482 0x000001c90ce5f510 code [0x000001c90ce5f6c0, 0x000001c90ce5f848]
Event: 3452.056 Thread 0x000001c9148ea5c0 15483       1       java.lang.ProcessImpl$$Lambda$1438/0x00000001006fd5f0::<init> (10 bytes)
Event: 3452.056 Thread 0x000001c9148ea5c0 nmethod 15483 0x000001c90ce5f210 code [0x000001c90ce5f3a0, 0x000001c90ce5f478]
Event: 3452.056 Thread 0x000001c9148ea5c0 15486       1       java.lang.ProcessImpl$2::<init> (20 bytes)
Event: 3452.056 Thread 0x000001c923747a50 15485       1       java.lang.ProcessHandleImpl::getInternal (13 bytes)
Event: 3452.056 Thread 0x000001c9148ea5c0 nmethod 15486 0x000001c90ce5ee90 code [0x000001c90ce5f020, 0x000001c90ce5f198]
Event: 3452.056 Thread 0x000001c9148ea5c0 15487       1       java.lang.ProcessImpl$2::run (5 bytes)
Event: 3452.056 Thread 0x000001c9148ea5c0 nmethod 15487 0x000001c90ce5eb90 code [0x000001c90ce5ed20, 0x000001c90ce5ee08]
Event: 3452.056 Thread 0x000001c9148ea5c0 15488       1       java.lang.ProcessImpl$2::run (242 bytes)
Event: 3452.056 Thread 0x000001c923747a50 nmethod 15485 0x000001c90ce5e810 code [0x000001c90ce5e9a0, 0x000001c90ce5eb08]
Event: 3452.056 Thread 0x000001c923747a50 15489       1       java.lang.ProcessImpl::waitFor (136 bytes)
Event: 3452.056 Thread 0x000001c9148ea5c0 nmethod 15488 0x000001c90ce5d190 code [0x000001c90ce5d440, 0x000001c90ce5e1d8]
Event: 3452.056 Thread 0x000001c923747a50 nmethod 15489 0x000001c90ce5c910 code [0x000001c90ce5cb20, 0x000001c90ce5cf38]
Event: 3452.220 Thread 0x000001c923747a50 15491   !   1       java.io.FilterOutputStream::close (183 bytes)
Event: 3452.266 Thread 0x000001c9148ea5c0 15493       1       java.lang.ProcessImpl$$Lambda$1438/0x00000001006fd5f0::run (8 bytes)
Event: 3452.267 Thread 0x000001c9148ea5c0 nmethod 15493 0x000001c90ce5be10 code [0x000001c90ce5bfa0, 0x000001c90ce5c088]
Event: 3452.267 Thread 0x000001c9148ea5c0 15494       1       java.lang.ProcessImpl::lambda$new$0 (6 bytes)
Event: 3452.267 Thread 0x000001c9148ea5c0 nmethod 15494 0x000001c90ce5bb10 code [0x000001c90ce5bca0, 0x000001c90ce5bd68]
Event: 3452.267 Thread 0x000001c923747a50 nmethod 15491 0x000001c90ce5b190 code [0x000001c90ce5b3a0, 0x000001c90ce5b878]

GC Heap History (20 events):
Event: 3900.092 GC heap before
{Heap before GC invocations=675 (full 292):
 garbage-first heap   total 270336K, used 80119K [0x00000000c0000000, 0x0000000100000000)
  region size 1024K, 1 young (1024K), 0 survivors (0K)
 Metaspace       used 76553K, committed 77120K, reserved 1179648K
  class space    used 10497K, committed 10752K, reserved 1048576K
}
Event: 3900.136 GC heap after
{Heap after GC invocations=676 (full 293):
 garbage-first heap   total 270336K, used 80119K [0x00000000c0000000, 0x0000000100000000)
  region size 1024K, 0 young (0K), 0 survivors (0K)
 Metaspace       used 76553K, committed 77120K, reserved 1179648K
  class space    used 10497K, committed 10752K, reserved 1048576K
}
Event: 3910.295 GC heap before
{Heap before GC invocations=676 (full 293):
 garbage-first heap   total 270336K, used 80119K [0x00000000c0000000, 0x0000000100000000)
  region size 1024K, 1 young (1024K), 0 survivors (0K)
 Metaspace       used 76553K, committed 77120K, reserved 1179648K
  class space    used 10497K, committed 10752K, reserved 1048576K
}
Event: 3910.338 GC heap after
{Heap after GC invocations=677 (full 294):
 garbage-first heap   total 270336K, used 80119K [0x00000000c0000000, 0x0000000100000000)
  region size 1024K, 0 young (0K), 0 survivors (0K)
 Metaspace       used 76553K, committed 77120K, reserved 1179648K
  class space    used 10497K, committed 10752K, reserved 1048576K
}
Event: 3920.509 GC heap before
{Heap before GC invocations=677 (full 294):
 garbage-first heap   total 270336K, used 80119K [0x00000000c0000000, 0x0000000100000000)
  region size 1024K, 1 young (1024K), 0 survivors (0K)
 Metaspace       used 76553K, committed 77120K, reserved 1179648K
  class space    used 10497K, committed 10752K, reserved 1048576K
}
Event: 3920.552 GC heap after
{Heap after GC invocations=678 (full 295):
 garbage-first heap   total 270336K, used 80119K [0x00000000c0000000, 0x0000000100000000)
  region size 1024K, 0 young (0K), 0 survivors (0K)
 Metaspace       used 76553K, committed 77120K, reserved 1179648K
  class space    used 10497K, committed 10752K, reserved 1048576K
}
Event: 3930.713 GC heap before
{Heap before GC invocations=678 (full 295):
 garbage-first heap   total 270336K, used 80119K [0x00000000c0000000, 0x0000000100000000)
  region size 1024K, 1 young (1024K), 0 survivors (0K)
 Metaspace       used 76553K, committed 77120K, reserved 1179648K
  class space    used 10497K, committed 10752K, reserved 1048576K
}
Event: 3930.758 GC heap after
{Heap after GC invocations=679 (full 296):
 garbage-first heap   total 270336K, used 80119K [0x00000000c0000000, 0x0000000100000000)
  region size 1024K, 0 young (0K), 0 survivors (0K)
 Metaspace       used 76553K, committed 77120K, reserved 1179648K
  class space    used 10497K, committed 10752K, reserved 1048576K
}
Event: 3940.947 GC heap before
{Heap before GC invocations=679 (full 296):
 garbage-first heap   total 270336K, used 80119K [0x00000000c0000000, 0x0000000100000000)
  region size 1024K, 1 young (1024K), 0 survivors (0K)
 Metaspace       used 76553K, committed 77120K, reserved 1179648K
  class space    used 10497K, committed 10752K, reserved 1048576K
}
Event: 3940.997 GC heap after
{Heap after GC invocations=680 (full 297):
 garbage-first heap   total 270336K, used 80119K [0x00000000c0000000, 0x0000000100000000)
  region size 1024K, 0 young (0K), 0 survivors (0K)
 Metaspace       used 76553K, committed 77120K, reserved 1179648K
  class space    used 10497K, committed 10752K, reserved 1048576K
}
Event: 3951.159 GC heap before
{Heap before GC invocations=680 (full 297):
 garbage-first heap   total 270336K, used 80119K [0x00000000c0000000, 0x0000000100000000)
  region size 1024K, 1 young (1024K), 0 survivors (0K)
 Metaspace       used 76553K, committed 77120K, reserved 1179648K
  class space    used 10497K, committed 10752K, reserved 1048576K
}
Event: 3951.202 GC heap after
{Heap after GC invocations=681 (full 298):
 garbage-first heap   total 270336K, used 80119K [0x00000000c0000000, 0x0000000100000000)
  region size 1024K, 0 young (0K), 0 survivors (0K)
 Metaspace       used 76553K, committed 77120K, reserved 1179648K
  class space    used 10497K, committed 10752K, reserved 1048576K
}
Event: 3961.363 GC heap before
{Heap before GC invocations=681 (full 298):
 garbage-first heap   total 270336K, used 80119K [0x00000000c0000000, 0x0000000100000000)
  region size 1024K, 1 young (1024K), 0 survivors (0K)
 Metaspace       used 76553K, committed 77120K, reserved 1179648K
  class space    used 10497K, committed 10752K, reserved 1048576K
}
Event: 3961.410 GC heap after
{Heap after GC invocations=682 (full 299):
 garbage-first heap   total 270336K, used 80119K [0x00000000c0000000, 0x0000000100000000)
  region size 1024K, 0 young (0K), 0 survivors (0K)
 Metaspace       used 76553K, committed 77120K, reserved 1179648K
  class space    used 10497K, committed 10752K, reserved 1048576K
}
Event: 3971.587 GC heap before
{Heap before GC invocations=682 (full 299):
 garbage-first heap   total 270336K, used 80119K [0x00000000c0000000, 0x0000000100000000)
  region size 1024K, 1 young (1024K), 0 survivors (0K)
 Metaspace       used 76553K, committed 77120K, reserved 1179648K
  class space    used 10497K, committed 10752K, reserved 1048576K
}
Event: 3971.632 GC heap after
{Heap after GC invocations=683 (full 300):
 garbage-first heap   total 270336K, used 80119K [0x00000000c0000000, 0x0000000100000000)
  region size 1024K, 0 young (0K), 0 survivors (0K)
 Metaspace       used 76553K, committed 77120K, reserved 1179648K
  class space    used 10497K, committed 10752K, reserved 1048576K
}
Event: 3981.797 GC heap before
{Heap before GC invocations=683 (full 300):
 garbage-first heap   total 270336K, used 80119K [0x00000000c0000000, 0x0000000100000000)
  region size 1024K, 1 young (1024K), 0 survivors (0K)
 Metaspace       used 76553K, committed 77120K, reserved 1179648K
  class space    used 10497K, committed 10752K, reserved 1048576K
}
Event: 3981.842 GC heap after
{Heap after GC invocations=684 (full 301):
 garbage-first heap   total 270336K, used 80119K [0x00000000c0000000, 0x0000000100000000)
  region size 1024K, 0 young (0K), 0 survivors (0K)
 Metaspace       used 76553K, committed 77120K, reserved 1179648K
  class space    used 10497K, committed 10752K, reserved 1048576K
}
Event: 4022.015 GC heap before
{Heap before GC invocations=684 (full 301):
 garbage-first heap   total 270336K, used 80119K [0x00000000c0000000, 0x0000000100000000)
  region size 1024K, 1 young (1024K), 0 survivors (0K)
 Metaspace       used 76553K, committed 77120K, reserved 1179648K
  class space    used 10497K, committed 10752K, reserved 1048576K
}
Event: 4022.072 GC heap after
{Heap after GC invocations=685 (full 302):
 garbage-first heap   total 270336K, used 80119K [0x00000000c0000000, 0x0000000100000000)
  region size 1024K, 0 young (0K), 0 survivors (0K)
 Metaspace       used 76553K, committed 77120K, reserved 1179648K
  class space    used 10497K, committed 10752K, reserved 1048576K
}

Dll operation events (10 events):
Event: 0.028 Loaded shared library c:\Users\ee\.vscode\extensions\redhat.java-1.21.0-win32-x64\jre\17.0.7-win32-x86_64\bin\java.dll
Event: 0.414 Loaded shared library C:\Users\ee\.vscode\extensions\redhat.java-1.21.0-win32-x64\jre\17.0.7-win32-x86_64\bin\net.dll
Event: 0.417 Loaded shared library C:\Users\ee\.vscode\extensions\redhat.java-1.21.0-win32-x64\jre\17.0.7-win32-x86_64\bin\nio.dll
Event: 0.427 Loaded shared library C:\Users\ee\.vscode\extensions\redhat.java-1.21.0-win32-x64\jre\17.0.7-win32-x86_64\bin\zip.dll
Event: 0.730 Loaded shared library C:\Users\ee\.vscode\extensions\redhat.java-1.21.0-win32-x64\jre\17.0.7-win32-x86_64\bin\jimage.dll
Event: 4.455 Loaded shared library C:\Users\ee\.vscode\extensions\redhat.java-1.21.0-win32-x64\jre\17.0.7-win32-x86_64\bin\management.dll
Event: 4.457 Loaded shared library C:\Users\ee\.vscode\extensions\redhat.java-1.21.0-win32-x64\jre\17.0.7-win32-x86_64\bin\management_ext.dll
Event: 5.774 Loaded shared library C:\Users\ee\.vscode\extensions\redhat.java-1.21.0-win32-x64\jre\17.0.7-win32-x86_64\bin\sunmscapi.dll
Event: 12.289 Loaded shared library c:\Users\ee\.vscode\extensions\redhat.java-1.21.0-win32-x64\jre\17.0.7-win32-x86_64\bin\verify.dll
Event: 15.837 Loaded shared library C:\Users\ee\AppData\Local\Temp\snappy-1.1.10-71a93cb3-2b8b-48ef-8b8f-caffee069e16-snappyjava.dll

Deoptimization events (20 events):
Event: 42.189 Thread 0x000001c91adae3f0 DEOPT PACKING pc=0x000001c90c6ca9cf sp=0x0000004600afd830
Event: 42.189 Thread 0x000001c91adae3f0 DEOPT UNPACKING pc=0x000001c90b3f7143 sp=0x0000004600afcd20 mode 3
Event: 105.314 Thread 0x000001c91a61e3a0 DEOPT PACKING pc=0x000001c90bbcd054 sp=0x000000467d6ff050
Event: 105.314 Thread 0x000001c91a61e3a0 DEOPT UNPACKING pc=0x000001c90b3f7143 sp=0x000000467d6fe4d8 mode 0
Event: 106.936 Thread 0x000001c91a737f50 DEOPT PACKING pc=0x000001c90c72cc36 sp=0x000000467f6fd1a0
Event: 106.936 Thread 0x000001c91a737f50 DEOPT UNPACKING pc=0x000001c90b3f7143 sp=0x000000467f6fc698 mode 3
Event: 324.625 Thread 0x000001c91b7fcc10 DEOPT PACKING pc=0x000001c90c8e84a0 sp=0x00000046001fc7f0
Event: 324.625 Thread 0x000001c91b7fcc10 DEOPT UNPACKING pc=0x000001c90b3f7143 sp=0x00000046001fbc70 mode 3
Event: 340.162 Thread 0x000001c91adadf20 DEOPT PACKING pc=0x000001c90b6aa3ac sp=0x0000004600cfe590
Event: 340.162 Thread 0x000001c91adadf20 DEOPT UNPACKING pc=0x000001c90b3f7143 sp=0x0000004600cfdb10 mode 0
Event: 375.344 Thread 0x000001c91b7fc740 DEOPT PACKING pc=0x000001c90b57a86c sp=0x00000046003fe250
Event: 375.344 Thread 0x000001c91b7fc740 DEOPT UNPACKING pc=0x000001c90b3f7143 sp=0x00000046003fd7b8 mode 0
Event: 700.000 Thread 0x000001c91b7fcc10 DEOPT PACKING pc=0x000001c90cbf39cb sp=0x00000046001fe010
Event: 700.000 Thread 0x000001c91b7fcc10 DEOPT UNPACKING pc=0x000001c90b3f7143 sp=0x00000046001fd5a8 mode 3
Event: 708.871 Thread 0x000001c91b11ca90 DEOPT PACKING pc=0x000001c90cdf2895 sp=0x00000046033fe0c0
Event: 708.871 Thread 0x000001c91b11ca90 DEOPT UNPACKING pc=0x000001c90b3f7143 sp=0x00000046033fd5d0 mode 3
Event: 732.558 Thread 0x000001c91b7fcc10 DEOPT PACKING pc=0x000001c90c92be24 sp=0x00000046001fe330
Event: 732.558 Thread 0x000001c91b7fcc10 DEOPT UNPACKING pc=0x000001c90b3f7143 sp=0x00000046001fd878 mode 0
Event: 788.240 Thread 0x000001c91b7fc740 DEOPT PACKING pc=0x000001c90cd609e1 sp=0x00000046003fe290
Event: 788.240 Thread 0x000001c91b7fc740 DEOPT UNPACKING pc=0x000001c90b3f7143 sp=0x00000046003fd870 mode 3

Classes unloaded (20 events):
Event: 840.324 Thread 0x000001c91480adc0 Unloading class 0x0000000100399400 'java/lang/invoke/LambdaForm$MH+0x0000000100399400'
Event: 840.324 Thread 0x000001c91480adc0 Unloading class 0x000000010039dc00 'java/lang/invoke/LambdaForm$MH+0x000000010039dc00'
Event: 840.324 Thread 0x000001c91480adc0 Unloading class 0x000000010039ec00 'java/lang/invoke/LambdaForm$MH+0x000000010039ec00'
Event: 840.324 Thread 0x000001c91480adc0 Unloading class 0x00000001003a6400 'java/lang/invoke/LambdaForm$MH+0x00000001003a6400'
Event: 840.324 Thread 0x000001c91480adc0 Unloading class 0x00000001003a8c00 'java/lang/invoke/LambdaForm$MH+0x00000001003a8c00'
Event: 840.324 Thread 0x000001c91480adc0 Unloading class 0x0000000100544000 'java/lang/invoke/LambdaForm$MH+0x0000000100544000'
Event: 840.324 Thread 0x000001c91480adc0 Unloading class 0x0000000100a70400 'java/lang/invoke/LambdaForm$MH+0x0000000100a70400'
Event: 1050.650 Thread 0x000001c91480adc0 Unloading class 0x00000001008e8c00 'jdk/internal/reflect/GeneratedMethodAccessor69'
Event: 1050.650 Thread 0x000001c91480adc0 Unloading class 0x00000001008e8800 'jdk/internal/reflect/GeneratedConstructorAccessor84'
Event: 1081.331 Thread 0x000001c91480adc0 Unloading class 0x000000010054dc00 'jdk/internal/reflect/GeneratedConstructorAccessor88'
Event: 1081.331 Thread 0x000001c91480adc0 Unloading class 0x000000010054d800 'jdk/internal/reflect/GeneratedConstructorAccessor87'
Event: 1081.331 Thread 0x000001c91480adc0 Unloading class 0x0000000100a61c00 'jdk/internal/reflect/GeneratedConstructorAccessor83'
Event: 1081.331 Thread 0x000001c91480adc0 Unloading class 0x0000000100092000 'jdk/internal/reflect/GeneratedMethodAccessor63'
Event: 1081.331 Thread 0x000001c91480adc0 Unloading class 0x00000001003b8400 'jdk/internal/reflect/GeneratedMethodAccessor54'
Event: 1081.331 Thread 0x000001c91480adc0 Unloading class 0x00000001003b8c00 'jdk/internal/reflect/GeneratedConstructorAccessor74'
Event: 1081.331 Thread 0x000001c91480adc0 Unloading class 0x0000000100428400 'jdk/internal/reflect/GeneratedMethodAccessor53'
Event: 1081.331 Thread 0x000001c91480adc0 Unloading class 0x000000010042a000 'jdk/internal/reflect/GeneratedConstructorAccessor73'
Event: 1081.331 Thread 0x000001c91480adc0 Unloading class 0x00000001004f8400 'jdk/internal/reflect/GeneratedMethodAccessor52'
Event: 1081.331 Thread 0x000001c91480adc0 Unloading class 0x000000010051c000 'jdk/internal/reflect/GeneratedMethodAccessor51'
Event: 1081.331 Thread 0x000001c91480adc0 Unloading class 0x000000010053c000 'jdk/internal/reflect/GeneratedMethodAccessor50'

Classes redefined (0 events):
No events

Internal exceptions (20 events):
Event: 872.211 Thread 0x000001c91a736740 Exception <a 'sun/nio/fs/WindowsException'{0x00000000e267a2e8}> (0x00000000e267a2e8) 
thrown [s\src\hotspot\share\prims\jni.cpp, line 516]
Event: 872.211 Thread 0x000001c91a736740 Exception <a 'sun/nio/fs/WindowsException'{0x00000000e267a958}> (0x00000000e267a958) 
thrown [s\src\hotspot\share\prims\jni.cpp, line 516]
Event: 872.211 Thread 0x000001c91a736740 Exception <a 'sun/nio/fs/WindowsException'{0x00000000e267aca0}> (0x00000000e267aca0) 
thrown [s\src\hotspot\share\prims\jni.cpp, line 516]
Event: 872.211 Thread 0x000001c91a736740 Exception <a 'sun/nio/fs/WindowsException'{0x00000000e267bc60}> (0x00000000e267bc60) 
thrown [s\src\hotspot\share\prims\jni.cpp, line 516]
Event: 872.211 Thread 0x000001c91a736740 Exception <a 'sun/nio/fs/WindowsException'{0x00000000e267bfe8}> (0x00000000e267bfe8) 
thrown [s\src\hotspot\share\prims\jni.cpp, line 516]
Event: 872.211 Thread 0x000001c91a736740 Exception <a 'sun/nio/fs/WindowsException'{0x00000000e267ccf0}> (0x00000000e267ccf0) 
thrown [s\src\hotspot\share\prims\jni.cpp, line 516]
Event: 872.211 Thread 0x000001c91a736740 Exception <a 'sun/nio/fs/WindowsException'{0x00000000e267d360}> (0x00000000e267d360) 
thrown [s\src\hotspot\share\prims\jni.cpp, line 516]
Event: 872.211 Thread 0x000001c91a736740 Exception <a 'sun/nio/fs/WindowsException'{0x00000000e267d6a8}> (0x00000000e267d6a8) 
thrown [s\src\hotspot\share\prims\jni.cpp, line 516]
Event: 872.211 Thread 0x000001c91a736740 Exception <a 'sun/nio/fs/WindowsException'{0x00000000e267e668}> (0x00000000e267e668) 
thrown [s\src\hotspot\share\prims\jni.cpp, line 516]
Event: 872.211 Thread 0x000001c91a736740 Exception <a 'sun/nio/fs/WindowsException'{0x00000000e267e9f0}> (0x00000000e267e9f0) 
thrown [s\src\hotspot\share\prims\jni.cpp, line 516]
Event: 872.273 Thread 0x000001c91a736740 Exception <a 'sun/nio/fs/WindowsException'{0x00000000e182b040}> (0x00000000e182b040) 
thrown [s\src\hotspot\share\prims\jni.cpp, line 516]
Event: 872.273 Thread 0x000001c91a736740 Exception <a 'sun/nio/fs/WindowsException'{0x00000000e182b728}> (0x00000000e182b728) 
thrown [s\src\hotspot\share\prims\jni.cpp, line 516]
Event: 872.273 Thread 0x000001c91a736740 Exception <a 'sun/nio/fs/WindowsException'{0x00000000e182ba50}> (0x00000000e182ba50) 
thrown [s\src\hotspot\share\prims\jni.cpp, line 516]
Event: 872.273 Thread 0x000001c91a736740 Exception <a 'sun/nio/fs/WindowsException'{0x00000000e182c9d8}> (0x00000000e182c9d8) 
thrown [s\src\hotspot\share\prims\jni.cpp, line 516]
Event: 872.273 Thread 0x000001c91a736740 Exception <a 'sun/nio/fs/WindowsException'{0x00000000e182cd38}> (0x00000000e182cd38) 
thrown [s\src\hotspot\share\prims\jni.cpp, line 516]
Event: 872.274 Thread 0x000001c91a736740 Exception <a 'sun/nio/fs/WindowsException'{0x00000000e182da40}> (0x00000000e182da40) 
thrown [s\src\hotspot\share\prims\jni.cpp, line 516]
Event: 872.274 Thread 0x000001c91a736740 Exception <a 'sun/nio/fs/WindowsException'{0x00000000e182e0b0}> (0x00000000e182e0b0) 
thrown [s\src\hotspot\share\prims\jni.cpp, line 516]
Event: 872.274 Thread 0x000001c91a736740 Exception <a 'sun/nio/fs/WindowsException'{0x00000000e182e3f8}> (0x00000000e182e3f8) 
thrown [s\src\hotspot\share\prims\jni.cpp, line 516]
Event: 872.274 Thread 0x000001c91a736740 Exception <a 'sun/nio/fs/WindowsException'{0x00000000e182f3b8}> (0x00000000e182f3b8) 
thrown [s\src\hotspot\share\prims\jni.cpp, line 516]
Event: 872.274 Thread 0x000001c91a736740 Exception <a 'sun/nio/fs/WindowsException'{0x00000000e182f740}> (0x00000000e182f740) 
thrown [s\src\hotspot\share\prims\jni.cpp, line 516]

VM Operations (20 events):
Event: 3900.137 Executing VM operation: G1CollectFull done
Event: 3910.295 Executing VM operation: G1CollectFull
Event: 3910.338 Executing VM operation: G1CollectFull done
Event: 3920.509 Executing VM operation: G1CollectFull
Event: 3920.552 Executing VM operation: G1CollectFull done
Event: 3930.713 Executing VM operation: G1CollectFull
Event: 3930.758 Executing VM operation: G1CollectFull done
Event: 3940.947 Executing VM operation: G1CollectFull
Event: 3940.997 Executing VM operation: G1CollectFull done
Event: 3951.159 Executing VM operation: G1CollectFull
Event: 3951.202 Executing VM operation: G1CollectFull done
Event: 3961.363 Executing VM operation: G1CollectFull
Event: 3961.411 Executing VM operation: G1CollectFull done
Event: 3971.587 Executing VM operation: G1CollectFull
Event: 3971.633 Executing VM operation: G1CollectFull done
Event: 3981.796 Executing VM operation: G1CollectFull
Event: 3981.843 Executing VM operation: G1CollectFull done
Event: 4022.015 Executing VM operation: G1CollectFull
Event: 4022.072 Executing VM operation: G1CollectFull done
Event: 4032.254 Executing VM operation: G1CollectFull

Events (20 events):
Event: 871.750 Thread 0x000001c923531590 Thread exited: 0x000001c923531590
Event: 871.751 Thread 0x000001c923530bf0 Thread exited: 0x000001c923530bf0
Event: 871.751 Thread 0x000001c92352f8b0 Thread exited: 0x000001c92352f8b0
Event: 872.185 Thread 0x000001c91adc3a10 Thread added: 0x000001c91adc3a10
Event: 877.289 Thread 0x000001c91adc3a10 Thread exited: 0x000001c91adc3a10
Event: 884.420 Thread 0x000001c9197e9320 Thread exited: 0x000001c9197e9320
Event: 898.320 Thread 0x000001c923e73cc0 Thread exited: 0x000001c923e73cc0
Event: 900.404 Thread 0x000001c91b12a930 Thread exited: 0x000001c91b12a930
Event: 940.955 Thread 0x000001c91b7fcc10 Thread exited: 0x000001c91b7fcc10
Event: 941.375 Thread 0x000001c91b11ca90 Thread exited: 0x000001c91b11ca90
Event: 1000.961 Thread 0x000001c91a735da0 Thread exited: 0x000001c91a735da0
Event: 1060.966 Thread 0x000001c91b7fc740 Thread exited: 0x000001c91b7fc740
Event: 1120.981 Thread 0x000001c923e74b30 Thread exited: 0x000001c923e74b30
Event: 1147.420 Thread 0x000001c923e73cc0 Thread added: 0x000001c923e73cc0
Event: 1207.433 Thread 0x000001c923e73cc0 Thread exited: 0x000001c923e73cc0
Event: 3452.055 Thread 0x000001c923747a50 Thread added: 0x000001c923747a50
Event: 3457.272 Thread 0x000001c923747a50 Thread exited: 0x000001c923747a50
Event: 3819.114 Thread 0x000001c91adadf20 Thread added: 0x000001c91adadf20
Event: 3917.070 Thread 0x000001c91adadf20 Thread exited: 0x000001c91adadf20
Event: 3984.743 Thread 0x000001c91adadf20 Thread added: 0x000001c91adadf20


Dynamic libraries:
0x00007ff60a7a0000 - 0x00007ff60a7ae000 	c:\Users\ee\.vscode\extensions\redhat.java-1.21.0-win32-x64\jre\17.0.7-win32-x86_64\bin\java.exe
0x00007fff163f0000 - 0x00007fff165e8000 	C:\WINDOWS\SYSTEM32\ntdll.dll
0x00007fff157f0000 - 0x00007fff158af000 	C:\WINDOWS\System32\KERNEL32.DLL
0x00007fff13f60000 - 0x00007fff14256000 	C:\WINDOWS\System32\KERNELBASE.dll
0x00007fff112c0000 - 0x00007fff11351000 	C:\WINDOWS\SYSTEM32\apphelp.dll
0x00007fff14290000 - 0x00007fff14390000 	C:\WINDOWS\System32\ucrtbase.dll
0x00007fff0e840000 - 0x00007fff0e857000 	c:\Users\ee\.vscode\extensions\redhat.java-1.21.0-win32-x64\jre\17.0.7-win32-x86_64\bin\jli.dll
0x00007fff0f170000 - 0x00007fff0f189000 	c:\Users\ee\.vscode\extensions\redhat.java-1.21.0-win32-x64\jre\17.0.7-win32-x86_64\bin\VCRUNTIME140.dll
0x00007fff15650000 - 0x00007fff157ed000 	C:\WINDOWS\System32\USER32.dll
0x00007fff13e00000 - 0x00007fff13e22000 	C:\WINDOWS\System32\win32u.dll
0x00007ffeef7c0000 - 0x00007ffeefa5a000 	C:\WINDOWS\WinSxS\amd64_microsoft.windows.common-controls_6595b64144ccf1df_6.0.19041.1110_none_60b5254171f9507e\COMCTL32.dll
0x00007fff14ee0000 - 0x00007fff14f0c000 	C:\WINDOWS\System32\GDI32.dll
0x00007fff155b0000 - 0x00007fff1564e000 	C:\WINDOWS\System32\msvcrt.dll
0x00007fff13c30000 - 0x00007fff13d45000 	C:\WINDOWS\System32\gdi32full.dll
0x00007fff13e30000 - 0x00007fff13ecd000 	C:\WINDOWS\System32\msvcp_win.dll
0x00007fff14450000 - 0x00007fff14480000 	C:\WINDOWS\System32\IMM32.DLL
0x00007fff0f9c0000 - 0x00007fff0f9cc000 	c:\Users\ee\.vscode\extensions\redhat.java-1.21.0-win32-x64\jre\17.0.7-win32-x86_64\bin\vcruntime140_1.dll
0x00007fff04e40000 - 0x00007fff04ed1000 	c:\Users\ee\.vscode\extensions\redhat.java-1.21.0-win32-x64\jre\17.0.7-win32-x86_64\bin\msvcp140.dll
0x00007ffe91310000 - 0x00007ffe91f58000 	c:\Users\ee\.vscode\extensions\redhat.java-1.21.0-win32-x64\jre\17.0.7-win32-x86_64\bin\server\jvm.dll
0x00007fff15400000 - 0x00007fff154af000 	C:\WINDOWS\System32\ADVAPI32.dll
0x00007fff14e40000 - 0x00007fff14edc000 	C:\WINDOWS\System32\sechost.dll
0x00007fff149a0000 - 0x00007fff14ac6000 	C:\WINDOWS\System32\RPCRT4.dll
0x00007fff0f8e0000 - 0x00007fff0f8e9000 	C:\WINDOWS\SYSTEM32\WSOCK32.dll
0x00007fff154b0000 - 0x00007fff1551b000 	C:\WINDOWS\System32\WS2_32.dll
0x00007fff0d600000 - 0x00007fff0d60a000 	C:\WINDOWS\SYSTEM32\VERSION.dll
0x00007fff086b0000 - 0x00007fff086d7000 	C:\WINDOWS\SYSTEM32\WINMM.dll
0x00007fff11990000 - 0x00007fff119a2000 	C:\WINDOWS\SYSTEM32\kernel.appcore.dll
0x00007fff0f8b0000 - 0x00007fff0f8ba000 	c:\Users\ee\.vscode\extensions\redhat.java-1.21.0-win32-x64\jre\17.0.7-win32-x86_64\bin\jimage.dll
0x00007fff09bf0000 - 0x00007fff09dd4000 	C:\WINDOWS\SYSTEM32\DBGHELP.DLL
0x00007fff09bb0000 - 0x00007fff09be4000 	C:\WINDOWS\SYSTEM32\dbgcore.DLL
0x00007fff13ed0000 - 0x00007fff13f52000 	C:\WINDOWS\System32\bcryptPrimitives.dll
0x00007fff067b0000 - 0x00007fff067d5000 	c:\Users\ee\.vscode\extensions\redhat.java-1.21.0-win32-x64\jre\17.0.7-win32-x86_64\bin\java.dll
0x00007fff092b0000 - 0x00007fff092c8000 	c:\Users\ee\.vscode\extensions\redhat.java-1.21.0-win32-x64\jre\17.0.7-win32-x86_64\bin\zip.dll
0x00007fff15c60000 - 0x00007fff163a4000 	C:\WINDOWS\System32\SHELL32.dll
0x00007fff11b90000 - 0x00007fff12323000 	C:\WINDOWS\SYSTEM32\windows.storage.dll
0x00007fff14ae0000 - 0x00007fff14e34000 	C:\WINDOWS\System32\combase.dll
0x00007fff13510000 - 0x00007fff1353e000 	C:\WINDOWS\SYSTEM32\Wldp.dll
0x00007fff148f0000 - 0x00007fff1499d000 	C:\WINDOWS\System32\SHCORE.dll
0x00007fff15b50000 - 0x00007fff15ba5000 	C:\WINDOWS\System32\shlwapi.dll
0x00007fff13a00000 - 0x00007fff13a25000 	C:\WINDOWS\SYSTEM32\profapi.dll
0x00007fff08a00000 - 0x00007fff08a19000 	C:\Users\ee\.vscode\extensions\redhat.java-1.21.0-win32-x64\jre\17.0.7-win32-x86_64\bin\net.dll
0x00007fff0ca70000 - 0x00007fff0cb7a000 	C:\WINDOWS\SYSTEM32\WINHTTP.dll
0x00007fff13270000 - 0x00007fff132da000 	C:\WINDOWS\system32\mswsock.dll
0x00007fff07ad0000 - 0x00007fff07ae5000 	C:\Users\ee\.vscode\extensions\redhat.java-1.21.0-win32-x64\jre\17.0.7-win32-x86_64\bin\nio.dll
0x00007fff13460000 - 0x00007fff13478000 	C:\WINDOWS\SYSTEM32\CRYPTSP.dll
0x00007fff12b10000 - 0x00007fff12b44000 	C:\WINDOWS\system32\rsaenh.dll
0x00007fff14260000 - 0x00007fff14287000 	C:\WINDOWS\System32\bcrypt.dll
0x00007fff139c0000 - 0x00007fff139ee000 	C:\WINDOWS\SYSTEM32\USERENV.dll
0x00007fff13480000 - 0x00007fff1348c000 	C:\WINDOWS\SYSTEM32\CRYPTBASE.dll
0x00007fff12f10000 - 0x00007fff12f4b000 	C:\WINDOWS\SYSTEM32\IPHLPAPI.DLL
0x00007fff14f90000 - 0x00007fff14f98000 	C:\WINDOWS\System32\NSI.dll
0x00007fff0ce60000 - 0x00007fff0ce77000 	C:\WINDOWS\SYSTEM32\dhcpcsvc6.DLL
0x00007fff0cf30000 - 0x00007fff0cf4d000 	C:\WINDOWS\SYSTEM32\dhcpcsvc.DLL
0x00007fff12f50000 - 0x00007fff1301a000 	C:\WINDOWS\SYSTEM32\DNSAPI.dll
0x00007fff09590000 - 0x00007fff09599000 	C:\Users\ee\.vscode\extensions\redhat.java-1.21.0-win32-x64\jre\17.0.7-win32-x86_64\bin\management.dll
0x00007fff09430000 - 0x00007fff0943b000 	C:\Users\ee\.vscode\extensions\redhat.java-1.21.0-win32-x64\jre\17.0.7-win32-x86_64\bin\management_ext.dll
0x00007fff15b40000 - 0x00007fff15b48000 	C:\WINDOWS\System32\PSAPI.DLL
0x00007fff095f0000 - 0x00007fff095fe000 	C:\Users\ee\.vscode\extensions\redhat.java-1.21.0-win32-x64\jre\17.0.7-win32-x86_64\bin\sunmscapi.dll
0x00007fff13ad0000 - 0x00007fff13c2e000 	C:\WINDOWS\System32\CRYPT32.dll
0x00007fff13580000 - 0x00007fff135a8000 	C:\WINDOWS\SYSTEM32\ncrypt.dll
0x00007fff13540000 - 0x00007fff1357b000 	C:\WINDOWS\SYSTEM32\NTASN1.dll
0x00007fff08530000 - 0x00007fff0853a000 	C:\Windows\System32\rasadhlp.dll
0x00007ffeee9b0000 - 0x00007ffeeea32000 	C:\WINDOWS\System32\fwpuclnt.dll
0x00007fff09710000 - 0x00007fff09720000 	c:\Users\ee\.vscode\extensions\redhat.java-1.21.0-win32-x64\jre\17.0.7-win32-x86_64\bin\verify.dll
0x0000000070fc0000 - 0x000000007108d000 	C:\Users\ee\AppData\Local\Temp\snappy-1.1.10-71a93cb3-2b8b-48ef-8b8f-caffee069e16-snappyjava.dll

dbghelp: loaded successfully - version: 4.0.5 - missing functions: none
symbol engine: initialized successfully - sym options: 0x614 - pdb path: .;c:\Users\ee\.vscode\extensions\redhat.java-1.21.0-win32-x64\jre\17.0.7-win32-x86_64\bin;C:\WINDOWS\SYSTEM32;C:\WINDOWS\WinSxS\amd64_microsoft.windows.common-controls_6595b64144ccf1df_6.0.19041.1110_none_60b5254171f9507e;c:\Users\ee\.vscode\extensions\redhat.java-1.21.0-win32-x64\jre\17.0.7-win32-x86_64\bin\server;C:\Users\ee\AppData\Local\Temp

VM Arguments:
jvm_args: -XX:+HeapDumpOnOutOfMemoryError -Xmx1024m -Dsts.lsp.client=vscode -Dsts.log.file=/dev/null -XX:TieredStopAtLevel=1 -Xlog:jni+resolve=off -Dspring.config.location=file:c:\Users\ee\.vscode\extensions\vmware.vscode-spring-boot-1.48.0\language-server\BOOT-INF\classes\application.properties 
java_command: org.springframework.ide.vscode.boot.app.BootLanguageServerBootApp
java_class_path (initial): c:\Users\ee\.vscode\extensions\vmware.vscode-spring-boot-1.48.0\language-server\BOOT-INF\classes;c:\Users\ee\.vscode\extensions\vmware.vscode-spring-boot-1.48.0\language-server\BOOT-INF\lib\annotations-24.0.1.jar;c:\Users\ee\.vscode\extensions\vmware.vscode-spring-boot-1.48.0\language-server\BOOT-INF\lib\antlr-runtime-3.5.3.jar;c:\Users\ee\.vscode\extensions\vmware.vscode-spring-boot-1.48.0\language-server\BOOT-INF\lib\antlr4-4.11.1.jar;c:\Users\ee\.vscode\extensions\vmware.vscode-spring-boot-1.48.0\language-server\BOOT-INF\lib\antlr4-runtime-4.11.1.jar;c:\Users\ee\.vscode\extensions\vmware.vscode-spring-boot-1.48.0\language-server\BOOT-INF\lib\archunit-1.0.1.jar;c:\Users\ee\.vscode\extensions\vmware.vscode-spring-boot-1.48.0\language-server\BOOT-INF\lib\asm-9.5.jar;c:\Users\ee\.vscode\extensions\vmware.vscode-spring-boot-1.48.0\language-server\BOOT-INF\lib\asm-analysis-9.5.jar;c:\Users\ee\.vscode\extensions\vmware.vscode-spring-boot-1.48.0\language-server\BOOT-INF\lib\asm-tree-9.5.jar;c:\Users\ee\.vscode\extensions\vmware.vscode-spring-boot-1.48.0\language-server\BOOT-INF\lib\asm-util-9.5.jar;c:\Users\ee\.vscode\extensions\vmware.vscode-spring-boot-1.48.0\language-server\BOOT-INF\lib\bosh-language-server-1.48.0-SNAPSHOT.jar;c:\Users\ee\.vscode\extensions\vmware.vscode-spring-boot-1.48.0\language-server\BOOT-INF\lib\caffeine-3.1.6.jar;c:\Users\ee\.vscode\extensions\vmware.vscode-spring-boot-1.48.0\language-server\BOOT-INF\lib\checker-qual-3.12.0.jar;c:\Users\ee\.vscode\extensions\vmware.vscode-spring-boot-1.48.0\language-server\BOOT-INF\lib\classgraph-4.8.149.jar;c:\Users\ee\.vscode\extensions\vmware.vscode-spring-boot-1.48.0\language-server\BOOT-INF\lib\commons-codec-1.15.jar;c:\Users\ee\.vscode\extensions\vmware.vscode-spring-boot-1.48.0\language-server\BOOT-INF\lib\commons-compress-1.23.0.jar;c:\Users\ee\.vscode\extensions\vmware.vscode-spring-boot-1.48.0\language-server\BOOT-INF\lib\commons-io-2.4.jar;c:\Users\ee\.vscode\extensions\v
Launcher Type: SUN_STANDARD

[Global flags]
     intx CICompilerCount                          = 12                                        {product} {ergonomic}
     uint ConcGCThreads                            = 3                                         {product} {ergonomic}
     uint G1ConcRefinementThreads                  = 13                                        {product} {ergonomic}
   size_t G1HeapRegionSize                         = 1048576                                   {product} {ergonomic}
    uintx GCDrainStackTargetSize                   = 64                                        {product} {ergonomic}
     bool HeapDumpOnOutOfMemoryError               = true                                   {manageable} {command line}
   size_t InitialHeapSize                          = 402653184                                 {product} {ergonomic}
   size_t MarkStackSize                            = 4194304                                   {product} {ergonomic}
   size_t MaxHeapSize                              = 1073741824                                {product} {command line}
   size_t MaxNewSize                               = 643825664                                 {product} {ergonomic}
   size_t MinHeapDeltaBytes                        = 1048576                                   {product} {ergonomic}
   size_t MinHeapSize                              = 8388608                                   {product} {ergonomic}
    uintx NonProfiledCodeHeapSize                  = 0                                      {pd product} {ergonomic}
     bool ProfileInterpreter                       = false                                  {pd product} {command line}
    uintx ProfiledCodeHeapSize                     = 0                                      {pd product} {ergonomic}
   size_t SoftMaxHeapSize                          = 1073741824                             {manageable} {ergonomic}
     intx TieredStopAtLevel                        = 1                                         {product} {command line}
     bool UseCompressedClassPointers               = true                           {product lp64_product} {ergonomic}
     bool UseCompressedOops                        = true                           {product lp64_product} {ergonomic}
     bool UseG1GC                                  = true                                      {product} {ergonomic}
     bool UseLargePagesIndividualAllocation        = false                                  {pd product} {ergonomic}

Logging:
Log output configuration:
 #0: stdout all=warning,jni+resolve=off uptime,level,tags
 #1: stderr all=off uptime,level,tags

Environment Variables:
PATH=C:\Program Files\Common Files\Oracle\Java\javapath;C:\Informatica\9.6.1\clients\tools\datadirect;C:\Informatica\9.6.1\clients\tools\odbcdrv;C:\Informatica\9.6.1\clients\tools\jdbcdrv;C:\Informatica\9.6.1\java\jre\bin\server;C:\Informatica\9.6.1\tools\odbcdrv;C:\Informatica\9.6.1\tools\jdbcdrv;C:\Informatica\9.6.1\tools\datadirect;D:\\java\jre\bin\server;D:\\tools\odbcdrv;D:\\tools\jdbcdrv;D:\\tools\sharedlibs;D:\\tools\datadirect;C:\WINDOWS\system32;C:\WINDOWS;C:\WINDOWS\System32\Wbem;C:\WINDOWS\System32\WindowsPowerShell\v1.0\;C:\WINDOWS\System32\OpenSSH\;C:\Program Files (x86)\NVIDIA Corporation\PhysX\Common;C:\Program Files\NVIDIA Corporation\NVIDIA NvDLISR;C:\Program Files\Microsoft SQL Server\Client SDK\ODBC\170\Tools\Binn\;C:\Program Files\dotnet\;C:\Program Files\Microsoft SQL Server\130\Tools\Binn\;C:\Program Files (x86)\dotnet\;C:\WINDOWS\system32;C:\WINDOWS;C:\WINDOWS\System32\Wbem;C:\WINDOWS\System32\WindowsPowerShell\v1.0\;C:\WINDOWS\System32\OpenSSH\;C:\Program Files (x86)\Microsoft SQL Server\150\DTS\Binn\;C:\Program Files\Azure Data Studio\bin;C:\Program Files\Microsoft SQL Server\Client SDK\ODBC\130\Tools\Binn\;C:\Program Files (x86)\Microsoft SQL Server\130\Tools\Binn\;C:\Program Files\Microsoft SQL Server\130\DTS\Binn\;C:\Program Files\Microsoft SQL Server\Client SDK\ODBC\110\Tools\Binn\;C:\Program Files (x86)\Microsoft SQL Server\120\Tools\Binn\;C:\Program Files\Microsoft SQL Server\120\Tools\Binn\;C:\Program Files\Microsoft SQL Server\120\DTS\Binn\;C:\Program Files (x86)\Microsoft SQL Server\120\Tools\Binn\ManagementStudio\;C:\Program Files (x86)\Microsoft SQL Server\120\DTS\Binn\;C:\Windows\System32\Wbem;C:\Windows\System32\Wbem;C:\Program Files\nodejs\;C:\Program Files\Git\cmd;C:\Program Files\MySQL\MySQL Shell 8.0\bin\;C:\Users\ee\AppData\Local\Microsoft\WindowsApps;C:\AppServ\Apache24\bin;C:\AppServ\php7;C:\AppServ\MySQL\bin;C:\Users\ee\.dotnet\tools;C:\Program Files\Azure Data Studio\bin;C:\Microsoft VS Code\bin;"%JAVA_HOME%\bin;%JAVA_HOME
USERNAME=ee
OS=Windows_NT
PROCESSOR_IDENTIFIER=AMD64 Family 23 Model 8 Stepping 2, AuthenticAMD
TMP=C:\Users\ee\AppData\Local\Temp
TEMP=C:\Users\ee\AppData\Local\Temp



---------------  S Y S T E M  ---------------

OS:
 Windows 10 , 64 bit Build 19041 (10.0.19041.3155)
OS uptime: 3 days 9:18 hours

CPU: total 16 (initial active 16) (16 cores per cpu, 2 threads per core) family 23 model 8 stepping 2 microcode 0x0, cx8, cmov, fxsr, ht, mmx, 3dnowpref, sse, sse2, sse3, ssse3, sse4a, sse4.1, sse4.2, popcnt, lzcnt, tsc, tscinvbit, avx, avx2, aes, clmul, bmi1, bmi2, adx, sha, fma, vzeroupper, clflush, clflushopt

Memory: 4k page, system-wide physical 24527M (13450M free)
TotalPageFile size 26575M (AvailPageFile size 10M)
current process WorkingSet (physical memory assigned to process): 250M, peak: 1350M
current process commit charge ("private bytes"): 520M, peak: 1340M

vm_info: OpenJDK 64-Bit Server VM (17.0.7+7) for windows-amd64 JRE (17.0.7+7), built on Apr 18 2023 22:10:42 by "temurin" with MS VC++ 16.7 (VS2019)

END.
