#
# There is insufficient memory for the Java Runtime Environment to continue.
# Native memory allocation (malloc) failed to allocate 2097152 bytes for AllocateHeap
# Possible reasons:
#   The system is out of physical RAM or swap space
#   The process is running with CompressedOops enabled, and the Java Heap may be blocking the growth of the native heap
# Possible solutions:
#   Reduce memory load on the system
#   Increase physical memory or swap space
#   Check if swap backing store is full
#   Decrease Java heap size (-Xmx/-Xms)
#   Decrease number of Java threads
#   Decrease Java thread stack sizes (-Xss)
#   Set larger code cache with -XX:ReservedCodeCacheSize=
#   JVM is running with Unscaled Compressed Oops mode in which the Java heap is
#     placed in the first 4GB address space. The Java Heap base address is the
#     maximum limit for the native heap growth. Please use -XX:HeapBaseMinAddress
#     to set the Java Heap base and to place the Java Heap above 4GB virtual address.
# This output file may be truncated or incomplete.
#
#  Out of Memory Error (allocation.cpp:44), pid=26456, tid=10144
#
# JRE version: OpenJDK Runtime Environment Temurin-17.0.7+7 (17.0.7+7) (build 17.0.7+7)
# Java VM: OpenJDK 64-Bit Server VM Temurin-17.0.7+7 (17.0.7+7, mixed mode, emulated-client, tiered, compressed oops, compressed class ptrs, g1 gc, windows-amd64)
# No core dump will be written. Minidumps are not enabled by default on client versions of Windows
#

---------------  S U M M A R Y ------------

Command Line: -XX:+HeapDumpOnOutOfMemoryError -Xmx1024m -Dsts.lsp.client=vscode -Dsts.log.file=/dev/null -XX:TieredStopAtLevel=1 -Xlog:jni+resolve=off -Dspring.config.location=file:c:\Users\ee\.vscode\extensions\vmware.vscode-spring-boot-1.48.0\language-server\BOOT-INF\classes\application.properties org.springframework.ide.vscode.boot.app.BootLanguageServerBootApp

Host: AMD Ryzen 7 2700X Eight-Core Processor         , 16 cores, 23G,  Windows 10 , 64 bit Build 19041 (10.0.19041.3155)
Time: Thu Aug 31 13:46:21 2023  Windows 10 , 64 bit Build 19041 (10.0.19041.3155) elapsed time: 1637.255032 seconds (0d 0h 27m 17s)

---------------  T H R E A D  ---------------

Current thread (0x0000017542a6a470):  VMThread "VM Thread" [stack: 0x000000444e700000,0x000000444e800000] [id=10144]

Stack: [0x000000444e700000,0x000000444e800000]
Native frames: (J=compiled Java code, j=interpreted, Vv=VM code, C=native code)
V  [jvm.dll+0x67754a]
V  [jvm.dll+0x834304]
V  [jvm.dll+0x835aae]
V  [jvm.dll+0x836113]
V  [jvm.dll+0x24696f]
V  [jvm.dll+0xa681f]
V  [jvm.dll+0x2f7481]
V  [jvm.dll+0x2f30f0]
V  [jvm.dll+0x2db6c7]
V  [jvm.dll+0x31e777]
V  [jvm.dll+0x83a5bb]
V  [jvm.dll+0x83b2f4]
V  [jvm.dll+0x83b80c]
V  [jvm.dll+0x83bbe4]
V  [jvm.dll+0x83bcb0]
V  [jvm.dll+0x7e4e7a]
V  [jvm.dll+0x676395]
C  [ucrtbase.dll+0x21bb2]
C  [KERNEL32.DLL+0x17614]
C  [ntdll.dll+0x526b1]

VM_Operation (0x00000044508fee30): G1CollectFull, mode: safepoint, requested by thread 0x000001754859b7d0


---------------  P R O C E S S  ---------------

Threads class SMR info:
_java_thread_list=0x00000175516d5540, length=30, elements={
0x0000017542a80750, 0x0000017542a815c0, 0x0000017542ac6c00, 0x0000017542ac7880,
0x0000017542ac8330, 0x0000017542ad2d70, 0x0000017542ad5730, 0x0000017542ad70d0,
0x0000017542cfb5c0, 0x0000017542d08e70, 0x0000017548595ba0, 0x000001754853ac50,
0x000001754859b7d0, 0x00000175485d71d0, 0x0000017537156980, 0x00000175485fa610,
0x0000017548636920, 0x00000175481a0a10, 0x0000017548713a90, 0x0000017548710f40,
0x00000175487bb830, 0x00000175487bd9e0, 0x00000175487bc1d0, 0x00000175487ba020,
0x0000017548716ab0, 0x0000017551b128d0, 0x0000017551b13c10, 0x0000017551b14a80,
0x0000017551b16c30, 0x0000017551b12400
}

Java Threads: ( => current thread )
  0x0000017542a80750 JavaThread "Reference Handler" daemon [_thread_blocked, id=13204, stack(0x000000444e800000,0x000000444e900000)]
  0x0000017542a815c0 JavaThread "Finalizer" daemon [_thread_blocked, id=1196, stack(0x000000444e900000,0x000000444ea00000)]
  0x0000017542ac6c00 JavaThread "Signal Dispatcher" daemon [_thread_blocked, id=10044, stack(0x000000444ea00000,0x000000444eb00000)]
  0x0000017542ac7880 JavaThread "Attach Listener" daemon [_thread_blocked, id=15376, stack(0x000000444eb00000,0x000000444ec00000)]
  0x0000017542ac8330 JavaThread "Service Thread" daemon [_thread_blocked, id=11144, stack(0x000000444ec00000,0x000000444ed00000)]
  0x0000017542ad2d70 JavaThread "Monitor Deflation Thread" daemon [_thread_blocked, id=20024, stack(0x000000444ed00000,0x000000444ee00000)]
  0x0000017542ad5730 JavaThread "C1 CompilerThread0" daemon [_thread_blocked, id=24884, stack(0x000000444ee00000,0x000000444ef00000)]
  0x0000017542ad70d0 JavaThread "Sweeper thread" daemon [_thread_blocked, id=10072, stack(0x000000444ef00000,0x000000444f000000)]
  0x0000017542cfb5c0 JavaThread "Notification Thread" daemon [_thread_blocked, id=18180, stack(0x000000444f100000,0x000000444f200000)]
  0x0000017542d08e70 JavaThread "Common-Cleaner" daemon [_thread_blocked, id=16568, stack(0x000000444f300000,0x000000444f400000)]
  0x0000017548595ba0 JavaThread "boundedElastic-evictor-1" daemon [_thread_blocked, id=24684, stack(0x0000004450600000,0x0000004450700000)]
  0x000001754853ac50 JavaThread "boundedElastic-evictor-2" daemon [_thread_blocked, id=7480, stack(0x0000004450700000,0x0000004450800000)]
  0x000001754859b7d0 JavaThread "pool-11-thread-1" [_thread_blocked, id=26068, stack(0x0000004450800000,0x0000004450900000)]
  0x00000175485d71d0 JavaThread "LanguageServerApp-lifecycle" [_thread_blocked, id=6804, stack(0x0000004450900000,0x0000004450a00000)]
  0x0000017537156980 JavaThread "DestroyJavaVM" [_thread_blocked, id=19172, stack(0x000000444e100000,0x000000444e200000)]
  0x00000175485fa610 JavaThread "pool-12-thread-1" [_thread_in_native, id=26292, stack(0x0000004450a00000,0x0000004450b00000)]
  0x0000017548636920 JavaThread "Simple-Language-Server main thread" daemon [_thread_blocked, id=25872, stack(0x0000004450b00000,0x0000004450c00000)]
  0x00000175481a0a10 JavaThread "pool-7-thread-1" [_thread_blocked, id=3400, stack(0x0000004450f00000,0x0000004451000000)]
  0x0000017548713a90 JavaThread "parallel-1" daemon [_thread_blocked, id=10504, stack(0x0000004452900000,0x0000004452a00000)]
  0x0000017548710f40 JavaThread "pool-5-thread-1" [_thread_blocked, id=25588, stack(0x0000004452e00000,0x0000004452f00000)]
  0x00000175487bb830 JavaThread "parallel-2" daemon [_thread_blocked, id=26264, stack(0x0000004452f00000,0x0000004453000000)]
  0x00000175487bd9e0 JavaThread "parallel-3" daemon [_thread_blocked, id=25928, stack(0x0000004451200000,0x0000004451300000)]
  0x00000175487bc1d0 JavaThread "parallel-4" daemon [_thread_blocked, id=20068, stack(0x0000004451300000,0x0000004451400000)]
  0x00000175487ba020 JavaThread "parallel-5" daemon [_thread_blocked, id=14984, stack(0x0000004451400000,0x0000004451500000)]
  0x0000017548716ab0 JavaThread "Reconciler-1" daemon [_thread_blocked, id=18008, stack(0x0000004451500000,0x0000004451600000)]
  0x0000017551b128d0 JavaThread "parallel-6" daemon [_thread_blocked, id=13040, stack(0x000000444de00000,0x000000444df00000)]
  0x0000017551b13c10 JavaThread "parallel-7" daemon [_thread_blocked, id=16944, stack(0x000000444f000000,0x000000444f100000)]
  0x0000017551b14a80 JavaThread "parallel-8" daemon [_thread_blocked, id=1276, stack(0x0000004450c00000,0x0000004450d00000)]
  0x0000017551b16c30 JavaThread "parallel-9" daemon [_thread_blocked, id=19200, stack(0x0000004450e00000,0x0000004450f00000)]
  0x0000017551b12400 JavaThread "parallel-10" daemon [_thread_blocked, id=21168, stack(0x0000004451600000,0x0000004451700000)]

Other Threads:
=>0x0000017542a6a470 VMThread "VM Thread" [stack: 0x000000444e700000,0x000000444e800000] [id=10144]
  0x0000017542d00b80 WatcherThread [stack: 0x000000444f200000,0x000000444f300000] [id=25540]
  0x0000017537197f80 GCTaskThread "GC Thread#0" [stack: 0x000000444e200000,0x000000444e300000] [id=14200]
  0x000001754790be60 GCTaskThread "GC Thread#1" [stack: 0x000000444f600000,0x000000444f700000] [id=21288]
  0x000001754790c110 GCTaskThread "GC Thread#2" [stack: 0x000000444f700000,0x000000444f800000] [id=6216]
  0x0000017547916a50 GCTaskThread "GC Thread#3" [stack: 0x000000444f800000,0x000000444f900000] [id=15484]
  0x0000017547916d00 GCTaskThread "GC Thread#4" [stack: 0x000000444f900000,0x000000444fa00000] [id=25572]
  0x0000017547910680 GCTaskThread "GC Thread#5" [stack: 0x000000444fa00000,0x000000444fb00000] [id=24484]
  0x0000017547916fb0 GCTaskThread "GC Thread#6" [stack: 0x000000444fb00000,0x000000444fc00000] [id=14796]
  0x0000017547917260 GCTaskThread "GC Thread#7" [stack: 0x000000444fc00000,0x000000444fd00000] [id=14204]
  0x0000017547917510 GCTaskThread "GC Thread#8" [stack: 0x000000444fd00000,0x000000444fe00000] [id=24892]
  0x0000017547eef730 GCTaskThread "GC Thread#9" [stack: 0x0000004450100000,0x0000004450200000] [id=10484]
  0x0000017547f1a510 GCTaskThread "GC Thread#10" [stack: 0x0000004450200000,0x0000004450300000] [id=13104]
  0x0000017547f1b830 GCTaskThread "GC Thread#11" [stack: 0x0000004450300000,0x0000004450400000] [id=23312]
  0x0000017547f1aac0 GCTaskThread "GC Thread#12" [stack: 0x000000444fe00000,0x000000444ff00000] [id=13776]
  0x00000175371a0ec0 ConcurrentGCThread "G1 Main Marker" [stack: 0x000000444e300000,0x000000444e400000] [id=11332]
  0x00000175371a18d0 ConcurrentGCThread "G1 Conc#0" [stack: 0x000000444e400000,0x000000444e500000] [id=5416]
  0x0000017547f1ad70 ConcurrentGCThread "G1 Conc#1" [stack: 0x0000004450400000,0x0000004450500000] [id=9932]
  0x0000017547f1a810 ConcurrentGCThread "G1 Conc#2" [stack: 0x0000004450500000,0x0000004450600000] [id=23908]
  0x000001753721eb00 ConcurrentGCThread "G1 Refine#0" [stack: 0x000000444e500000,0x000000444e600000] [id=1284]
  0x00000175487370f0 ConcurrentGCThread "G1 Refine#1" [stack: 0x0000004452d00000,0x0000004452e00000] [id=4012]
  0x0000017548738230 ConcurrentGCThread "G1 Refine#2" [stack: 0x0000004453200000,0x0000004453300000] [id=17516]
  0x00000175487387f0 ConcurrentGCThread "G1 Refine#3" [stack: 0x0000004453300000,0x0000004453400000] [id=18756]
  0x00000175487376b0 ConcurrentGCThread "G1 Refine#4" [stack: 0x0000004453400000,0x0000004453500000] [id=21220]
  0x00000175487373d0 ConcurrentGCThread "G1 Refine#5" [stack: 0x0000004453500000,0x0000004453600000] [id=18044]
  0x0000017548738ad0 ConcurrentGCThread "G1 Refine#6" [stack: 0x0000004453600000,0x0000004453700000] [id=25160]
  0x0000017548736e10 ConcurrentGCThread "G1 Refine#7" [stack: 0x0000004453c00000,0x0000004453d00000] [id=11016]
  0x0000017548737c70 ConcurrentGCThread "G1 Refine#8" [stack: 0x0000004453d00000,0x0000004453e00000] [id=20460]
  0x0000017549017b90 ConcurrentGCThread "G1 Refine#9" [stack: 0x0000004454000000,0x0000004454100000] [id=19068]
  0x0000017549016770 ConcurrentGCThread "G1 Refine#10" [stack: 0x0000004451100000,0x0000004451200000] [id=16008]
  0x00000175428da750 ConcurrentGCThread "G1 Service" [stack: 0x000000444e600000,0x000000444e700000] [id=15216]

Threads with active compile tasks:

VM state: at safepoint (normal execution)

VM Mutex/Monitor currently owned by a thread:  ([mutex/lock_event])
[0x0000017534e2be50] Threads_lock - owner thread: 0x0000017542a6a470
[0x0000017534eeb700] Heap_lock - owner thread: 0x000001754859b7d0

Heap address: 0x00000000c0000000, size: 1024 MB, Compressed Oops mode: 32-bit

CDS archive(s) not mapped
Compressed class space mapped at: 0x0000000100000000-0x0000000140000000, reserved size: 1073741824
Narrow klass base: 0x0000000000000000, Narrow klass shift: 3, Narrow klass range: 0x140000000

GC Precious Log:
 CPUs: 16 total, 16 available
 Memory: 24527M
 Large Page Support: Disabled
 NUMA Support: Disabled
 Compressed Oops: Enabled (32-bit)
 Heap Region Size: 1M
 Heap Min Capacity: 8M
 Heap Initial Capacity: 384M
 Heap Max Capacity: 1G
 Pre-touch: Disabled
 Parallel Workers: 13
 Concurrent Workers: 3
 Concurrent Refinement Workers: 13
 Periodic GC: Disabled

Heap:
 garbage-first heap   total 270336K, used 79831K [0x00000000c0000000, 0x0000000100000000)
  region size 1024K, 1 young (1024K), 0 survivors (0K)
 Metaspace       used 75105K, committed 76032K, reserved 1114112K
  class space    used 10271K, committed 10624K, reserved 1048576K

Heap Regions: E=young(eden), S=young(survivor), O=old, HS=humongous(starts), HC=humongous(continues), CS=collection set, F=free, OA=open archive, CA=closed archive, TAMS=top-at-mark-start (previous, next)
|   0|0x00000000c0000000, 0x00000000c0100000, 0x00000000c0100000|100%| O|  |TAMS 0x00000000c0100000, 0x00000000c0000000| Untracked 
|   1|0x00000000c0100000, 0x00000000c0200000, 0x00000000c0200000|100%| O|  |TAMS 0x00000000c0200000, 0x00000000c0100000| Untracked 
|   2|0x00000000c0200000, 0x00000000c0300000, 0x00000000c0300000|100%| O|  |TAMS 0x00000000c0300000, 0x00000000c0200000| Untracked 
|   3|0x00000000c0300000, 0x00000000c0400000, 0x00000000c0400000|100%| O|  |TAMS 0x00000000c0400000, 0x00000000c0300000| Untracked 
|   4|0x00000000c0400000, 0x00000000c04ffff8, 0x00000000c0500000| 99%| O|  |TAMS 0x00000000c04ffff8, 0x00000000c0400000| Untracked 
|   5|0x00000000c0500000, 0x00000000c05fffc0, 0x00000000c0600000| 99%| O|  |TAMS 0x00000000c05fffc0, 0x00000000c0500000| Untracked 
|   6|0x00000000c0600000, 0x00000000c0700000, 0x00000000c0700000|100%| O|  |TAMS 0x00000000c0700000, 0x00000000c0600000| Untracked 
|   7|0x00000000c0700000, 0x00000000c0800000, 0x00000000c0800000|100%| O|  |TAMS 0x00000000c0800000, 0x00000000c0700000| Untracked 
|   8|0x00000000c0800000, 0x00000000c08fffd8, 0x00000000c0900000| 99%| O|  |TAMS 0x00000000c08fffd8, 0x00000000c0800000| Untracked 
|   9|0x00000000c0900000, 0x00000000c09ffff0, 0x00000000c0a00000| 99%| O|  |TAMS 0x00000000c09ffff0, 0x00000000c0900000| Untracked 
|  10|0x00000000c0a00000, 0x00000000c0b00000, 0x00000000c0b00000|100%| O|  |TAMS 0x00000000c0b00000, 0x00000000c0a00000| Untracked 
|  11|0x00000000c0b00000, 0x00000000c0bfffb8, 0x00000000c0c00000| 99%| O|  |TAMS 0x00000000c0bfffb8, 0x00000000c0b00000| Untracked 
|  12|0x00000000c0c00000, 0x00000000c0cfffc8, 0x00000000c0d00000| 99%| O|  |TAMS 0x00000000c0cfffc8, 0x00000000c0c00000| Untracked 
|  13|0x00000000c0d00000, 0x00000000c0dffff8, 0x00000000c0e00000| 99%| O|  |TAMS 0x00000000c0dffff8, 0x00000000c0d00000| Untracked 
|  14|0x00000000c0e00000, 0x00000000c0efffa8, 0x00000000c0f00000| 99%| O|  |TAMS 0x00000000c0efffa8, 0x00000000c0e00000| Untracked 
|  15|0x00000000c0f00000, 0x00000000c0ffffc8, 0x00000000c1000000| 99%| O|  |TAMS 0x00000000c0ffffc8, 0x00000000c0f00000| Untracked 
|  16|0x00000000c1000000, 0x00000000c10ffff8, 0x00000000c1100000| 99%| O|  |TAMS 0x00000000c10ffff8, 0x00000000c1000000| Untracked 
|  17|0x00000000c1100000, 0x00000000c11ffff0, 0x00000000c1200000| 99%| O|  |TAMS 0x00000000c11ffff0, 0x00000000c1100000| Untracked 
|  18|0x00000000c1200000, 0x00000000c1300000, 0x00000000c1300000|100%| O|  |TAMS 0x00000000c1300000, 0x00000000c1200000| Untracked 
|  19|0x00000000c1300000, 0x00000000c13ffff0, 0x00000000c1400000| 99%| O|  |TAMS 0x00000000c13ffff0, 0x00000000c1300000| Untracked 
|  20|0x00000000c1400000, 0x00000000c14ffff8, 0x00000000c1500000| 99%| O|  |TAMS 0x00000000c14ffff8, 0x00000000c1400000| Untracked 
|  21|0x00000000c1500000, 0x00000000c15fffd8, 0x00000000c1600000| 99%| O|  |TAMS 0x00000000c15fffd8, 0x00000000c1500000| Untracked 
|  22|0x00000000c1600000, 0x00000000c16fffe8, 0x00000000c1700000| 99%| O|  |TAMS 0x00000000c16fffe8, 0x00000000c1600000| Untracked 
|  23|0x00000000c1700000, 0x00000000c1800000, 0x00000000c1800000|100%| O|  |TAMS 0x00000000c1800000, 0x00000000c1700000| Untracked 
|  24|0x00000000c1800000, 0x00000000c1900000, 0x00000000c1900000|100%| O|  |TAMS 0x00000000c1900000, 0x00000000c1800000| Untracked 
|  25|0x00000000c1900000, 0x00000000c19fffc0, 0x00000000c1a00000| 99%| O|  |TAMS 0x00000000c19fffc0, 0x00000000c1900000| Untracked 
|  26|0x00000000c1a00000, 0x00000000c1affff8, 0x00000000c1b00000| 99%| O|  |TAMS 0x00000000c1affff8, 0x00000000c1a00000| Untracked 
|  27|0x00000000c1b00000, 0x00000000c1bffff8, 0x00000000c1c00000| 99%| O|  |TAMS 0x00000000c1bffff8, 0x00000000c1b00000| Untracked 
|  28|0x00000000c1c00000, 0x00000000c1cfffe8, 0x00000000c1d00000| 99%| O|  |TAMS 0x00000000c1cfffe8, 0x00000000c1c00000| Untracked 
|  29|0x00000000c1d00000, 0x00000000c1dfdf18, 0x00000000c1e00000| 99%| O|  |TAMS 0x00000000c1dfdf18, 0x00000000c1d00000| Untracked 
|  30|0x00000000c1e00000, 0x00000000c1efed60, 0x00000000c1f00000| 99%| O|  |TAMS 0x00000000c1efed60, 0x00000000c1e00000| Untracked 
|  31|0x00000000c1f00000, 0x00000000c1ffff90, 0x00000000c2000000| 99%| O|  |TAMS 0x00000000c1ffff90, 0x00000000c1f00000| Untracked 
|  32|0x00000000c2000000, 0x00000000c20fffe8, 0x00000000c2100000| 99%| O|  |TAMS 0x00000000c20fffe8, 0x00000000c2000000| Untracked 
|  33|0x00000000c2100000, 0x00000000c21fffb8, 0x00000000c2200000| 99%| O|  |TAMS 0x00000000c21fffb8, 0x00000000c2100000| Untracked 
|  34|0x00000000c2200000, 0x00000000c2300000, 0x00000000c2300000|100%|HS|  |TAMS 0x00000000c2300000, 0x00000000c2200000| Untracked 
|  35|0x00000000c2300000, 0x00000000c2400000, 0x00000000c2400000|100%|HS|  |TAMS 0x00000000c2400000, 0x00000000c2300000| Untracked 
|  36|0x00000000c2400000, 0x00000000c24fffe8, 0x00000000c2500000| 99%| O|  |TAMS 0x00000000c24fffe8, 0x00000000c2400000| Untracked 
|  37|0x00000000c2500000, 0x00000000c25ffff8, 0x00000000c2600000| 99%| O|  |TAMS 0x00000000c25ffff8, 0x00000000c2500000| Untracked 
|  38|0x00000000c2600000, 0x00000000c26ffff0, 0x00000000c2700000| 99%| O|  |TAMS 0x00000000c26ffff0, 0x00000000c2600000| Untracked 
|  39|0x00000000c2700000, 0x00000000c27fbb18, 0x00000000c2800000| 98%| O|  |TAMS 0x00000000c27fbb18, 0x00000000c2700000| Untracked 
|  40|0x00000000c2800000, 0x00000000c2900000, 0x00000000c2900000|100%| O|  |TAMS 0x00000000c2900000, 0x00000000c2800000| Untracked 
|  41|0x00000000c2900000, 0x00000000c29ffff8, 0x00000000c2a00000| 99%| O|  |TAMS 0x00000000c29ffff8, 0x00000000c2900000| Untracked 
|  42|0x00000000c2a00000, 0x00000000c2affff8, 0x00000000c2b00000| 99%| O|  |TAMS 0x00000000c2affff8, 0x00000000c2a00000| Untracked 
|  43|0x00000000c2b00000, 0x00000000c2bcbcf0, 0x00000000c2c00000| 79%| O|  |TAMS 0x00000000c2b00000, 0x00000000c2b00000| Untracked 
|  44|0x00000000c2c00000, 0x00000000c2cffff0, 0x00000000c2d00000| 99%| O|  |TAMS 0x00000000c2cffff0, 0x00000000c2c00000| Untracked 
|  45|0x00000000c2d00000, 0x00000000c2dff740, 0x00000000c2e00000| 99%| O|  |TAMS 0x00000000c2dff740, 0x00000000c2d00000| Untracked 
|  46|0x00000000c2e00000, 0x00000000c2effff0, 0x00000000c2f00000| 99%| O|  |TAMS 0x00000000c2effff0, 0x00000000c2e00000| Untracked 
|  47|0x00000000c2f00000, 0x00000000c2ffffe8, 0x00000000c3000000| 99%| O|  |TAMS 0x00000000c2ffffe8, 0x00000000c2f00000| Untracked 
|  48|0x00000000c3000000, 0x00000000c30fffc0, 0x00000000c3100000| 99%| O|  |TAMS 0x00000000c30fffc0, 0x00000000c3000000| Untracked 
|  49|0x00000000c3100000, 0x00000000c31fffb0, 0x00000000c3200000| 99%| O|  |TAMS 0x00000000c31fffb0, 0x00000000c3100000| Untracked 
|  50|0x00000000c3200000, 0x00000000c32ffff0, 0x00000000c3300000| 99%| O|  |TAMS 0x00000000c32ffff0, 0x00000000c3200000| Untracked 
|  51|0x00000000c3300000, 0x00000000c3400000, 0x00000000c3400000|100%| O|  |TAMS 0x00000000c3400000, 0x00000000c3300000| Untracked 
|  52|0x00000000c3400000, 0x00000000c34fffe8, 0x00000000c3500000| 99%| O|  |TAMS 0x00000000c34fffe8, 0x00000000c3400000| Untracked 
|  53|0x00000000c3500000, 0x00000000c35fffe8, 0x00000000c3600000| 99%| O|  |TAMS 0x00000000c35fffe8, 0x00000000c3500000| Untracked 
|  54|0x00000000c3600000, 0x00000000c36ffff0, 0x00000000c3700000| 99%| O|  |TAMS 0x00000000c36ffff0, 0x00000000c3600000| Untracked 
|  55|0x00000000c3700000, 0x00000000c37fffd8, 0x00000000c3800000| 99%| O|  |TAMS 0x00000000c37fffd8, 0x00000000c3700000| Untracked 
|  56|0x00000000c3800000, 0x00000000c38ffff8, 0x00000000c3900000| 99%| O|  |TAMS 0x00000000c38ffff8, 0x00000000c3800000| Untracked 
|  57|0x00000000c3900000, 0x00000000c39d6000, 0x00000000c3a00000| 83%| O|  |TAMS 0x00000000c3900000, 0x00000000c3900000| Untracked 
|  58|0x00000000c3a00000, 0x00000000c3affe58, 0x00000000c3b00000| 99%| O|  |TAMS 0x00000000c3affe58, 0x00000000c3a00000| Untracked 
|  59|0x00000000c3b00000, 0x00000000c3bffff0, 0x00000000c3c00000| 99%| O|  |TAMS 0x00000000c3bffff0, 0x00000000c3b00000| Untracked 
|  60|0x00000000c3c00000, 0x00000000c3cffca0, 0x00000000c3d00000| 99%| O|  |TAMS 0x00000000c3cffca0, 0x00000000c3c00000| Untracked 
|  61|0x00000000c3d00000, 0x00000000c3dffff0, 0x00000000c3e00000| 99%| O|  |TAMS 0x00000000c3dffff0, 0x00000000c3d00000| Untracked 
|  62|0x00000000c3e00000, 0x00000000c3f00000, 0x00000000c3f00000|100%| O|  |TAMS 0x00000000c3f00000, 0x00000000c3e00000| Untracked 
|  63|0x00000000c3f00000, 0x00000000c3ffffe8, 0x00000000c4000000| 99%| O|  |TAMS 0x00000000c3ffffe8, 0x00000000c3f00000| Untracked 
|  64|0x00000000c4000000, 0x00000000c40ffff0, 0x00000000c4100000| 99%| O|  |TAMS 0x00000000c40ffff0, 0x00000000c4000000| Untracked 
|  65|0x00000000c4100000, 0x00000000c41ffff8, 0x00000000c4200000| 99%| O|  |TAMS 0x00000000c41ffff8, 0x00000000c4100000| Untracked 
|  66|0x00000000c4200000, 0x00000000c4300000, 0x00000000c4300000|100%| O|  |TAMS 0x00000000c4300000, 0x00000000c4200000| Untracked 
|  67|0x00000000c4300000, 0x00000000c43fffe0, 0x00000000c4400000| 99%| O|  |TAMS 0x00000000c43fffe0, 0x00000000c4300000| Untracked 
|  68|0x00000000c4400000, 0x00000000c44fffe8, 0x00000000c4500000| 99%| O|  |TAMS 0x00000000c44fffe8, 0x00000000c4400000| Untracked 
|  69|0x00000000c4500000, 0x00000000c45fecc8, 0x00000000c4600000| 99%| O|  |TAMS 0x00000000c45fecc8, 0x00000000c4500000| Untracked 
|  70|0x00000000c4600000, 0x00000000c46dd7e0, 0x00000000c4700000| 86%| O|  |TAMS 0x00000000c4600000, 0x00000000c4600000| Untracked 
|  71|0x00000000c4700000, 0x00000000c477e4b8, 0x00000000c4800000| 49%| O|  |TAMS 0x00000000c4700000, 0x00000000c4700000| Untracked 
|  72|0x00000000c4800000, 0x00000000c48fff48, 0x00000000c4900000| 99%| O|  |TAMS 0x00000000c48fff48, 0x00000000c4800000| Untracked 
|  73|0x00000000c4900000, 0x00000000c4a00000, 0x00000000c4a00000|100%|HS|  |TAMS 0x00000000c4a00000, 0x00000000c4900000| Untracked 
|  74|0x00000000c4a00000, 0x00000000c4b00000, 0x00000000c4b00000|100%|HC|  |TAMS 0x00000000c4b00000, 0x00000000c4a00000| Untracked 
|  75|0x00000000c4b00000, 0x00000000c4b02338, 0x00000000c4c00000|  0%| O|  |TAMS 0x00000000c4b00000, 0x00000000c4b00000| Untracked 
|  76|0x00000000c4c00000, 0x00000000c4c00000, 0x00000000c4d00000|  0%| F|  |TAMS 0x00000000c4c00000, 0x00000000c4c00000| Untracked 
|  77|0x00000000c4d00000, 0x00000000c4d00000, 0x00000000c4e00000|  0%| F|  |TAMS 0x00000000c4d00000, 0x00000000c4d00000| Untracked 
|  78|0x00000000c4e00000, 0x00000000c4f00000, 0x00000000c4f00000|100%| O|  |TAMS 0x00000000c4f00000, 0x00000000c4e00000| Untracked 
|  79|0x00000000c4f00000, 0x00000000c4fffff0, 0x00000000c5000000| 99%| O|  |TAMS 0x00000000c4fffff0, 0x00000000c4f00000| Untracked 
|  80|0x00000000c5000000, 0x00000000c5000000, 0x00000000c5100000|  0%| F|  |TAMS 0x00000000c5000000, 0x00000000c5000000| Untracked 
|  81|0x00000000c5100000, 0x00000000c5100000, 0x00000000c5200000|  0%| F|  |TAMS 0x00000000c5100000, 0x00000000c5100000| Untracked 
|  82|0x00000000c5200000, 0x00000000c5200000, 0x00000000c5300000|  0%| F|  |TAMS 0x00000000c5200000, 0x00000000c5200000| Untracked 
|  83|0x00000000c5300000, 0x00000000c5300000, 0x00000000c5400000|  0%| F|  |TAMS 0x00000000c5300000, 0x00000000c5300000| Untracked 
|  84|0x00000000c5400000, 0x00000000c5400000, 0x00000000c5500000|  0%| F|  |TAMS 0x00000000c5400000, 0x00000000c5400000| Untracked 
|  85|0x00000000c5500000, 0x00000000c5500000, 0x00000000c5600000|  0%| F|  |TAMS 0x00000000c5500000, 0x00000000c5500000| Untracked 
|  86|0x00000000c5600000, 0x00000000c5600000, 0x00000000c5700000|  0%| F|  |TAMS 0x00000000c5600000, 0x00000000c5600000| Untracked 
|  87|0x00000000c5700000, 0x00000000c5700000, 0x00000000c5800000|  0%| F|  |TAMS 0x00000000c5700000, 0x00000000c5700000| Untracked 
|  88|0x00000000c5800000, 0x00000000c5800000, 0x00000000c5900000|  0%| F|  |TAMS 0x00000000c5800000, 0x00000000c5800000| Untracked 
|  89|0x00000000c5900000, 0x00000000c59fffd8, 0x00000000c5a00000| 99%| O|  |TAMS 0x00000000c59fffd8, 0x00000000c5900000| Untracked 
|  90|0x00000000c5a00000, 0x00000000c5a00000, 0x00000000c5b00000|  0%| F|  |TAMS 0x00000000c5a00000, 0x00000000c5a00000| Untracked 
|  91|0x00000000c5b00000, 0x00000000c5b00000, 0x00000000c5c00000|  0%| F|  |TAMS 0x00000000c5b00000, 0x00000000c5b00000| Untracked 
|  92|0x00000000c5c00000, 0x00000000c5c00000, 0x00000000c5d00000|  0%| F|  |TAMS 0x00000000c5c00000, 0x00000000c5c00000| Untracked 
|  93|0x00000000c5d00000, 0x00000000c5d00000, 0x00000000c5e00000|  0%| F|  |TAMS 0x00000000c5d00000, 0x00000000c5d00000| Untracked 
|  94|0x00000000c5e00000, 0x00000000c5e00000, 0x00000000c5f00000|  0%| F|  |TAMS 0x00000000c5e00000, 0x00000000c5e00000| Untracked 
|  95|0x00000000c5f00000, 0x00000000c6000000, 0x00000000c6000000|100%| O|  |TAMS 0x00000000c6000000, 0x00000000c5f00000| Untracked 
|  96|0x00000000c6000000, 0x00000000c6000000, 0x00000000c6100000|  0%| F|  |TAMS 0x00000000c6000000, 0x00000000c6000000| Untracked 
|  97|0x00000000c6100000, 0x00000000c6100000, 0x00000000c6200000|  0%| F|  |TAMS 0x00000000c6100000, 0x00000000c6100000| Untracked 
|  98|0x00000000c6200000, 0x00000000c6200000, 0x00000000c6300000|  0%| F|  |TAMS 0x00000000c6200000, 0x00000000c6200000| Untracked 
|  99|0x00000000c6300000, 0x00000000c6300000, 0x00000000c6400000|  0%| F|  |TAMS 0x00000000c6300000, 0x00000000c6300000| Untracked 
| 100|0x00000000c6400000, 0x00000000c6400000, 0x00000000c6500000|  0%| F|  |TAMS 0x00000000c6400000, 0x00000000c6400000| Untracked 
| 101|0x00000000c6500000, 0x00000000c6500000, 0x00000000c6600000|  0%| F|  |TAMS 0x00000000c6500000, 0x00000000c6500000| Untracked 
| 102|0x00000000c6600000, 0x00000000c6600000, 0x00000000c6700000|  0%| F|  |TAMS 0x00000000c6600000, 0x00000000c6600000| Untracked 
| 103|0x00000000c6700000, 0x00000000c6700000, 0x00000000c6800000|  0%| F|  |TAMS 0x00000000c6700000, 0x00000000c6700000| Untracked 
| 104|0x00000000c6800000, 0x00000000c6800000, 0x00000000c6900000|  0%| F|  |TAMS 0x00000000c6800000, 0x00000000c6800000| Untracked 
| 105|0x00000000c6900000, 0x00000000c6900000, 0x00000000c6a00000|  0%| F|  |TAMS 0x00000000c6900000, 0x00000000c6900000| Untracked 
| 106|0x00000000c6a00000, 0x00000000c6a00000, 0x00000000c6b00000|  0%| F|  |TAMS 0x00000000c6a00000, 0x00000000c6a00000| Untracked 
| 107|0x00000000c6b00000, 0x00000000c6b00000, 0x00000000c6c00000|  0%| F|  |TAMS 0x00000000c6b00000, 0x00000000c6b00000| Untracked 
| 108|0x00000000c6c00000, 0x00000000c6c00000, 0x00000000c6d00000|  0%| F|  |TAMS 0x00000000c6c00000, 0x00000000c6c00000| Untracked 
| 109|0x00000000c6d00000, 0x00000000c6d00000, 0x00000000c6e00000|  0%| F|  |TAMS 0x00000000c6d00000, 0x00000000c6d00000| Untracked 
| 110|0x00000000c6e00000, 0x00000000c6e00000, 0x00000000c6f00000|  0%| F|  |TAMS 0x00000000c6e00000, 0x00000000c6e00000| Untracked 
| 111|0x00000000c6f00000, 0x00000000c6f00000, 0x00000000c7000000|  0%| F|  |TAMS 0x00000000c6f00000, 0x00000000c6f00000| Untracked 
| 112|0x00000000c7000000, 0x00000000c7000000, 0x00000000c7100000|  0%| F|  |TAMS 0x00000000c7000000, 0x00000000c7000000| Untracked 
| 113|0x00000000c7100000, 0x00000000c7100000, 0x00000000c7200000|  0%| F|  |TAMS 0x00000000c7100000, 0x00000000c7100000| Untracked 
| 114|0x00000000c7200000, 0x00000000c7200000, 0x00000000c7300000|  0%| F|  |TAMS 0x00000000c7200000, 0x00000000c7200000| Untracked 
| 115|0x00000000c7300000, 0x00000000c7300000, 0x00000000c7400000|  0%| F|  |TAMS 0x00000000c7300000, 0x00000000c7300000| Untracked 
| 116|0x00000000c7400000, 0x00000000c7400000, 0x00000000c7500000|  0%| F|  |TAMS 0x00000000c7400000, 0x00000000c7400000| Untracked 
| 117|0x00000000c7500000, 0x00000000c7500000, 0x00000000c7600000|  0%| F|  |TAMS 0x00000000c7500000, 0x00000000c7500000| Untracked 
| 118|0x00000000c7600000, 0x00000000c7600000, 0x00000000c7700000|  0%| F|  |TAMS 0x00000000c7600000, 0x00000000c7600000| Untracked 
| 119|0x00000000c7700000, 0x00000000c7700000, 0x00000000c7800000|  0%| F|  |TAMS 0x00000000c7700000, 0x00000000c7700000| Untracked 
| 120|0x00000000c7800000, 0x00000000c7800000, 0x00000000c7900000|  0%| F|  |TAMS 0x00000000c7800000, 0x00000000c7800000| Untracked 
| 121|0x00000000c7900000, 0x00000000c7900000, 0x00000000c7a00000|  0%| F|  |TAMS 0x00000000c7900000, 0x00000000c7900000| Untracked 
| 122|0x00000000c7a00000, 0x00000000c7a00000, 0x00000000c7b00000|  0%| F|  |TAMS 0x00000000c7a00000, 0x00000000c7a00000| Untracked 
| 123|0x00000000c7b00000, 0x00000000c7b00000, 0x00000000c7c00000|  0%| F|  |TAMS 0x00000000c7b00000, 0x00000000c7b00000| Untracked 
| 124|0x00000000c7c00000, 0x00000000c7c00000, 0x00000000c7d00000|  0%| F|  |TAMS 0x00000000c7c00000, 0x00000000c7c00000| Untracked 
| 125|0x00000000c7d00000, 0x00000000c7d00000, 0x00000000c7e00000|  0%| F|  |TAMS 0x00000000c7d00000, 0x00000000c7d00000| Untracked 
| 126|0x00000000c7e00000, 0x00000000c7e00000, 0x00000000c7f00000|  0%| F|  |TAMS 0x00000000c7e00000, 0x00000000c7e00000| Untracked 
| 127|0x00000000c7f00000, 0x00000000c7f00000, 0x00000000c8000000|  0%| F|  |TAMS 0x00000000c7f00000, 0x00000000c7f00000| Untracked 
| 128|0x00000000c8000000, 0x00000000c8000000, 0x00000000c8100000|  0%| F|  |TAMS 0x00000000c8000000, 0x00000000c8000000| Untracked 
| 129|0x00000000c8100000, 0x00000000c8100000, 0x00000000c8200000|  0%| F|  |TAMS 0x00000000c8100000, 0x00000000c8100000| Untracked 
| 130|0x00000000c8200000, 0x00000000c8200000, 0x00000000c8300000|  0%| F|  |TAMS 0x00000000c8200000, 0x00000000c8200000| Untracked 
| 131|0x00000000c8300000, 0x00000000c8300000, 0x00000000c8400000|  0%| F|  |TAMS 0x00000000c8300000, 0x00000000c8300000| Untracked 
| 132|0x00000000c8400000, 0x00000000c8400000, 0x00000000c8500000|  0%| F|  |TAMS 0x00000000c8400000, 0x00000000c8400000| Untracked 
| 133|0x00000000c8500000, 0x00000000c8500000, 0x00000000c8600000|  0%| F|  |TAMS 0x00000000c8500000, 0x00000000c8500000| Untracked 
| 134|0x00000000c8600000, 0x00000000c8600000, 0x00000000c8700000|  0%| F|  |TAMS 0x00000000c8600000, 0x00000000c8600000| Untracked 
| 135|0x00000000c8700000, 0x00000000c8700000, 0x00000000c8800000|  0%| F|  |TAMS 0x00000000c8700000, 0x00000000c8700000| Untracked 
| 136|0x00000000c8800000, 0x00000000c8800000, 0x00000000c8900000|  0%| F|  |TAMS 0x00000000c8800000, 0x00000000c8800000| Untracked 
| 137|0x00000000c8900000, 0x00000000c8900000, 0x00000000c8a00000|  0%| F|  |TAMS 0x00000000c8900000, 0x00000000c8900000| Untracked 
| 138|0x00000000c8a00000, 0x00000000c8a00000, 0x00000000c8b00000|  0%| F|  |TAMS 0x00000000c8a00000, 0x00000000c8a00000| Untracked 
| 139|0x00000000c8b00000, 0x00000000c8b00000, 0x00000000c8c00000|  0%| F|  |TAMS 0x00000000c8b00000, 0x00000000c8b00000| Untracked 
| 140|0x00000000c8c00000, 0x00000000c8c00000, 0x00000000c8d00000|  0%| F|  |TAMS 0x00000000c8c00000, 0x00000000c8c00000| Untracked 
| 141|0x00000000c8d00000, 0x00000000c8d00000, 0x00000000c8e00000|  0%| F|  |TAMS 0x00000000c8d00000, 0x00000000c8d00000| Untracked 
| 142|0x00000000c8e00000, 0x00000000c8e00000, 0x00000000c8f00000|  0%| F|  |TAMS 0x00000000c8e00000, 0x00000000c8e00000| Untracked 
| 143|0x00000000c8f00000, 0x00000000c8f00000, 0x00000000c9000000|  0%| F|  |TAMS 0x00000000c8f00000, 0x00000000c8f00000| Untracked 
| 144|0x00000000c9000000, 0x00000000c9000000, 0x00000000c9100000|  0%| F|  |TAMS 0x00000000c9000000, 0x00000000c9000000| Untracked 
| 145|0x00000000c9100000, 0x00000000c9100000, 0x00000000c9200000|  0%| F|  |TAMS 0x00000000c9100000, 0x00000000c9100000| Untracked 
| 146|0x00000000c9200000, 0x00000000c9200000, 0x00000000c9300000|  0%| F|  |TAMS 0x00000000c9200000, 0x00000000c9200000| Untracked 
| 147|0x00000000c9300000, 0x00000000c9300000, 0x00000000c9400000|  0%| F|  |TAMS 0x00000000c9300000, 0x00000000c9300000| Untracked 
| 148|0x00000000c9400000, 0x00000000c9400000, 0x00000000c9500000|  0%| F|  |TAMS 0x00000000c9400000, 0x00000000c9400000| Untracked 
| 149|0x00000000c9500000, 0x00000000c9500000, 0x00000000c9600000|  0%| F|  |TAMS 0x00000000c9500000, 0x00000000c9500000| Untracked 
| 150|0x00000000c9600000, 0x00000000c9600000, 0x00000000c9700000|  0%| F|  |TAMS 0x00000000c9600000, 0x00000000c9600000| Untracked 
| 151|0x00000000c9700000, 0x00000000c9700000, 0x00000000c9800000|  0%| F|  |TAMS 0x00000000c9700000, 0x00000000c9700000| Untracked 
| 152|0x00000000c9800000, 0x00000000c9800000, 0x00000000c9900000|  0%| F|  |TAMS 0x00000000c9800000, 0x00000000c9800000| Untracked 
| 153|0x00000000c9900000, 0x00000000c9900000, 0x00000000c9a00000|  0%| F|  |TAMS 0x00000000c9900000, 0x00000000c9900000| Untracked 
| 154|0x00000000c9a00000, 0x00000000c9a00000, 0x00000000c9b00000|  0%| F|  |TAMS 0x00000000c9a00000, 0x00000000c9a00000| Untracked 
| 155|0x00000000c9b00000, 0x00000000c9b00000, 0x00000000c9c00000|  0%| F|  |TAMS 0x00000000c9b00000, 0x00000000c9b00000| Untracked 
| 156|0x00000000c9c00000, 0x00000000c9c00000, 0x00000000c9d00000|  0%| F|  |TAMS 0x00000000c9c00000, 0x00000000c9c00000| Untracked 
| 157|0x00000000c9d00000, 0x00000000c9d00000, 0x00000000c9e00000|  0%| F|  |TAMS 0x00000000c9d00000, 0x00000000c9d00000| Untracked 
| 158|0x00000000c9e00000, 0x00000000c9e00000, 0x00000000c9f00000|  0%| F|  |TAMS 0x00000000c9e00000, 0x00000000c9e00000| Untracked 
| 159|0x00000000c9f00000, 0x00000000c9f00000, 0x00000000ca000000|  0%| F|  |TAMS 0x00000000c9f00000, 0x00000000c9f00000| Untracked 
| 160|0x00000000ca000000, 0x00000000ca000000, 0x00000000ca100000|  0%| F|  |TAMS 0x00000000ca000000, 0x00000000ca000000| Untracked 
| 161|0x00000000ca100000, 0x00000000ca100000, 0x00000000ca200000|  0%| F|  |TAMS 0x00000000ca100000, 0x00000000ca100000| Untracked 
| 162|0x00000000ca200000, 0x00000000ca200000, 0x00000000ca300000|  0%| F|  |TAMS 0x00000000ca200000, 0x00000000ca200000| Untracked 
| 163|0x00000000ca300000, 0x00000000ca300000, 0x00000000ca400000|  0%| F|  |TAMS 0x00000000ca300000, 0x00000000ca300000| Untracked 
| 164|0x00000000ca400000, 0x00000000ca400000, 0x00000000ca500000|  0%| F|  |TAMS 0x00000000ca400000, 0x00000000ca400000| Untracked 
| 165|0x00000000ca500000, 0x00000000ca500000, 0x00000000ca600000|  0%| F|  |TAMS 0x00000000ca500000, 0x00000000ca500000| Untracked 
| 166|0x00000000ca600000, 0x00000000ca600000, 0x00000000ca700000|  0%| F|  |TAMS 0x00000000ca600000, 0x00000000ca600000| Untracked 
| 167|0x00000000ca700000, 0x00000000ca700000, 0x00000000ca800000|  0%| F|  |TAMS 0x00000000ca700000, 0x00000000ca700000| Untracked 
| 168|0x00000000ca800000, 0x00000000ca800000, 0x00000000ca900000|  0%| F|  |TAMS 0x00000000ca800000, 0x00000000ca800000| Untracked 
| 169|0x00000000ca900000, 0x00000000ca900000, 0x00000000caa00000|  0%| F|  |TAMS 0x00000000ca900000, 0x00000000ca900000| Untracked 
| 170|0x00000000caa00000, 0x00000000caa00000, 0x00000000cab00000|  0%| F|  |TAMS 0x00000000caa00000, 0x00000000caa00000| Untracked 
| 171|0x00000000cab00000, 0x00000000cab00000, 0x00000000cac00000|  0%| F|  |TAMS 0x00000000cab00000, 0x00000000cab00000| Untracked 
| 172|0x00000000cac00000, 0x00000000cac00000, 0x00000000cad00000|  0%| F|  |TAMS 0x00000000cac00000, 0x00000000cac00000| Untracked 
| 173|0x00000000cad00000, 0x00000000cad00000, 0x00000000cae00000|  0%| F|  |TAMS 0x00000000cad00000, 0x00000000cad00000| Untracked 
| 174|0x00000000cae00000, 0x00000000cae00000, 0x00000000caf00000|  0%| F|  |TAMS 0x00000000cae00000, 0x00000000cae00000| Untracked 
| 175|0x00000000caf00000, 0x00000000caf00000, 0x00000000cb000000|  0%| F|  |TAMS 0x00000000caf00000, 0x00000000caf00000| Untracked 
| 176|0x00000000cb000000, 0x00000000cb000000, 0x00000000cb100000|  0%| F|  |TAMS 0x00000000cb000000, 0x00000000cb000000| Untracked 
| 177|0x00000000cb100000, 0x00000000cb100000, 0x00000000cb200000|  0%| F|  |TAMS 0x00000000cb100000, 0x00000000cb100000| Untracked 
| 178|0x00000000cb200000, 0x00000000cb200000, 0x00000000cb300000|  0%| F|  |TAMS 0x00000000cb200000, 0x00000000cb200000| Untracked 
| 179|0x00000000cb300000, 0x00000000cb300000, 0x00000000cb400000|  0%| F|  |TAMS 0x00000000cb300000, 0x00000000cb300000| Untracked 
| 180|0x00000000cb400000, 0x00000000cb400000, 0x00000000cb500000|  0%| F|  |TAMS 0x00000000cb400000, 0x00000000cb400000| Untracked 
| 181|0x00000000cb500000, 0x00000000cb500000, 0x00000000cb600000|  0%| F|  |TAMS 0x00000000cb500000, 0x00000000cb500000| Untracked 
| 182|0x00000000cb600000, 0x00000000cb600000, 0x00000000cb700000|  0%| F|  |TAMS 0x00000000cb600000, 0x00000000cb600000| Untracked 
| 183|0x00000000cb700000, 0x00000000cb700000, 0x00000000cb800000|  0%| F|  |TAMS 0x00000000cb700000, 0x00000000cb700000| Untracked 
| 184|0x00000000cb800000, 0x00000000cb800000, 0x00000000cb900000|  0%| F|  |TAMS 0x00000000cb800000, 0x00000000cb800000| Untracked 
| 185|0x00000000cb900000, 0x00000000cb900000, 0x00000000cba00000|  0%| F|  |TAMS 0x00000000cb900000, 0x00000000cb900000| Untracked 
| 186|0x00000000cba00000, 0x00000000cba00000, 0x00000000cbb00000|  0%| F|  |TAMS 0x00000000cba00000, 0x00000000cba00000| Untracked 
| 187|0x00000000cbb00000, 0x00000000cbb00000, 0x00000000cbc00000|  0%| F|  |TAMS 0x00000000cbb00000, 0x00000000cbb00000| Untracked 
| 188|0x00000000cbc00000, 0x00000000cbc00000, 0x00000000cbd00000|  0%| F|  |TAMS 0x00000000cbc00000, 0x00000000cbc00000| Untracked 
| 189|0x00000000cbd00000, 0x00000000cbd00000, 0x00000000cbe00000|  0%| F|  |TAMS 0x00000000cbd00000, 0x00000000cbd00000| Untracked 
| 190|0x00000000cbe00000, 0x00000000cbe00000, 0x00000000cbf00000|  0%| F|  |TAMS 0x00000000cbe00000, 0x00000000cbe00000| Untracked 
| 191|0x00000000cbf00000, 0x00000000cbf00000, 0x00000000cc000000|  0%| F|  |TAMS 0x00000000cbf00000, 0x00000000cbf00000| Untracked 
| 192|0x00000000cc000000, 0x00000000cc000000, 0x00000000cc100000|  0%| F|  |TAMS 0x00000000cc000000, 0x00000000cc000000| Untracked 
| 193|0x00000000cc100000, 0x00000000cc100000, 0x00000000cc200000|  0%| F|  |TAMS 0x00000000cc100000, 0x00000000cc100000| Untracked 
| 194|0x00000000cc200000, 0x00000000cc200000, 0x00000000cc300000|  0%| F|  |TAMS 0x00000000cc200000, 0x00000000cc200000| Untracked 
| 195|0x00000000cc300000, 0x00000000cc300000, 0x00000000cc400000|  0%| F|  |TAMS 0x00000000cc300000, 0x00000000cc300000| Untracked 
| 196|0x00000000cc400000, 0x00000000cc400000, 0x00000000cc500000|  0%| F|  |TAMS 0x00000000cc400000, 0x00000000cc400000| Untracked 
| 197|0x00000000cc500000, 0x00000000cc500000, 0x00000000cc600000|  0%| F|  |TAMS 0x00000000cc500000, 0x00000000cc500000| Untracked 
| 198|0x00000000cc600000, 0x00000000cc600000, 0x00000000cc700000|  0%| F|  |TAMS 0x00000000cc600000, 0x00000000cc600000| Untracked 
| 199|0x00000000cc700000, 0x00000000cc700000, 0x00000000cc800000|  0%| F|  |TAMS 0x00000000cc700000, 0x00000000cc700000| Untracked 
| 200|0x00000000cc800000, 0x00000000cc800000, 0x00000000cc900000|  0%| F|  |TAMS 0x00000000cc800000, 0x00000000cc800000| Untracked 
| 201|0x00000000cc900000, 0x00000000cc900000, 0x00000000cca00000|  0%| F|  |TAMS 0x00000000cc900000, 0x00000000cc900000| Untracked 
| 202|0x00000000cca00000, 0x00000000cca00000, 0x00000000ccb00000|  0%| F|  |TAMS 0x00000000cca00000, 0x00000000cca00000| Untracked 
| 203|0x00000000ccb00000, 0x00000000ccb00000, 0x00000000ccc00000|  0%| F|  |TAMS 0x00000000ccb00000, 0x00000000ccb00000| Untracked 
| 204|0x00000000ccc00000, 0x00000000ccc00000, 0x00000000ccd00000|  0%| F|  |TAMS 0x00000000ccc00000, 0x00000000ccc00000| Untracked 
| 205|0x00000000ccd00000, 0x00000000ccd00000, 0x00000000cce00000|  0%| F|  |TAMS 0x00000000ccd00000, 0x00000000ccd00000| Untracked 
| 206|0x00000000cce00000, 0x00000000cce00000, 0x00000000ccf00000|  0%| F|  |TAMS 0x00000000cce00000, 0x00000000cce00000| Untracked 
| 207|0x00000000ccf00000, 0x00000000ccf00000, 0x00000000cd000000|  0%| F|  |TAMS 0x00000000ccf00000, 0x00000000ccf00000| Untracked 
| 208|0x00000000cd000000, 0x00000000cd000000, 0x00000000cd100000|  0%| F|  |TAMS 0x00000000cd000000, 0x00000000cd000000| Untracked 
| 209|0x00000000cd100000, 0x00000000cd100000, 0x00000000cd200000|  0%| F|  |TAMS 0x00000000cd100000, 0x00000000cd100000| Untracked 
| 210|0x00000000cd200000, 0x00000000cd200000, 0x00000000cd300000|  0%| F|  |TAMS 0x00000000cd200000, 0x00000000cd200000| Untracked 
| 211|0x00000000cd300000, 0x00000000cd300000, 0x00000000cd400000|  0%| F|  |TAMS 0x00000000cd300000, 0x00000000cd300000| Untracked 
| 212|0x00000000cd400000, 0x00000000cd400000, 0x00000000cd500000|  0%| F|  |TAMS 0x00000000cd400000, 0x00000000cd400000| Untracked 
| 213|0x00000000cd500000, 0x00000000cd500000, 0x00000000cd600000|  0%| F|  |TAMS 0x00000000cd500000, 0x00000000cd500000| Untracked 
| 214|0x00000000cd600000, 0x00000000cd600000, 0x00000000cd700000|  0%| F|  |TAMS 0x00000000cd600000, 0x00000000cd600000| Untracked 
| 215|0x00000000cd700000, 0x00000000cd700000, 0x00000000cd800000|  0%| F|  |TAMS 0x00000000cd700000, 0x00000000cd700000| Untracked 
| 216|0x00000000cd800000, 0x00000000cd800000, 0x00000000cd900000|  0%| F|  |TAMS 0x00000000cd800000, 0x00000000cd800000| Untracked 
| 217|0x00000000cd900000, 0x00000000cd900000, 0x00000000cda00000|  0%| F|  |TAMS 0x00000000cd900000, 0x00000000cd900000| Untracked 
| 218|0x00000000cda00000, 0x00000000cda00000, 0x00000000cdb00000|  0%| F|  |TAMS 0x00000000cda00000, 0x00000000cda00000| Untracked 
| 219|0x00000000cdb00000, 0x00000000cdb00000, 0x00000000cdc00000|  0%| F|  |TAMS 0x00000000cdb00000, 0x00000000cdb00000| Untracked 
| 220|0x00000000cdc00000, 0x00000000cdc00000, 0x00000000cdd00000|  0%| F|  |TAMS 0x00000000cdc00000, 0x00000000cdc00000| Untracked 
| 221|0x00000000cdd00000, 0x00000000cdd00000, 0x00000000cde00000|  0%| F|  |TAMS 0x00000000cdd00000, 0x00000000cdd00000| Untracked 
| 222|0x00000000cde00000, 0x00000000cde00000, 0x00000000cdf00000|  0%| F|  |TAMS 0x00000000cde00000, 0x00000000cde00000| Untracked 
| 223|0x00000000cdf00000, 0x00000000cdf00000, 0x00000000ce000000|  0%| F|  |TAMS 0x00000000cdf00000, 0x00000000cdf00000| Untracked 
| 224|0x00000000ce000000, 0x00000000ce000000, 0x00000000ce100000|  0%| F|  |TAMS 0x00000000ce000000, 0x00000000ce000000| Untracked 
| 225|0x00000000ce100000, 0x00000000ce100000, 0x00000000ce200000|  0%| F|  |TAMS 0x00000000ce100000, 0x00000000ce100000| Untracked 
| 226|0x00000000ce200000, 0x00000000ce200000, 0x00000000ce300000|  0%| F|  |TAMS 0x00000000ce200000, 0x00000000ce200000| Untracked 
| 227|0x00000000ce300000, 0x00000000ce300000, 0x00000000ce400000|  0%| F|  |TAMS 0x00000000ce300000, 0x00000000ce300000| Untracked 
| 228|0x00000000ce400000, 0x00000000ce400000, 0x00000000ce500000|  0%| F|  |TAMS 0x00000000ce400000, 0x00000000ce400000| Untracked 
| 229|0x00000000ce500000, 0x00000000ce500000, 0x00000000ce600000|  0%| F|  |TAMS 0x00000000ce500000, 0x00000000ce500000| Untracked 
| 230|0x00000000ce600000, 0x00000000ce600000, 0x00000000ce700000|  0%| F|  |TAMS 0x00000000ce600000, 0x00000000ce600000| Untracked 
| 231|0x00000000ce700000, 0x00000000ce700000, 0x00000000ce800000|  0%| F|  |TAMS 0x00000000ce700000, 0x00000000ce700000| Untracked 
| 232|0x00000000ce800000, 0x00000000ce800000, 0x00000000ce900000|  0%| F|  |TAMS 0x00000000ce800000, 0x00000000ce800000| Untracked 
| 233|0x00000000ce900000, 0x00000000ce900000, 0x00000000cea00000|  0%| F|  |TAMS 0x00000000ce900000, 0x00000000ce900000| Untracked 
| 234|0x00000000cea00000, 0x00000000cea00000, 0x00000000ceb00000|  0%| F|  |TAMS 0x00000000cea00000, 0x00000000cea00000| Untracked 
| 235|0x00000000ceb00000, 0x00000000ceb00000, 0x00000000cec00000|  0%| F|  |TAMS 0x00000000ceb00000, 0x00000000ceb00000| Untracked 
| 236|0x00000000cec00000, 0x00000000cec00000, 0x00000000ced00000|  0%| F|  |TAMS 0x00000000cec00000, 0x00000000cec00000| Untracked 
| 237|0x00000000ced00000, 0x00000000ced00000, 0x00000000cee00000|  0%| F|  |TAMS 0x00000000ced00000, 0x00000000ced00000| Untracked 
| 238|0x00000000cee00000, 0x00000000cee00000, 0x00000000cef00000|  0%| F|  |TAMS 0x00000000cee00000, 0x00000000cee00000| Untracked 
| 239|0x00000000cef00000, 0x00000000cef00000, 0x00000000cf000000|  0%| F|  |TAMS 0x00000000cef00000, 0x00000000cef00000| Untracked 
| 240|0x00000000cf000000, 0x00000000cf000000, 0x00000000cf100000|  0%| F|  |TAMS 0x00000000cf000000, 0x00000000cf000000| Untracked 
| 241|0x00000000cf100000, 0x00000000cf100000, 0x00000000cf200000|  0%| F|  |TAMS 0x00000000cf100000, 0x00000000cf100000| Untracked 
| 242|0x00000000cf200000, 0x00000000cf200000, 0x00000000cf300000|  0%| F|  |TAMS 0x00000000cf200000, 0x00000000cf200000| Untracked 
| 243|0x00000000cf300000, 0x00000000cf300000, 0x00000000cf400000|  0%| F|  |TAMS 0x00000000cf300000, 0x00000000cf300000| Untracked 
| 244|0x00000000cf400000, 0x00000000cf400000, 0x00000000cf500000|  0%| F|  |TAMS 0x00000000cf400000, 0x00000000cf400000| Untracked 
| 245|0x00000000cf500000, 0x00000000cf500000, 0x00000000cf600000|  0%| F|  |TAMS 0x00000000cf500000, 0x00000000cf500000| Untracked 
| 246|0x00000000cf600000, 0x00000000cf600000, 0x00000000cf700000|  0%| F|  |TAMS 0x00000000cf600000, 0x00000000cf600000| Untracked 
| 247|0x00000000cf700000, 0x00000000cf700000, 0x00000000cf800000|  0%| F|  |TAMS 0x00000000cf700000, 0x00000000cf700000| Untracked 
| 248|0x00000000cf800000, 0x00000000cf800000, 0x00000000cf900000|  0%| F|  |TAMS 0x00000000cf800000, 0x00000000cf800000| Untracked 
| 249|0x00000000cf900000, 0x00000000cf900000, 0x00000000cfa00000|  0%| F|  |TAMS 0x00000000cf900000, 0x00000000cf900000| Untracked 
| 250|0x00000000cfa00000, 0x00000000cfa00000, 0x00000000cfb00000|  0%| F|  |TAMS 0x00000000cfa00000, 0x00000000cfa00000| Untracked 
| 251|0x00000000cfb00000, 0x00000000cfb00000, 0x00000000cfc00000|  0%| F|  |TAMS 0x00000000cfb00000, 0x00000000cfb00000| Untracked 
| 252|0x00000000cfc00000, 0x00000000cfc00000, 0x00000000cfd00000|  0%| F|  |TAMS 0x00000000cfc00000, 0x00000000cfc00000| Untracked 
| 253|0x00000000cfd00000, 0x00000000cfd00000, 0x00000000cfe00000|  0%| F|  |TAMS 0x00000000cfd00000, 0x00000000cfd00000| Untracked 
| 254|0x00000000cfe00000, 0x00000000cfe00000, 0x00000000cff00000|  0%| F|  |TAMS 0x00000000cfe00000, 0x00000000cfe00000| Untracked 
| 255|0x00000000cff00000, 0x00000000cff00000, 0x00000000d0000000|  0%| F|  |TAMS 0x00000000cff00000, 0x00000000cff00000| Untracked 
| 256|0x00000000d0000000, 0x00000000d0000000, 0x00000000d0100000|  0%| F|  |TAMS 0x00000000d0000000, 0x00000000d0000000| Untracked 
| 257|0x00000000d0100000, 0x00000000d0100000, 0x00000000d0200000|  0%| F|  |TAMS 0x00000000d0100000, 0x00000000d0100000| Untracked 
| 258|0x00000000d0200000, 0x00000000d0200000, 0x00000000d0300000|  0%| F|  |TAMS 0x00000000d0200000, 0x00000000d0200000| Untracked 
| 259|0x00000000d0300000, 0x00000000d0300000, 0x00000000d0400000|  0%| F|  |TAMS 0x00000000d0300000, 0x00000000d0300000| Untracked 
| 260|0x00000000d0400000, 0x00000000d0400000, 0x00000000d0500000|  0%| F|  |TAMS 0x00000000d0400000, 0x00000000d0400000| Untracked 
| 261|0x00000000d0500000, 0x00000000d0500000, 0x00000000d0600000|  0%| F|  |TAMS 0x00000000d0500000, 0x00000000d0500000| Untracked 
| 262|0x00000000d0600000, 0x00000000d0600000, 0x00000000d0700000|  0%| F|  |TAMS 0x00000000d0600000, 0x00000000d0600000| Untracked 
| 263|0x00000000d0700000, 0x00000000d0756678, 0x00000000d0800000| 33%| E|  |TAMS 0x00000000d0700000, 0x00000000d0700000| Complete 

Card table byte_map: [0x000001753d640000,0x000001753d840000] _byte_map_base: 0x000001753d040000

Marking Bits (Prev, Next): (CMBitMap*) 0x0000017537198590, (CMBitMap*) 0x00000175371985d0
 Prev Bits: [0x000001753da40000, 0x000001753ea40000)
 Next Bits: [0x000001753ea40000, 0x000001753fa40000)

Polling page: 0x00000175350d0000

Metaspace:

Usage:
  Non-class:     63.31 MB used.
      Class:     10.03 MB used.
       Both:     73.35 MB used.

Virtual space:
  Non-class space:       64.00 MB reserved,      63.88 MB (>99%) committed,  1 nodes.
      Class space:        1.00 GB reserved,      10.38 MB (  1%) committed,  1 nodes.
             Both:        1.06 GB reserved,      74.25 MB (  7%) committed. 

Chunk freelists:
   Non-Class:  460.00 KB
       Class:  5.78 MB
        Both:  6.23 MB

MaxMetaspaceSize: unlimited
CompressedClassSpaceSize: 1.00 GB
Initial GC threshold: 21.00 MB
Current GC threshold: 123.75 MB
CDS: off
MetaspaceReclaimPolicy: balanced
 - commit_granule_bytes: 65536.
 - commit_granule_words: 8192.
 - virtual_space_node_default_size: 8388608.
 - enlarge_chunks_in_place: 1.
 - new_chunks_are_fully_committed: 0.
 - uncommit_free_chunks: 1.
 - use_allocation_guard: 0.
 - handle_deallocations: 1.


Internal statistics:

num_allocs_failed_limit: 6.
num_arena_births: 746.
num_arena_deaths: 256.
num_vsnodes_births: 2.
num_vsnodes_deaths: 0.
num_space_committed: 1188.
num_space_uncommitted: 0.
num_chunks_returned_to_freelist: 316.
num_chunks_taken_from_freelist: 3233.
num_chunk_merges: 110.
num_chunk_splits: 2286.
num_chunks_enlarged: 1749.
num_inconsistent_stats: 0.

CodeCache: size=49152Kb used=19687Kb max_used=21013Kb free=29464Kb
 bounds [0x0000017539de0000, 0x000001753b270000, 0x000001753cde0000]
 total_blobs=11564 nmethods=10867 adapters=624
 compilation: enabled
              stopped_count=0, restarted_count=0
 full_count=0

Compilation events (20 events):
Event: 1302.847 Thread 0x0000017542ad5730 11047       1       java.util.concurrent.ConcurrentLinkedDeque::toArrayInternal (141 bytes)
Event: 1302.847 Thread 0x0000017542ad5730 nmethod 11047 0x000001753a394790 code [0x000001753a394980, 0x000001753a395058]
Event: 1319.559 Thread 0x0000017542ad5730 11048       1       org.springframework.ide.vscode.commons.languageserver.util.SimpleLanguageServer::getParentProcessId (5 bytes)
Event: 1319.559 Thread 0x0000017542ad5730 nmethod 11048 0x000001753a394490 code [0x000001753a394620, 0x000001753a3946f8]
Event: 1371.145 Thread 0x0000017542ad5730 11049       1       java.lang.Runtime::getRuntime (4 bytes)
Event: 1371.199 Thread 0x0000017542ad5730 nmethod 11049 0x000001753a394190 code [0x000001753a394320, 0x000001753a3943d8]
Event: 1473.245 Thread 0x0000017542ad5730 11050       1       java.io.FileInputStream::<init> (59 bytes)
Event: 1473.246 Thread 0x0000017542ad5730 nmethod 11050 0x000001753a393890 code [0x000001753a393a80, 0x000001753a393f48]
Event: 1473.246 Thread 0x0000017542ad5730 11051       1       java.lang.Process$PipeInputStream::<init> (6 bytes)
Event: 1473.247 Thread 0x0000017542ad5730 nmethod 11051 0x000001753a393590 code [0x000001753a393720, 0x000001753a393808]
Event: 1473.453 Thread 0x0000017542ad5730 11052       1       java.lang.ProcessImpl::exitValue (28 bytes)
Event: 1473.515 Thread 0x0000017542ad5730 nmethod 11052 0x000001753a393190 code [0x000001753a393340, 0x000001753a393498]
Event: 1473.515 Thread 0x0000017542ad5730 11055   !   1       com.google.common.io.Closeables::closeQuietly (19 bytes)
Event: 1473.515 Thread 0x0000017542ad5730 nmethod 11055 0x000001753a392d90 code [0x000001753a392f40, 0x000001753a3930b8]
Event: 1473.515 Thread 0x0000017542ad5730 11053       1       java.lang.ProcessImpl::getInputStream (5 bytes)
Event: 1473.515 Thread 0x0000017542ad5730 nmethod 11053 0x000001753a392a90 code [0x000001753a392c20, 0x000001753a392cf8]
Event: 1473.515 Thread 0x0000017542ad5730 11054       1       java.lang.ProcessImpl::getErrorStream (5 bytes)
Event: 1473.515 Thread 0x0000017542ad5730 nmethod 11054 0x000001753a392790 code [0x000001753a392920, 0x000001753a3929f8]
Event: 1473.515 Thread 0x0000017542ad5730 11056       1       java.lang.ProcessImpl::getOutputStream (5 bytes)
Event: 1473.515 Thread 0x0000017542ad5730 nmethod 11056 0x000001753a392490 code [0x000001753a392620, 0x000001753a3926f8]

GC Heap History (20 events):
Event: 1535.056 GC heap before
{Heap before GC invocations=203 (full 133):
 garbage-first heap   total 270336K, used 79831K [0x00000000c0000000, 0x0000000100000000)
  region size 1024K, 1 young (1024K), 0 survivors (0K)
 Metaspace       used 75105K, committed 76032K, reserved 1114112K
  class space    used 10271K, committed 10624K, reserved 1048576K
}
Event: 1535.117 GC heap after
{Heap after GC invocations=204 (full 134):
 garbage-first heap   total 270336K, used 79831K [0x00000000c0000000, 0x0000000100000000)
  region size 1024K, 0 young (0K), 0 survivors (0K)
 Metaspace       used 75105K, committed 76032K, reserved 1114112K
  class space    used 10271K, committed 10624K, reserved 1048576K
}
Event: 1545.270 GC heap before
{Heap before GC invocations=204 (full 134):
 garbage-first heap   total 270336K, used 79831K [0x00000000c0000000, 0x0000000100000000)
  region size 1024K, 1 young (1024K), 0 survivors (0K)
 Metaspace       used 75105K, committed 76032K, reserved 1114112K
  class space    used 10271K, committed 10624K, reserved 1048576K
}
Event: 1545.335 GC heap after
{Heap after GC invocations=205 (full 135):
 garbage-first heap   total 270336K, used 79831K [0x00000000c0000000, 0x0000000100000000)
  region size 1024K, 0 young (0K), 0 survivors (0K)
 Metaspace       used 75105K, committed 76032K, reserved 1114112K
  class space    used 10271K, committed 10624K, reserved 1048576K
}
Event: 1555.507 GC heap before
{Heap before GC invocations=205 (full 135):
 garbage-first heap   total 270336K, used 79831K [0x00000000c0000000, 0x0000000100000000)
  region size 1024K, 1 young (1024K), 0 survivors (0K)
 Metaspace       used 75105K, committed 76032K, reserved 1114112K
  class space    used 10271K, committed 10624K, reserved 1048576K
}
Event: 1555.558 GC heap after
{Heap after GC invocations=206 (full 136):
 garbage-first heap   total 270336K, used 79831K [0x00000000c0000000, 0x0000000100000000)
  region size 1024K, 0 young (0K), 0 survivors (0K)
 Metaspace       used 75105K, committed 76032K, reserved 1114112K
  class space    used 10271K, committed 10624K, reserved 1048576K
}
Event: 1565.708 GC heap before
{Heap before GC invocations=206 (full 136):
 garbage-first heap   total 270336K, used 79831K [0x00000000c0000000, 0x0000000100000000)
  region size 1024K, 1 young (1024K), 0 survivors (0K)
 Metaspace       used 75105K, committed 76032K, reserved 1114112K
  class space    used 10271K, committed 10624K, reserved 1048576K
}
Event: 1565.753 GC heap after
{Heap after GC invocations=207 (full 137):
 garbage-first heap   total 270336K, used 79831K [0x00000000c0000000, 0x0000000100000000)
  region size 1024K, 0 young (0K), 0 survivors (0K)
 Metaspace       used 75105K, committed 76032K, reserved 1114112K
  class space    used 10271K, committed 10624K, reserved 1048576K
}
Event: 1575.940 GC heap before
{Heap before GC invocations=207 (full 137):
 garbage-first heap   total 270336K, used 79831K [0x00000000c0000000, 0x0000000100000000)
  region size 1024K, 1 young (1024K), 0 survivors (0K)
 Metaspace       used 75105K, committed 76032K, reserved 1114112K
  class space    used 10271K, committed 10624K, reserved 1048576K
}
Event: 1575.989 GC heap after
{Heap after GC invocations=208 (full 138):
 garbage-first heap   total 270336K, used 79831K [0x00000000c0000000, 0x0000000100000000)
  region size 1024K, 0 young (0K), 0 survivors (0K)
 Metaspace       used 75105K, committed 76032K, reserved 1114112K
  class space    used 10271K, committed 10624K, reserved 1048576K
}
Event: 1586.152 GC heap before
{Heap before GC invocations=208 (full 138):
 garbage-first heap   total 270336K, used 79831K [0x00000000c0000000, 0x0000000100000000)
  region size 1024K, 1 young (1024K), 0 survivors (0K)
 Metaspace       used 75105K, committed 76032K, reserved 1114112K
  class space    used 10271K, committed 10624K, reserved 1048576K
}
Event: 1586.194 GC heap after
{Heap after GC invocations=209 (full 139):
 garbage-first heap   total 270336K, used 79831K [0x00000000c0000000, 0x0000000100000000)
  region size 1024K, 0 young (0K), 0 survivors (0K)
 Metaspace       used 75105K, committed 76032K, reserved 1114112K
  class space    used 10271K, committed 10624K, reserved 1048576K
}
Event: 1596.344 GC heap before
{Heap before GC invocations=209 (full 139):
 garbage-first heap   total 270336K, used 79831K [0x00000000c0000000, 0x0000000100000000)
  region size 1024K, 1 young (1024K), 0 survivors (0K)
 Metaspace       used 75105K, committed 76032K, reserved 1114112K
  class space    used 10271K, committed 10624K, reserved 1048576K
}
Event: 1596.386 GC heap after
{Heap after GC invocations=210 (full 140):
 garbage-first heap   total 270336K, used 79831K [0x00000000c0000000, 0x0000000100000000)
  region size 1024K, 0 young (0K), 0 survivors (0K)
 Metaspace       used 75105K, committed 76032K, reserved 1114112K
  class space    used 10271K, committed 10624K, reserved 1048576K
}
Event: 1606.544 GC heap before
{Heap before GC invocations=210 (full 140):
 garbage-first heap   total 270336K, used 79831K [0x00000000c0000000, 0x0000000100000000)
  region size 1024K, 1 young (1024K), 0 survivors (0K)
 Metaspace       used 75105K, committed 76032K, reserved 1114112K
  class space    used 10271K, committed 10624K, reserved 1048576K
}
Event: 1606.586 GC heap after
{Heap after GC invocations=211 (full 141):
 garbage-first heap   total 270336K, used 79831K [0x00000000c0000000, 0x0000000100000000)
  region size 1024K, 0 young (0K), 0 survivors (0K)
 Metaspace       used 75105K, committed 76032K, reserved 1114112K
  class space    used 10271K, committed 10624K, reserved 1048576K
}
Event: 1616.754 GC heap before
{Heap before GC invocations=211 (full 141):
 garbage-first heap   total 270336K, used 79831K [0x00000000c0000000, 0x0000000100000000)
  region size 1024K, 1 young (1024K), 0 survivors (0K)
 Metaspace       used 75105K, committed 76032K, reserved 1114112K
  class space    used 10271K, committed 10624K, reserved 1048576K
}
Event: 1616.798 GC heap after
{Heap after GC invocations=212 (full 142):
 garbage-first heap   total 270336K, used 79831K [0x00000000c0000000, 0x0000000100000000)
  region size 1024K, 0 young (0K), 0 survivors (0K)
 Metaspace       used 75105K, committed 76032K, reserved 1114112K
  class space    used 10271K, committed 10624K, reserved 1048576K
}
Event: 1627.009 GC heap before
{Heap before GC invocations=212 (full 142):
 garbage-first heap   total 270336K, used 79831K [0x00000000c0000000, 0x0000000100000000)
  region size 1024K, 1 young (1024K), 0 survivors (0K)
 Metaspace       used 75105K, committed 76032K, reserved 1114112K
  class space    used 10271K, committed 10624K, reserved 1048576K
}
Event: 1627.062 GC heap after
{Heap after GC invocations=213 (full 143):
 garbage-first heap   total 270336K, used 79831K [0x00000000c0000000, 0x0000000100000000)
  region size 1024K, 0 young (0K), 0 survivors (0K)
 Metaspace       used 75105K, committed 76032K, reserved 1114112K
  class space    used 10271K, committed 10624K, reserved 1048576K
}

Dll operation events (10 events):
Event: 0.018 Loaded shared library c:\Users\ee\.vscode\extensions\redhat.java-1.21.0-win32-x64\jre\17.0.7-win32-x86_64\bin\java.dll
Event: 0.740 Loaded shared library C:\Users\ee\.vscode\extensions\redhat.java-1.21.0-win32-x64\jre\17.0.7-win32-x86_64\bin\net.dll
Event: 0.746 Loaded shared library C:\Users\ee\.vscode\extensions\redhat.java-1.21.0-win32-x64\jre\17.0.7-win32-x86_64\bin\nio.dll
Event: 0.769 Loaded shared library C:\Users\ee\.vscode\extensions\redhat.java-1.21.0-win32-x64\jre\17.0.7-win32-x86_64\bin\zip.dll
Event: 8.140 Loaded shared library C:\Users\ee\.vscode\extensions\redhat.java-1.21.0-win32-x64\jre\17.0.7-win32-x86_64\bin\jimage.dll
Event: 12.926 Loaded shared library C:\Users\ee\.vscode\extensions\redhat.java-1.21.0-win32-x64\jre\17.0.7-win32-x86_64\bin\management.dll
Event: 12.932 Loaded shared library C:\Users\ee\.vscode\extensions\redhat.java-1.21.0-win32-x64\jre\17.0.7-win32-x86_64\bin\management_ext.dll
Event: 14.139 Loaded shared library C:\Users\ee\.vscode\extensions\redhat.java-1.21.0-win32-x64\jre\17.0.7-win32-x86_64\bin\sunmscapi.dll
Event: 22.332 Loaded shared library c:\Users\ee\.vscode\extensions\redhat.java-1.21.0-win32-x64\jre\17.0.7-win32-x86_64\bin\verify.dll
Event: 26.170 Loaded shared library C:\Users\ee\AppData\Local\Temp\snappy-1.1.10-e47b568c-b6b3-42d5-992c-9fefce667c68-snappyjava.dll

Deoptimization events (20 events):
Event: 26.780 Thread 0x0000017548711410 DEOPT PACKING pc=0x000001753b15876c sp=0x00000044516fdda0
Event: 26.780 Thread 0x0000017548711410 DEOPT UNPACKING pc=0x0000017539e37143 sp=0x00000044516fd2f0 mode 0
Event: 26.784 Thread 0x0000017548711410 DEOPT PACKING pc=0x000001753b18287c sp=0x00000044516fd340
Event: 26.784 Thread 0x0000017548711410 DEOPT UNPACKING pc=0x0000017539e37143 sp=0x00000044516fc8d8 mode 0
Event: 26.785 Thread 0x0000017548711410 DEOPT PACKING pc=0x000001753b15876c sp=0x00000044516fe060
Event: 26.785 Thread 0x0000017548711410 DEOPT UNPACKING pc=0x0000017539e37143 sp=0x00000044516fd5b0 mode 0
Event: 26.785 Thread 0x0000017548711410 DEOPT PACKING pc=0x000001753b15876c sp=0x00000044516fe390
Event: 26.785 Thread 0x0000017548711410 DEOPT UNPACKING pc=0x0000017539e37143 sp=0x00000044516fd8e0 mode 0
Event: 26.785 Thread 0x0000017548711410 DEOPT PACKING pc=0x000001753b15876c sp=0x00000044516fe690
Event: 26.785 Thread 0x0000017548711410 DEOPT UNPACKING pc=0x0000017539e37143 sp=0x00000044516fdbe0 mode 0
Event: 65.127 Thread 0x00000175485fa610 DEOPT PACKING pc=0x000001753a580154 sp=0x0000004450afec70
Event: 65.127 Thread 0x00000175485fa610 DEOPT UNPACKING pc=0x0000017539e37143 sp=0x0000004450afe118 mode 0
Event: 65.252 Thread 0x00000175487100d0 DEOPT PACKING pc=0x000001753acf79d4 sp=0x0000004452afe4a0
Event: 65.252 Thread 0x00000175487100d0 DEOPT UNPACKING pc=0x0000017539e37143 sp=0x0000004452afd9d8 mode 0
Event: 65.450 Thread 0x00000175487100d0 DEOPT PACKING pc=0x000001753ad9026e sp=0x0000004452afda40
Event: 65.450 Thread 0x00000175487100d0 DEOPT UNPACKING pc=0x0000017539e37143 sp=0x0000004452afcf38 mode 3
Event: 65.733 Thread 0x00000175487105a0 DEOPT PACKING pc=0x000001753a19c24f sp=0x0000004452bfdd20
Event: 65.733 Thread 0x00000175487105a0 DEOPT UNPACKING pc=0x0000017539e37143 sp=0x0000004452bfd210 mode 3
Event: 143.445 Thread 0x00000175481a0ee0 DEOPT PACKING pc=0x000001753a3bbc36 sp=0x00000044510fc550
Event: 143.445 Thread 0x00000175481a0ee0 DEOPT UNPACKING pc=0x0000017539e37143 sp=0x00000044510fba48 mode 3

Classes unloaded (20 events):
Event: 265.692 Thread 0x0000017542a6a470 Unloading class 0x0000000100501000 'java/lang/invoke/LambdaForm$MH+0x0000000100501000'
Event: 265.692 Thread 0x0000017542a6a470 Unloading class 0x0000000100500c00 'java/lang/invoke/LambdaForm$MH+0x0000000100500c00'
Event: 265.692 Thread 0x0000017542a6a470 Unloading class 0x0000000100500800 'java/lang/invoke/LambdaForm$MH+0x0000000100500800'
Event: 265.692 Thread 0x0000017542a6a470 Unloading class 0x0000000100500400 'java/lang/invoke/LambdaForm$MH+0x0000000100500400'
Event: 265.692 Thread 0x0000017542a6a470 Unloading class 0x0000000100500000 'java/lang/invoke/LambdaForm$MH+0x0000000100500000'
Event: 265.692 Thread 0x0000017542a6a470 Unloading class 0x00000001003a8c00 'java/lang/invoke/LambdaForm$MH+0x00000001003a8c00'
Event: 265.692 Thread 0x0000017542a6a470 Unloading class 0x0000000100092000 'java/lang/invoke/LambdaForm$MH+0x0000000100092000'
Event: 265.692 Thread 0x0000017542a6a470 Unloading class 0x0000000100091c00 'java/lang/invoke/LambdaForm$MH+0x0000000100091c00'
Event: 265.692 Thread 0x0000017542a6a470 Unloading class 0x0000000100091800 'java/lang/invoke/LambdaForm$MH+0x0000000100091800'
Event: 265.692 Thread 0x0000017542a6a470 Unloading class 0x0000000100091400 'java/lang/invoke/LambdaForm$MH+0x0000000100091400'
Event: 265.692 Thread 0x0000017542a6a470 Unloading class 0x0000000100091000 'java/lang/invoke/LambdaForm$MH+0x0000000100091000'
Event: 265.692 Thread 0x0000017542a6a470 Unloading class 0x0000000100090c00 'java/lang/invoke/LambdaForm$MH+0x0000000100090c00'
Event: 265.692 Thread 0x0000017542a6a470 Unloading class 0x0000000100090800 'java/lang/invoke/LambdaForm$MH+0x0000000100090800'
Event: 265.692 Thread 0x0000017542a6a470 Unloading class 0x0000000100090400 'java/lang/invoke/LambdaForm$MH+0x0000000100090400'
Event: 265.692 Thread 0x0000017542a6a470 Unloading class 0x000000010008a400 'java/lang/invoke/LambdaForm$MH+0x000000010008a400'
Event: 265.692 Thread 0x0000017542a6a470 Unloading class 0x0000000100089c00 'java/lang/invoke/LambdaForm$MH+0x0000000100089c00'
Event: 265.692 Thread 0x0000017542a6a470 Unloading class 0x0000000100089400 'java/lang/invoke/LambdaForm$MH+0x0000000100089400'
Event: 265.692 Thread 0x0000017542a6a470 Unloading class 0x0000000100088c00 'java/lang/invoke/LambdaForm$MH+0x0000000100088c00'
Event: 265.692 Thread 0x0000017542a6a470 Unloading class 0x0000000100088400 'java/lang/invoke/LambdaForm$MH+0x0000000100088400'
Event: 337.474 Thread 0x0000017542a6a470 Unloading class 0x0000000100a54800 'jdk/internal/reflect/GeneratedConstructorAccessor59'

Classes redefined (0 events):
No events

Internal exceptions (20 events):
Event: 65.783 Thread 0x00000175481a0ee0 Exception <a 'sun/nio/fs/WindowsException'{0x00000000d0734c28}> (0x00000000d0734c28) 
thrown [s\src\hotspot\share\prims\jni.cpp, line 516]
Event: 65.783 Thread 0x00000175481a0ee0 Exception <a 'sun/nio/fs/WindowsException'{0x00000000d0734f40}> (0x00000000d0734f40) 
thrown [s\src\hotspot\share\prims\jni.cpp, line 516]
Event: 65.800 Thread 0x00000175481a0ee0 Exception <a 'sun/nio/fs/WindowsException'{0x00000000d0591580}> (0x00000000d0591580) 
thrown [s\src\hotspot\share\prims\jni.cpp, line 516]
Event: 65.800 Thread 0x00000175481a0ee0 Exception <a 'sun/nio/fs/WindowsException'{0x00000000d0591850}> (0x00000000d0591850) 
thrown [s\src\hotspot\share\prims\jni.cpp, line 516]
Event: 65.800 Thread 0x00000175481a0ee0 Exception <a 'sun/nio/fs/WindowsException'{0x00000000d0592c68}> (0x00000000d0592c68) 
thrown [s\src\hotspot\share\prims\jni.cpp, line 516]
Event: 65.800 Thread 0x00000175481a0ee0 Exception <a 'sun/nio/fs/WindowsException'{0x00000000d0592f58}> (0x00000000d0592f58) 
thrown [s\src\hotspot\share\prims\jni.cpp, line 516]
Event: 138.399 Thread 0x00000175481a0ee0 Exception <a 'java/lang/ClassCastException'{0x00000000d0075458}: class org.eclipse.jdt.internal.compiler.lookup.ParameterizedTypeBinding cannot be cast to class org.eclipse.jdt.internal.compiler.lookup.SourceTypeBinding (org.eclipse.jdt.internal.compiler.lookup.ParameterizedTypeBinding and org.eclipse.jdt.internal.compiler.lookup.SourceTypeBinding are in unnamed module of loader 'app')> (0x00000000d0075458) 
thrown [s\src\hotspot\share\interpreter\interpreterRuntime.cpp, line 444]
Event: 139.234 Thread 0x00000175481a0ee0 Exception <a 'sun/nio/fs/WindowsException'{0x00000000cff6ffe8}> (0x00000000cff6ffe8) 
thrown [s\src\hotspot\share\prims\jni.cpp, line 516]
Event: 139.236 Thread 0x00000175481a0ee0 Exception <a 'sun/nio/fs/WindowsException'{0x00000000cff71080}> (0x00000000cff71080) 
thrown [s\src\hotspot\share\prims\jni.cpp, line 516]
Event: 139.538 Thread 0x00000175481a0ee0 Exception <a 'sun/nio/fs/WindowsException'{0x00000000cef41d68}> (0x00000000cef41d68) 
thrown [s\src\hotspot\share\prims\jni.cpp, line 516]
Event: 139.538 Thread 0x00000175481a0ee0 Exception <a 'sun/nio/fs/WindowsException'{0x00000000cef42020}> (0x00000000cef42020) 
thrown [s\src\hotspot\share\prims\jni.cpp, line 516]
Event: 139.538 Thread 0x00000175481a0ee0 Exception <a 'sun/nio/fs/WindowsException'{0x00000000cef42ed0}> (0x00000000cef42ed0) 
thrown [s\src\hotspot\share\prims\jni.cpp, line 516]
Event: 139.538 Thread 0x00000175481a0ee0 Exception <a 'sun/nio/fs/WindowsException'{0x00000000cef431a0}> (0x00000000cef431a0) 
thrown [s\src\hotspot\share\prims\jni.cpp, line 516]
Event: 140.603 Thread 0x00000175481a0ee0 Exception <a 'sun/nio/fs/WindowsException'{0x00000000cc411400}> (0x00000000cc411400) 
thrown [s\src\hotspot\share\prims\jni.cpp, line 516]
Event: 140.606 Thread 0x00000175481a0ee0 Exception <a 'sun/nio/fs/WindowsException'{0x00000000cc412498}> (0x00000000cc412498) 
thrown [s\src\hotspot\share\prims\jni.cpp, line 516]
Event: 142.579 Thread 0x00000175481a0ee0 Exception <a 'sun/nio/fs/WindowsException'{0x00000000d31eac80}> (0x00000000d31eac80) 
thrown [s\src\hotspot\share\prims\jni.cpp, line 516]
Event: 142.580 Thread 0x00000175481a0ee0 Exception <a 'sun/nio/fs/WindowsException'{0x00000000d31ebd18}> (0x00000000d31ebd18) 
thrown [s\src\hotspot\share\prims\jni.cpp, line 516]
Event: 143.034 Thread 0x00000175481a0ee0 Exception <a 'sun/nio/fs/WindowsException'{0x00000000cf8fd200}> (0x00000000cf8fd200) 
thrown [s\src\hotspot\share\prims\jni.cpp, line 516]
Event: 143.037 Thread 0x00000175481a0ee0 Exception <a 'sun/nio/fs/WindowsException'{0x00000000cf8fe298}> (0x00000000cf8fe298) 
thrown [s\src\hotspot\share\prims\jni.cpp, line 516]
Event: 143.445 Thread 0x00000175481a0ee0 Implicit null exception at 0x000001753a3bb0e2 to 0x000001753a3bbc31

VM Operations (20 events):
Event: 1535.117 Executing VM operation: G1CollectFull done
Event: 1545.270 Executing VM operation: G1CollectFull
Event: 1545.335 Executing VM operation: G1CollectFull done
Event: 1555.507 Executing VM operation: G1CollectFull
Event: 1555.558 Executing VM operation: G1CollectFull done
Event: 1565.708 Executing VM operation: G1CollectFull
Event: 1565.754 Executing VM operation: G1CollectFull done
Event: 1575.940 Executing VM operation: G1CollectFull
Event: 1575.990 Executing VM operation: G1CollectFull done
Event: 1586.152 Executing VM operation: G1CollectFull
Event: 1586.194 Executing VM operation: G1CollectFull done
Event: 1596.344 Executing VM operation: G1CollectFull
Event: 1596.386 Executing VM operation: G1CollectFull done
Event: 1606.543 Executing VM operation: G1CollectFull
Event: 1606.587 Executing VM operation: G1CollectFull done
Event: 1616.754 Executing VM operation: G1CollectFull
Event: 1616.799 Executing VM operation: G1CollectFull done
Event: 1627.009 Executing VM operation: G1CollectFull
Event: 1627.063 Executing VM operation: G1CollectFull done
Event: 1637.252 Executing VM operation: G1CollectFull

Events (20 events):
Event: 138.412 Thread 0x0000017548ee6d00 Thread added: 0x0000017548ee6d00
Event: 138.412 Thread 0x00000175521303d0 Thread added: 0x00000175521303d0
Event: 139.163 Thread 0x00000175521303d0 Thread exited: 0x00000175521303d0
Event: 139.163 Thread 0x0000017548ee6d00 Thread exited: 0x0000017548ee6d00
Event: 139.195 Thread 0x0000017551b13c10 Thread added: 0x0000017551b13c10
Event: 139.218 Thread 0x0000017551b18910 Thread added: 0x0000017551b18910
Event: 139.672 Thread 0x0000017551b140e0 Thread added: 0x0000017551b140e0
Event: 140.575 Thread 0x0000017551b14a80 Thread added: 0x0000017551b14a80
Event: 141.091 Thread 0x0000017548f1f080 Thread added: 0x0000017548f1f080
Event: 142.557 Thread 0x0000017551b16c30 Thread added: 0x0000017551b16c30
Event: 143.004 Thread 0x0000017551b12400 Thread added: 0x0000017551b12400
Event: 148.523 Thread 0x0000017548f1f080 Thread exited: 0x0000017548f1f080
Event: 153.529 Thread 0x0000017548ee62e0 Thread exited: 0x0000017548ee62e0
Event: 199.694 Thread 0x0000017551b140e0 Thread exited: 0x0000017551b140e0
Event: 203.143 Thread 0x0000017551b18910 Thread exited: 0x0000017551b18910
Event: 203.455 Thread 0x0000017551b16760 Thread exited: 0x0000017551b16760
Event: 203.455 Thread 0x00000175481a0ee0 Thread exited: 0x00000175481a0ee0
Event: 263.457 Thread 0x00000175487105a0 Thread exited: 0x00000175487105a0
Event: 323.461 Thread 0x00000175487bcb70 Thread exited: 0x00000175487bcb70
Event: 383.470 Thread 0x00000175487bd510 Thread exited: 0x00000175487bd510


Dynamic libraries:
0x00007ff6a5640000 - 0x00007ff6a564e000 	c:\Users\ee\.vscode\extensions\redhat.java-1.21.0-win32-x64\jre\17.0.7-win32-x86_64\bin\java.exe
0x00007ffd13c30000 - 0x00007ffd13e28000 	C:\WINDOWS\SYSTEM32\ntdll.dll
0x00007ffd12820000 - 0x00007ffd128df000 	C:\WINDOWS\System32\KERNEL32.DLL
0x00007ffd11500000 - 0x00007ffd117f6000 	C:\WINDOWS\System32\KERNELBASE.dll
0x00007ffd11970000 - 0x00007ffd11a70000 	C:\WINDOWS\System32\ucrtbase.dll
0x00007ffd059f0000 - 0x00007ffd05a07000 	c:\Users\ee\.vscode\extensions\redhat.java-1.21.0-win32-x64\jre\17.0.7-win32-x86_64\bin\jli.dll
0x00007ffd11c90000 - 0x00007ffd11e2d000 	C:\WINDOWS\System32\USER32.dll
0x00007ffd113b0000 - 0x00007ffd113d2000 	C:\WINDOWS\System32\win32u.dll
0x00007ffd13850000 - 0x00007ffd1387c000 	C:\WINDOWS\System32\GDI32.dll
0x00007ffd113e0000 - 0x00007ffd114f5000 	C:\WINDOWS\System32\gdi32full.dll
0x00007ffd11310000 - 0x00007ffd113ad000 	C:\WINDOWS\System32\msvcp_win.dll
0x00007ffd05410000 - 0x00007ffd05429000 	c:\Users\ee\.vscode\extensions\redhat.java-1.21.0-win32-x64\jre\17.0.7-win32-x86_64\bin\VCRUNTIME140.dll
0x00007ffcff0e0000 - 0x00007ffcff37a000 	C:\WINDOWS\WinSxS\amd64_microsoft.windows.common-controls_6595b64144ccf1df_6.0.19041.1110_none_60b5254171f9507e\COMCTL32.dll
0x00007ffd11eb0000 - 0x00007ffd11f4e000 	C:\WINDOWS\System32\msvcrt.dll
0x00007ffd13670000 - 0x00007ffd136a0000 	C:\WINDOWS\System32\IMM32.DLL
0x00007ffd0d200000 - 0x00007ffd0d20c000 	c:\Users\ee\.vscode\extensions\redhat.java-1.21.0-win32-x64\jre\17.0.7-win32-x86_64\bin\vcruntime140_1.dll
0x00007ffd034d0000 - 0x00007ffd03561000 	c:\Users\ee\.vscode\extensions\redhat.java-1.21.0-win32-x64\jre\17.0.7-win32-x86_64\bin\msvcp140.dll
0x00007ffc899f0000 - 0x00007ffc8a638000 	c:\Users\ee\.vscode\extensions\redhat.java-1.21.0-win32-x64\jre\17.0.7-win32-x86_64\bin\server\jvm.dll
0x00007ffd120d0000 - 0x00007ffd1217f000 	C:\WINDOWS\System32\ADVAPI32.dll
0x00007ffd12030000 - 0x00007ffd120cc000 	C:\WINDOWS\System32\sechost.dll
0x00007ffd136a0000 - 0x00007ffd137c6000 	C:\WINDOWS\System32\RPCRT4.dll
0x00007ffd0cf90000 - 0x00007ffd0cf99000 	C:\WINDOWS\SYSTEM32\WSOCK32.dll
0x00007ffd125f0000 - 0x00007ffd1265b000 	C:\WINDOWS\System32\WS2_32.dll
0x00007ffd06540000 - 0x00007ffd06567000 	C:\WINDOWS\SYSTEM32\WINMM.dll
0x00007ffd08dc0000 - 0x00007ffd08dca000 	C:\WINDOWS\SYSTEM32\VERSION.dll
0x00007ffd0f1d0000 - 0x00007ffd0f1e2000 	C:\WINDOWS\SYSTEM32\kernel.appcore.dll
0x00007ffd0cdb0000 - 0x00007ffd0cdba000 	c:\Users\ee\.vscode\extensions\redhat.java-1.21.0-win32-x64\jre\17.0.7-win32-x86_64\bin\jimage.dll
0x00007ffd015d0000 - 0x00007ffd017b4000 	C:\WINDOWS\SYSTEM32\DBGHELP.DLL
0x00007ffd01560000 - 0x00007ffd01594000 	C:\WINDOWS\SYSTEM32\dbgcore.DLL
0x00007ffd11bd0000 - 0x00007ffd11c52000 	C:\WINDOWS\System32\bcryptPrimitives.dll
0x00007ffd03dc0000 - 0x00007ffd03de5000 	c:\Users\ee\.vscode\extensions\redhat.java-1.21.0-win32-x64\jre\17.0.7-win32-x86_64\bin\java.dll
0x00007ffd03da0000 - 0x00007ffd03db8000 	c:\Users\ee\.vscode\extensions\redhat.java-1.21.0-win32-x64\jre\17.0.7-win32-x86_64\bin\zip.dll
0x00007ffd12f20000 - 0x00007ffd13664000 	C:\WINDOWS\System32\SHELL32.dll
0x00007ffd0f3d0000 - 0x00007ffd0fb63000 	C:\WINDOWS\SYSTEM32\windows.storage.dll
0x00007ffd12960000 - 0x00007ffd12cb4000 	C:\WINDOWS\System32\combase.dll
0x00007ffd10d50000 - 0x00007ffd10d7e000 	C:\WINDOWS\SYSTEM32\Wldp.dll
0x00007ffd138e0000 - 0x00007ffd1398d000 	C:\WINDOWS\System32\SHCORE.dll
0x00007ffd11e50000 - 0x00007ffd11ea5000 	C:\WINDOWS\System32\shlwapi.dll
0x00007ffd11240000 - 0x00007ffd11265000 	C:\WINDOWS\SYSTEM32\profapi.dll
0x00007ffd03d80000 - 0x00007ffd03d99000 	C:\Users\ee\.vscode\extensions\redhat.java-1.21.0-win32-x64\jre\17.0.7-win32-x86_64\bin\net.dll
0x00007ffd091d0000 - 0x00007ffd092da000 	C:\WINDOWS\SYSTEM32\WINHTTP.dll
0x00007ffd10ab0000 - 0x00007ffd10b1a000 	C:\WINDOWS\system32\mswsock.dll
0x00007ffd03aa0000 - 0x00007ffd03ab5000 	C:\Users\ee\.vscode\extensions\redhat.java-1.21.0-win32-x64\jre\17.0.7-win32-x86_64\bin\nio.dll
0x00007ffd10ca0000 - 0x00007ffd10cb8000 	C:\WINDOWS\SYSTEM32\CRYPTSP.dll
0x00007ffd10350000 - 0x00007ffd10384000 	C:\WINDOWS\system32\rsaenh.dll
0x00007ffd11c60000 - 0x00007ffd11c87000 	C:\WINDOWS\System32\bcrypt.dll
0x00007ffd111c0000 - 0x00007ffd111ee000 	C:\WINDOWS\SYSTEM32\USERENV.dll
0x00007ffd10cc0000 - 0x00007ffd10ccc000 	C:\WINDOWS\SYSTEM32\CRYPTBASE.dll
0x00007ffd10750000 - 0x00007ffd1078b000 	C:\WINDOWS\SYSTEM32\IPHLPAPI.DLL
0x00007ffd13be0000 - 0x00007ffd13be8000 	C:\WINDOWS\System32\NSI.dll
0x00007ffd0a4d0000 - 0x00007ffd0a4e7000 	C:\WINDOWS\SYSTEM32\dhcpcsvc6.DLL
0x00007ffd0a7f0000 - 0x00007ffd0a80d000 	C:\WINDOWS\SYSTEM32\dhcpcsvc.DLL
0x00007ffd10790000 - 0x00007ffd1085a000 	C:\WINDOWS\SYSTEM32\DNSAPI.dll
0x00007ffd053e0000 - 0x00007ffd053e9000 	C:\Users\ee\.vscode\extensions\redhat.java-1.21.0-win32-x64\jre\17.0.7-win32-x86_64\bin\management.dll
0x00007ffd04e60000 - 0x00007ffd04e6b000 	C:\Users\ee\.vscode\extensions\redhat.java-1.21.0-win32-x64\jre\17.0.7-win32-x86_64\bin\management_ext.dll
0x00007ffd128f0000 - 0x00007ffd128f8000 	C:\WINDOWS\System32\PSAPI.DLL
0x00007ffd05ac0000 - 0x00007ffd05ace000 	C:\Users\ee\.vscode\extensions\redhat.java-1.21.0-win32-x64\jre\17.0.7-win32-x86_64\bin\sunmscapi.dll
0x00007ffd11a70000 - 0x00007ffd11bce000 	C:\WINDOWS\System32\CRYPT32.dll
0x00007ffd10dc0000 - 0x00007ffd10de8000 	C:\WINDOWS\SYSTEM32\ncrypt.dll
0x00007ffd10d80000 - 0x00007ffd10dbb000 	C:\WINDOWS\SYSTEM32\NTASN1.dll
0x00007ffd03020000 - 0x00007ffd0302a000 	C:\Windows\System32\rasadhlp.dll
0x00007ffd02f30000 - 0x00007ffd02fb2000 	C:\WINDOWS\System32\fwpuclnt.dll
0x00007ffd05c40000 - 0x00007ffd05c50000 	c:\Users\ee\.vscode\extensions\redhat.java-1.21.0-win32-x64\jre\17.0.7-win32-x86_64\bin\verify.dll
0x0000000070fc0000 - 0x000000007108d000 	C:\Users\ee\AppData\Local\Temp\snappy-1.1.10-e47b568c-b6b3-42d5-992c-9fefce667c68-snappyjava.dll

dbghelp: loaded successfully - version: 4.0.5 - missing functions: none
symbol engine: initialized successfully - sym options: 0x614 - pdb path: .;c:\Users\ee\.vscode\extensions\redhat.java-1.21.0-win32-x64\jre\17.0.7-win32-x86_64\bin;C:\WINDOWS\SYSTEM32;C:\WINDOWS\WinSxS\amd64_microsoft.windows.common-controls_6595b64144ccf1df_6.0.19041.1110_none_60b5254171f9507e;c:\Users\ee\.vscode\extensions\redhat.java-1.21.0-win32-x64\jre\17.0.7-win32-x86_64\bin\server;C:\Users\ee\AppData\Local\Temp

VM Arguments:
jvm_args: -XX:+HeapDumpOnOutOfMemoryError -Xmx1024m -Dsts.lsp.client=vscode -Dsts.log.file=/dev/null -XX:TieredStopAtLevel=1 -Xlog:jni+resolve=off -Dspring.config.location=file:c:\Users\ee\.vscode\extensions\vmware.vscode-spring-boot-1.48.0\language-server\BOOT-INF\classes\application.properties 
java_command: org.springframework.ide.vscode.boot.app.BootLanguageServerBootApp
java_class_path (initial): c:\Users\ee\.vscode\extensions\vmware.vscode-spring-boot-1.48.0\language-server\BOOT-INF\classes;c:\Users\ee\.vscode\extensions\vmware.vscode-spring-boot-1.48.0\language-server\BOOT-INF\lib\annotations-24.0.1.jar;c:\Users\ee\.vscode\extensions\vmware.vscode-spring-boot-1.48.0\language-server\BOOT-INF\lib\antlr-runtime-3.5.3.jar;c:\Users\ee\.vscode\extensions\vmware.vscode-spring-boot-1.48.0\language-server\BOOT-INF\lib\antlr4-4.11.1.jar;c:\Users\ee\.vscode\extensions\vmware.vscode-spring-boot-1.48.0\language-server\BOOT-INF\lib\antlr4-runtime-4.11.1.jar;c:\Users\ee\.vscode\extensions\vmware.vscode-spring-boot-1.48.0\language-server\BOOT-INF\lib\archunit-1.0.1.jar;c:\Users\ee\.vscode\extensions\vmware.vscode-spring-boot-1.48.0\language-server\BOOT-INF\lib\asm-9.5.jar;c:\Users\ee\.vscode\extensions\vmware.vscode-spring-boot-1.48.0\language-server\BOOT-INF\lib\asm-analysis-9.5.jar;c:\Users\ee\.vscode\extensions\vmware.vscode-spring-boot-1.48.0\language-server\BOOT-INF\lib\asm-tree-9.5.jar;c:\Users\ee\.vscode\extensions\vmware.vscode-spring-boot-1.48.0\language-server\BOOT-INF\lib\asm-util-9.5.jar;c:\Users\ee\.vscode\extensions\vmware.vscode-spring-boot-1.48.0\language-server\BOOT-INF\lib\bosh-language-server-1.48.0-SNAPSHOT.jar;c:\Users\ee\.vscode\extensions\vmware.vscode-spring-boot-1.48.0\language-server\BOOT-INF\lib\caffeine-3.1.6.jar;c:\Users\ee\.vscode\extensions\vmware.vscode-spring-boot-1.48.0\language-server\BOOT-INF\lib\checker-qual-3.12.0.jar;c:\Users\ee\.vscode\extensions\vmware.vscode-spring-boot-1.48.0\language-server\BOOT-INF\lib\classgraph-4.8.149.jar;c:\Users\ee\.vscode\extensions\vmware.vscode-spring-boot-1.48.0\language-server\BOOT-INF\lib\commons-codec-1.15.jar;c:\Users\ee\.vscode\extensions\vmware.vscode-spring-boot-1.48.0\language-server\BOOT-INF\lib\commons-compress-1.23.0.jar;c:\Users\ee\.vscode\extensions\vmware.vscode-spring-boot-1.48.0\language-server\BOOT-INF\lib\commons-io-2.4.jar;c:\Users\ee\.vscode\extensions\v
Launcher Type: SUN_STANDARD

[Global flags]
     intx CICompilerCount                          = 12                                        {product} {ergonomic}
     uint ConcGCThreads                            = 3                                         {product} {ergonomic}
     uint G1ConcRefinementThreads                  = 13                                        {product} {ergonomic}
   size_t G1HeapRegionSize                         = 1048576                                   {product} {ergonomic}
    uintx GCDrainStackTargetSize                   = 64                                        {product} {ergonomic}
     bool HeapDumpOnOutOfMemoryError               = true                                   {manageable} {command line}
   size_t InitialHeapSize                          = 402653184                                 {product} {ergonomic}
   size_t MarkStackSize                            = 4194304                                   {product} {ergonomic}
   size_t MaxHeapSize                              = 1073741824                                {product} {command line}
   size_t MaxNewSize                               = 643825664                                 {product} {ergonomic}
   size_t MinHeapDeltaBytes                        = 1048576                                   {product} {ergonomic}
   size_t MinHeapSize                              = 8388608                                   {product} {ergonomic}
    uintx NonProfiledCodeHeapSize                  = 0                                      {pd product} {ergonomic}
     bool ProfileInterpreter                       = false                                  {pd product} {command line}
    uintx ProfiledCodeHeapSize                     = 0                                      {pd product} {ergonomic}
   size_t SoftMaxHeapSize                          = 1073741824                             {manageable} {ergonomic}
     intx TieredStopAtLevel                        = 1                                         {product} {command line}
     bool UseCompressedClassPointers               = true                           {product lp64_product} {ergonomic}
     bool UseCompressedOops                        = true                           {product lp64_product} {ergonomic}
     bool UseG1GC                                  = true                                      {product} {ergonomic}
     bool UseLargePagesIndividualAllocation        = false                                  {pd product} {ergonomic}

Logging:
Log output configuration:
 #0: stdout all=warning,jni+resolve=off uptime,level,tags
 #1: stderr all=off uptime,level,tags

Environment Variables:
PATH=C:\Program Files\Common Files\Oracle\Java\javapath;C:\Informatica\9.6.1\clients\tools\datadirect;C:\Informatica\9.6.1\clients\tools\odbcdrv;C:\Informatica\9.6.1\clients\tools\jdbcdrv;C:\Informatica\9.6.1\java\jre\bin\server;C:\Informatica\9.6.1\tools\odbcdrv;C:\Informatica\9.6.1\tools\jdbcdrv;C:\Informatica\9.6.1\tools\datadirect;D:\\java\jre\bin\server;D:\\tools\odbcdrv;D:\\tools\jdbcdrv;D:\\tools\sharedlibs;D:\\tools\datadirect;C:\WINDOWS\system32;C:\WINDOWS;C:\WINDOWS\System32\Wbem;C:\WINDOWS\System32\WindowsPowerShell\v1.0\;C:\WINDOWS\System32\OpenSSH\;C:\Program Files (x86)\NVIDIA Corporation\PhysX\Common;C:\Program Files\NVIDIA Corporation\NVIDIA NvDLISR;C:\Program Files\Microsoft SQL Server\Client SDK\ODBC\170\Tools\Binn\;C:\Program Files\dotnet\;C:\Program Files\Microsoft SQL Server\130\Tools\Binn\;C:\Program Files (x86)\dotnet\;C:\WINDOWS\system32;C:\WINDOWS;C:\WINDOWS\System32\Wbem;C:\WINDOWS\System32\WindowsPowerShell\v1.0\;C:\WINDOWS\System32\OpenSSH\;C:\Program Files (x86)\Microsoft SQL Server\150\DTS\Binn\;C:\Program Files\Azure Data Studio\bin;C:\Program Files\Microsoft SQL Server\Client SDK\ODBC\130\Tools\Binn\;C:\Program Files (x86)\Microsoft SQL Server\130\Tools\Binn\;C:\Program Files\Microsoft SQL Server\130\DTS\Binn\;C:\Program Files\Microsoft SQL Server\Client SDK\ODBC\110\Tools\Binn\;C:\Program Files (x86)\Microsoft SQL Server\120\Tools\Binn\;C:\Program Files\Microsoft SQL Server\120\Tools\Binn\;C:\Program Files\Microsoft SQL Server\120\DTS\Binn\;C:\Program Files (x86)\Microsoft SQL Server\120\Tools\Binn\ManagementStudio\;C:\Program Files (x86)\Microsoft SQL Server\120\DTS\Binn\;C:\Windows\System32\Wbem;C:\Windows\System32\Wbem;C:\Program Files\nodejs\;C:\Program Files\Git\cmd;C:\Program Files\MySQL\MySQL Shell 8.0\bin\;C:\Users\ee\AppData\Local\Microsoft\WindowsApps;C:\AppServ\Apache24\bin;C:\AppServ\php7;C:\AppServ\MySQL\bin;C:\Users\ee\.dotnet\tools;C:\Program Files\Azure Data Studio\bin;C:\Microsoft VS Code\bin;"%JAVA_HOME%\bin;%JAVA_HOME
USERNAME=ee
OS=Windows_NT
PROCESSOR_IDENTIFIER=AMD64 Family 23 Model 8 Stepping 2, AuthenticAMD
TMP=C:\Users\ee\AppData\Local\Temp
TEMP=C:\Users\ee\AppData\Local\Temp



---------------  S Y S T E M  ---------------

OS:
 Windows 10 , 64 bit Build 19041 (10.0.19041.3155)
OS uptime: 13 days 10:15 hours

CPU: total 16 (initial active 16) (16 cores per cpu, 2 threads per core) family 23 model 8 stepping 2 microcode 0x0, cx8, cmov, fxsr, ht, mmx, 3dnowpref, sse, sse2, sse3, ssse3, sse4a, sse4.1, sse4.2, popcnt, lzcnt, tsc, tscinvbit, avx, avx2, aes, clmul, bmi1, bmi2, adx, sha, fma, vzeroupper, clflush, clflushopt

Memory: 4k page, system-wide physical 24527M (7298M free)
TotalPageFile size 26575M (AvailPageFile size 14M)
current process WorkingSet (physical memory assigned to process): 492M, peak: 1301M
current process commit charge ("private bytes"): 504M, peak: 1288M

vm_info: OpenJDK 64-Bit Server VM (17.0.7+7) for windows-amd64 JRE (17.0.7+7), built on Apr 18 2023 22:10:42 by "temurin" with MS VC++ 16.7 (VS2019)

END.
